<?xml version="1.0" encoding="UTF-8"?>
<coverage generated="1585523395137" clover="3.2.0">
  <project timestamp="1585523395137" name="All files">
    <metrics statements="237" coveredstatements="207" conditionals="94" coveredconditionals="64" methods="43" coveredmethods="42" elements="374" coveredelements="313" complexity="0" loc="237" ncloc="237" packages="1" files="20" classes="20"/>
    <file name="authenticate-user.js" path="C:\Users\Alex\bootcamp\collab\skylab-bootcamp-202001\staff\alex-park\poopinion\poopinion-logic\authenticate-user.js">
      <metrics statements="23" coveredstatements="19" conditionals="10" coveredconditionals="6" methods="2" coveredmethods="2"/>
      <line num="1" count="16" type="stmt"/>
      <line num="2" count="16" type="stmt"/>
      <line num="3" count="16" type="stmt"/>
      <line num="4" count="16" type="stmt"/>
      <line num="18" count="16" type="stmt"/>
      <line num="19" count="14" type="stmt"/>
      <line num="20" count="10" type="stmt"/>
      <line num="21" count="8" type="stmt"/>
      <line num="23" count="4" type="stmt"/>
      <line num="24" count="4" type="stmt"/>
      <line num="30" count="4" type="stmt"/>
      <line num="32" count="4" type="cond" truecount="2" falsecount="0"/>
      <line num="33" count="1" type="stmt"/>
      <line num="35" count="1" type="stmt"/>
      <line num="36" count="1" type="stmt"/>
      <line num="39" count="3" type="cond" truecount="3" falsecount="1"/>
      <line num="40" count="3" type="stmt"/>
      <line num="42" count="3" type="cond" truecount="1" falsecount="1"/>
      <line num="43" count="3" type="stmt"/>
      <line num="46" count="0" type="cond" truecount="0" falsecount="2"/>
      <line num="47" count="0" type="stmt"/>
      <line num="50" count="0" type="stmt"/>
      <line num="53" count="0" type="stmt"/>
    </file>
    <file name="context.js" path="C:\Users\Alex\bootcamp\collab\skylab-bootcamp-202001\staff\alex-park\poopinion\poopinion-logic\context.js">
      <metrics statements="1" coveredstatements="1" conditionals="0" coveredconditionals="0" methods="0" coveredmethods="0"/>
      <line num="1" count="16" type="stmt"/>
    </file>
    <file name="delete-comment.js" path="C:\Users\Alex\bootcamp\collab\skylab-bootcamp-202001\staff\alex-park\poopinion\poopinion-logic\delete-comment.js">
      <metrics statements="9" coveredstatements="9" conditionals="0" coveredconditionals="0" methods="2" coveredmethods="2"/>
      <line num="1" count="16" type="stmt"/>
      <line num="2" count="16" type="stmt"/>
      <line num="3" count="16" type="stmt"/>
      <line num="17" count="16" type="stmt"/>
      <line num="18" count="15" type="stmt"/>
      <line num="19" count="10" type="stmt"/>
      <line num="21" count="5" type="stmt"/>
      <line num="22" count="5" type="stmt"/>
      <line num="24" count="5" type="stmt"/>
    </file>
    <file name="delete-toilet.js" path="C:\Users\Alex\bootcamp\collab\skylab-bootcamp-202001\staff\alex-park\poopinion\poopinion-logic\delete-toilet.js">
      <metrics statements="9" coveredstatements="9" conditionals="0" coveredconditionals="0" methods="2" coveredmethods="2"/>
      <line num="1" count="16" type="stmt"/>
      <line num="2" count="16" type="stmt"/>
      <line num="3" count="16" type="stmt"/>
      <line num="16" count="16" type="stmt"/>
      <line num="17" count="9" type="stmt"/>
      <line num="19" count="4" type="stmt"/>
      <line num="20" count="4" type="stmt"/>
      <line num="22" count="4" type="stmt"/>
      <line num="23" count="3" type="stmt"/>
    </file>
    <file name="fetch.js" path="C:\Users\Alex\bootcamp\collab\skylab-bootcamp-202001\staff\alex-park\poopinion\poopinion-logic\fetch.js">
      <metrics statements="53" coveredstatements="47" conditionals="56" coveredconditionals="45" methods="8" coveredmethods="8"/>
      <line num="1" count="16" type="stmt"/>
      <line num="2" count="16" type="stmt"/>
      <line num="4" count="16" type="stmt"/>
      <line num="6" count="8" type="stmt"/>
      <line num="7" count="8" type="stmt"/>
      <line num="13" count="8" type="cond" truecount="2" falsecount="0"/>
      <line num="15" count="8" type="stmt"/>
      <line num="17" count="8" type="stmt"/>
      <line num="19" count="8" type="cond" truecount="2" falsecount="0"/>
      <line num="21" count="5" type="cond" truecount="3" falsecount="1"/>
      <line num="22" count="5" type="stmt"/>
      <line num="24" count="5" type="cond" truecount="2" falsecount="0"/>
      <line num="26" count="3" type="cond" truecount="1" falsecount="1"/>
      <line num="28" count="0" type="stmt"/>
      <line num="31" count="0" type="stmt"/>
      <line num="36" count="13" type="stmt"/>
      <line num="37" count="13" type="stmt"/>
      <line num="42" count="13" type="cond" truecount="2" falsecount="0"/>
      <line num="44" count="13" type="stmt"/>
      <line num="46" count="13" type="stmt"/>
      <line num="48" count="13" type="cond" truecount="2" falsecount="0"/>
      <line num="49" count="8" type="stmt"/>
      <line num="50" count="8" type="stmt"/>
      <line num="53" count="5" type="cond" truecount="3" falsecount="1"/>
      <line num="54" count="5" type="stmt"/>
      <line num="56" count="5" type="cond" truecount="2" falsecount="0"/>
      <line num="58" count="2" type="cond" truecount="1" falsecount="1"/>
      <line num="60" count="2" type="stmt"/>
      <line num="63" count="0" type="stmt"/>
      <line num="68" count="25" type="stmt"/>
      <line num="69" count="25" type="stmt"/>
      <line num="75" count="25" type="cond" truecount="1" falsecount="1"/>
      <line num="77" count="25" type="stmt"/>
      <line num="79" count="25" type="stmt"/>
      <line num="81" count="25" type="cond" truecount="2" falsecount="0"/>
      <line num="82" count="15" type="cond" truecount="3" falsecount="1"/>
      <line num="83" count="15" type="stmt"/>
      <line num="85" count="15" type="cond" truecount="2" falsecount="0"/>
      <line num="87" count="6" type="cond" truecount="1" falsecount="1"/>
      <line num="89" count="6" type="stmt"/>
      <line num="92" count="0" type="stmt"/>
      <line num="97" count="12" type="stmt"/>
      <line num="98" count="12" type="stmt"/>
      <line num="101" count="12" type="cond" truecount="2" falsecount="0"/>
      <line num="103" count="12" type="stmt"/>
      <line num="104" count="12" type="stmt"/>
      <line num="106" count="12" type="cond" truecount="2" falsecount="0"/>
      <line num="107" count="7" type="cond" truecount="3" falsecount="1"/>
      <line num="108" count="7" type="stmt"/>
      <line num="110" count="7" type="cond" truecount="2" falsecount="0"/>
      <line num="112" count="2" type="cond" truecount="1" falsecount="1"/>
      <line num="114" count="0" type="stmt"/>
      <line num="117" count="0" type="stmt"/>
    </file>
    <file name="index.js" path="C:\Users\Alex\bootcamp\collab\skylab-bootcamp-202001\staff\alex-park\poopinion\poopinion-logic\index.js">
      <metrics statements="3" coveredstatements="3" conditionals="0" coveredconditionals="0" methods="1" coveredmethods="1"/>
      <line num="1" count="16" type="stmt"/>
      <line num="3" count="16" type="stmt"/>
      <line num="4" count="60" type="stmt"/>
    </file>
    <file name="is-logged-in.js" path="C:\Users\Alex\bootcamp\collab\skylab-bootcamp-202001\staff\alex-park\poopinion\poopinion-logic\is-logged-in.js">
      <metrics statements="4" coveredstatements="2" conditionals="0" coveredconditionals="0" methods="1" coveredmethods="0"/>
      <line num="1" count="16" type="stmt"/>
      <line num="3" count="16" type="stmt"/>
      <line num="4" count="0" type="stmt"/>
      <line num="6" count="0" type="stmt"/>
    </file>
    <file name="publish-comment.js" path="C:\Users\Alex\bootcamp\collab\skylab-bootcamp-202001\staff\alex-park\poopinion\poopinion-logic\publish-comment.js">
      <metrics statements="9" coveredstatements="9" conditionals="0" coveredconditionals="0" methods="2" coveredmethods="2"/>
      <line num="1" count="16" type="stmt"/>
      <line num="2" count="16" type="stmt"/>
      <line num="3" count="16" type="stmt"/>
      <line num="17" count="16" type="stmt"/>
      <line num="18" count="14" type="stmt"/>
      <line num="19" count="9" type="stmt"/>
      <line num="21" count="5" type="stmt"/>
      <line num="22" count="5" type="stmt"/>
      <line num="24" count="5" type="stmt"/>
    </file>
    <file name="publish-toilet.js" path="C:\Users\Alex\bootcamp\collab\skylab-bootcamp-202001\staff\alex-park\poopinion\poopinion-logic\publish-toilet.js">
      <metrics statements="42" coveredstatements="24" conditionals="25" coveredconditionals="10" methods="3" coveredmethods="3"/>
      <line num="1" count="16" type="stmt"/>
      <line num="2" count="16" type="stmt"/>
      <line num="3" count="16" type="stmt"/>
      <line num="4" count="16" type="stmt"/>
      <line num="20" count="16" type="cond" truecount="1" falsecount="0"/>
      <line num="21" count="12" type="stmt"/>
      <line num="22" count="12" type="stmt"/>
      <line num="23" count="8" type="stmt"/>
      <line num="25" count="4" type="stmt"/>
      <line num="26" count="4" type="stmt"/>
      <line num="27" count="4" type="stmt"/>
      <line num="33" count="4" type="stmt"/>
      <line num="35" count="4" type="cond" truecount="2" falsecount="0"/>
      <line num="36" count="2" type="stmt"/>
      <line num="40" count="2" type="stmt"/>
      <line num="42" count="2" type="stmt"/>
      <line num="44" count="2" type="cond" truecount="1" falsecount="1"/>
      <line num="45" count="0" type="stmt"/>
      <line num="46" count="0" type="stmt"/>
      <line num="52" count="0" type="stmt"/>
      <line num="58" count="0" type="stmt"/>
      <line num="60" count="0" type="cond" truecount="0" falsecount="2"/>
      <line num="61" count="0" type="stmt"/>
      <line num="63" count="0" type="stmt"/>
      <line num="69" count="0" type="stmt"/>
      <line num="71" count="0" type="cond" truecount="0" falsecount="2"/>
      <line num="74" count="0" type="cond" truecount="0" falsecount="4"/>
      <line num="75" count="0" type="stmt"/>
      <line num="77" count="0" type="cond" truecount="0" falsecount="2"/>
      <line num="78" count="0" type="stmt"/>
      <line num="81" count="0" type="cond" truecount="0" falsecount="2"/>
      <line num="82" count="0" type="stmt"/>
      <line num="85" count="0" type="stmt"/>
      <line num="87" count="2" type="stmt"/>
      <line num="90" count="2" type="cond" truecount="3" falsecount="1"/>
      <line num="91" count="2" type="stmt"/>
      <line num="93" count="2" type="cond" truecount="2" falsecount="0"/>
      <line num="94" count="1" type="stmt"/>
      <line num="97" count="1" type="cond" truecount="1" falsecount="1"/>
      <line num="98" count="1" type="stmt"/>
      <line num="101" count="0" type="stmt"/>
      <line num="104" count="0" type="stmt"/>
    </file>
    <file name="register-user.js" path="C:\Users\Alex\bootcamp\collab\skylab-bootcamp-202001\staff\alex-park\poopinion\poopinion-logic\register-user.js">
      <metrics statements="12" coveredstatements="12" conditionals="0" coveredconditionals="0" methods="2" coveredmethods="2"/>
      <line num="1" count="16" type="stmt"/>
      <line num="2" count="16" type="stmt"/>
      <line num="3" count="16" type="stmt"/>
      <line num="20" count="16" type="stmt"/>
      <line num="21" count="29" type="stmt"/>
      <line num="22" count="25" type="stmt"/>
      <line num="23" count="21" type="stmt"/>
      <line num="24" count="17" type="stmt"/>
      <line num="25" count="15" type="stmt"/>
      <line num="26" count="11" type="stmt"/>
      <line num="27" count="7" type="stmt"/>
      <line num="29" count="3" type="stmt"/>
    </file>
    <file name="retrieve-fav-toilets.js" path="C:\Users\Alex\bootcamp\collab\skylab-bootcamp-202001\staff\alex-park\poopinion\poopinion-logic\retrieve-fav-toilets.js">
      <metrics statements="6" coveredstatements="6" conditionals="0" coveredconditionals="0" methods="2" coveredmethods="2"/>
      <line num="1" count="16" type="stmt"/>
      <line num="2" count="16" type="stmt"/>
      <line num="13" count="16" type="stmt"/>
      <line num="14" count="3" type="stmt"/>
      <line num="15" count="3" type="stmt"/>
      <line num="17" count="3" type="stmt"/>
    </file>
    <file name="retrieve-toilet.js" path="C:\Users\Alex\bootcamp\collab\skylab-bootcamp-202001\staff\alex-park\poopinion\poopinion-logic\retrieve-toilet.js">
      <metrics statements="6" coveredstatements="6" conditionals="0" coveredconditionals="0" methods="2" coveredmethods="2"/>
      <line num="1" count="16" type="stmt"/>
      <line num="2" count="16" type="stmt"/>
      <line num="3" count="16" type="stmt"/>
      <line num="15" count="16" type="stmt"/>
      <line num="16" count="7" type="stmt"/>
      <line num="18" count="2" type="stmt"/>
    </file>
    <file name="retrieve-top-toilets.js" path="C:\Users\Alex\bootcamp\collab\skylab-bootcamp-202001\staff\alex-park\poopinion\poopinion-logic\retrieve-top-toilets.js">
      <metrics statements="4" coveredstatements="4" conditionals="0" coveredconditionals="0" methods="2" coveredmethods="2"/>
      <line num="1" count="16" type="stmt"/>
      <line num="2" count="16" type="stmt"/>
      <line num="11" count="16" type="stmt"/>
      <line num="12" count="2" type="stmt"/>
    </file>
    <file name="retrieve-user.js" path="C:\Users\Alex\bootcamp\collab\skylab-bootcamp-202001\staff\alex-park\poopinion\poopinion-logic\retrieve-user.js">
      <metrics statements="6" coveredstatements="6" conditionals="0" coveredconditionals="0" methods="2" coveredmethods="2"/>
      <line num="1" count="16" type="stmt"/>
      <line num="2" count="16" type="stmt"/>
      <line num="13" count="16" type="stmt"/>
      <line num="14" count="3" type="stmt"/>
      <line num="15" count="3" type="stmt"/>
      <line num="17" count="3" type="stmt"/>
    </file>
    <file name="search-toilets.js" path="C:\Users\Alex\bootcamp\collab\skylab-bootcamp-202001\staff\alex-park\poopinion\poopinion-logic\search-toilets.js">
      <metrics statements="6" coveredstatements="6" conditionals="1" coveredconditionals="1" methods="2" coveredmethods="2"/>
      <line num="1" count="16" type="stmt"/>
      <line num="2" count="16" type="stmt"/>
      <line num="3" count="16" type="stmt"/>
      <line num="14" count="16" type="cond" truecount="1" falsecount="0"/>
      <line num="15" count="8" type="stmt"/>
      <line num="17" count="3" type="stmt"/>
    </file>
    <file name="toggle-fav-toilet.js" path="C:\Users\Alex\bootcamp\collab\skylab-bootcamp-202001\staff\alex-park\poopinion\poopinion-logic\toggle-fav-toilet.js">
      <metrics statements="8" coveredstatements="8" conditionals="0" coveredconditionals="0" methods="2" coveredmethods="2"/>
      <line num="1" count="16" type="stmt"/>
      <line num="2" count="16" type="stmt"/>
      <line num="3" count="16" type="stmt"/>
      <line num="16" count="16" type="stmt"/>
      <line num="17" count="10" type="stmt"/>
      <line num="19" count="5" type="stmt"/>
      <line num="20" count="5" type="stmt"/>
      <line num="22" count="5" type="stmt"/>
    </file>
    <file name="toggle-thumb-down.js" path="C:\Users\Alex\bootcamp\collab\skylab-bootcamp-202001\staff\alex-park\poopinion\poopinion-logic\toggle-thumb-down.js">
      <metrics statements="8" coveredstatements="8" conditionals="0" coveredconditionals="0" methods="2" coveredmethods="2"/>
      <line num="1" count="16" type="stmt"/>
      <line num="2" count="16" type="stmt"/>
      <line num="3" count="16" type="stmt"/>
      <line num="16" count="16" type="stmt"/>
      <line num="17" count="10" type="stmt"/>
      <line num="19" count="5" type="stmt"/>
      <line num="20" count="5" type="stmt"/>
      <line num="22" count="5" type="stmt"/>
    </file>
    <file name="toggle-thumb-up.js" path="C:\Users\Alex\bootcamp\collab\skylab-bootcamp-202001\staff\alex-park\poopinion\poopinion-logic\toggle-thumb-up.js">
      <metrics statements="8" coveredstatements="8" conditionals="0" coveredconditionals="0" methods="2" coveredmethods="2"/>
      <line num="1" count="16" type="stmt"/>
      <line num="2" count="16" type="stmt"/>
      <line num="3" count="16" type="stmt"/>
      <line num="16" count="16" type="stmt"/>
      <line num="17" count="10" type="stmt"/>
      <line num="19" count="5" type="stmt"/>
      <line num="20" count="5" type="stmt"/>
      <line num="22" count="5" type="stmt"/>
    </file>
    <file name="update-comment.js" path="C:\Users\Alex\bootcamp\collab\skylab-bootcamp-202001\staff\alex-park\poopinion\poopinion-logic\update-comment.js">
      <metrics statements="9" coveredstatements="9" conditionals="0" coveredconditionals="0" methods="2" coveredmethods="2"/>
      <line num="1" count="16" type="stmt"/>
      <line num="2" count="16" type="stmt"/>
      <line num="3" count="16" type="stmt"/>
      <line num="17" count="16" type="stmt"/>
      <line num="18" count="14" type="stmt"/>
      <line num="19" count="9" type="stmt"/>
      <line num="21" count="5" type="stmt"/>
      <line num="22" count="5" type="stmt"/>
      <line num="24" count="5" type="stmt"/>
    </file>
    <file name="update-user.js" path="C:\Users\Alex\bootcamp\collab\skylab-bootcamp-202001\staff\alex-park\poopinion\poopinion-logic\update-user.js">
      <metrics statements="11" coveredstatements="11" conditionals="2" coveredconditionals="2" methods="2" coveredmethods="2"/>
      <line num="1" count="16" type="stmt"/>
      <line num="2" count="16" type="stmt"/>
      <line num="3" count="16" type="stmt"/>
      <line num="16" count="16" type="stmt"/>
      <line num="17" count="9" type="stmt"/>
      <line num="18" count="5" type="stmt"/>
      <line num="19" count="5" type="stmt"/>
      <line num="20" count="5" type="cond" truecount="2" falsecount="0"/>
      <line num="22" count="5" type="stmt"/>
      <line num="23" count="5" type="stmt"/>
      <line num="25" count="5" type="stmt"/>
    </file>
  </project>
</coverage>
