{"C:\\Users\\Alex\\bootcamp\\collab\\skylab-bootcamp-202001\\staff\\alex-park\\poopinion\\poopinion-logic\\authenticate-user.js": {"path":"C:\\Users\\Alex\\bootcamp\\collab\\skylab-bootcamp-202001\\staff\\alex-park\\poopinion\\poopinion-logic\\authenticate-user.js","statementMap":{"0":{"start":{"line":1,"column":21},"end":{"line":1,"column":47}},"1":{"start":{"line":2,"column":43},"end":{"line":2,"column":70}},"2":{"start":{"line":3,"column":14},"end":{"line":3,"column":35}},"3":{"start":{"line":4,"column":16},"end":{"line":4,"column":36}},"4":{"start":{"line":18,"column":0},"end":{"line":55,"column":15}},"5":{"start":{"line":19,"column":4},"end":{"line":19,"column":43}},"6":{"start":{"line":20,"column":4},"end":{"line":20,"column":25}},"7":{"start":{"line":21,"column":4},"end":{"line":21,"column":49}},"8":{"start":{"line":23,"column":4},"end":{"line":54,"column":8}},"9":{"start":{"line":24,"column":25},"end":{"line":28,"column":10}},"10":{"start":{"line":30,"column":27},"end":{"line":30,"column":35}},"11":{"start":{"line":32,"column":8},"end":{"line":37,"column":9}},"12":{"start":{"line":33,"column":30},"end":{"line":33,"column":51}},"13":{"start":{"line":35,"column":12},"end":{"line":35,"column":54}},"14":{"start":{"line":36,"column":12},"end":{"line":36,"column":18}},"15":{"start":{"line":39,"column":8},"end":{"line":51,"column":9}},"16":{"start":{"line":40,"column":30},"end":{"line":40,"column":51}},"17":{"start":{"line":42,"column":12},"end":{"line":44,"column":13}},"18":{"start":{"line":43,"column":16},"end":{"line":43,"column":48}},"19":{"start":{"line":46,"column":12},"end":{"line":48,"column":13}},"20":{"start":{"line":47,"column":16},"end":{"line":47,"column":46}},"21":{"start":{"line":50,"column":12},"end":{"line":50,"column":34}},"22":{"start":{"line":53,"column":8},"end":{"line":53,"column":39}}},"fnMap":{"0":{"name":"(anonymous_0)","decl":{"start":{"line":18,"column":17},"end":{"line":18,"column":18}},"loc":{"start":{"line":18,"column":44},"end":{"line":55,"column":1}},"line":18},"1":{"name":"(anonymous_1)","decl":{"start":{"line":23,"column":12},"end":{"line":23,"column":13}},"loc":{"start":{"line":23,"column":24},"end":{"line":54,"column":5}},"line":23}},"branchMap":{"0":{"loc":{"start":{"line":32,"column":8},"end":{"line":37,"column":9}},"type":"if","locations":[{"start":{"line":32,"column":8},"end":{"line":37,"column":9}},{"start":{"line":32,"column":8},"end":{"line":37,"column":9}}],"line":32},"1":{"loc":{"start":{"line":39,"column":8},"end":{"line":51,"column":9}},"type":"if","locations":[{"start":{"line":39,"column":8},"end":{"line":51,"column":9}},{"start":{"line":39,"column":8},"end":{"line":51,"column":9}}],"line":39},"2":{"loc":{"start":{"line":39,"column":12},"end":{"line":39,"column":41}},"type":"binary-expr","locations":[{"start":{"line":39,"column":12},"end":{"line":39,"column":25}},{"start":{"line":39,"column":29},"end":{"line":39,"column":41}}],"line":39},"3":{"loc":{"start":{"line":42,"column":12},"end":{"line":44,"column":13}},"type":"if","locations":[{"start":{"line":42,"column":12},"end":{"line":44,"column":13}},{"start":{"line":42,"column":12},"end":{"line":44,"column":13}}],"line":42},"4":{"loc":{"start":{"line":46,"column":12},"end":{"line":48,"column":13}},"type":"if","locations":[{"start":{"line":46,"column":12},"end":{"line":48,"column":13}},{"start":{"line":46,"column":12},"end":{"line":48,"column":13}}],"line":46}},"s":{"0":16,"1":16,"2":16,"3":16,"4":16,"5":14,"6":10,"7":8,"8":4,"9":4,"10":4,"11":4,"12":1,"13":1,"14":1,"15":3,"16":3,"17":3,"18":3,"19":0,"20":0,"21":0,"22":0},"f":{"0":14,"1":4},"b":{"0":[1,3],"1":[3,0],"2":[3,3],"3":[3,0],"4":[0,0]},"_coverageSchema":"1a1c01bbd47fc00a2c39e90264f33305004495a9","hash":"8422769ab448490d4e393ed3f4f86458968a2f78"}
,"C:\\Users\\Alex\\bootcamp\\collab\\skylab-bootcamp-202001\\staff\\alex-park\\poopinion\\poopinion-logic\\context.js": {"path":"C:\\Users\\Alex\\bootcamp\\collab\\skylab-bootcamp-202001\\staff\\alex-park\\poopinion\\poopinion-logic\\context.js","statementMap":{"0":{"start":{"line":1,"column":0},"end":{"line":1,"column":19}}},"fnMap":{},"branchMap":{},"s":{"0":16},"f":{},"b":{},"_coverageSchema":"1a1c01bbd47fc00a2c39e90264f33305004495a9","hash":"40946ebd3cca7905a6104339f09ea4751011c8f6"}
,"C:\\Users\\Alex\\bootcamp\\collab\\skylab-bootcamp-202001\\staff\\alex-park\\poopinion\\poopinion-logic\\delete-comment.js": {"path":"C:\\Users\\Alex\\bootcamp\\collab\\skylab-bootcamp-202001\\staff\\alex-park\\poopinion\\poopinion-logic\\delete-comment.js","statementMap":{"0":{"start":{"line":1,"column":21},"end":{"line":1,"column":47}},"1":{"start":{"line":2,"column":14},"end":{"line":2,"column":32}},"2":{"start":{"line":3,"column":16},"end":{"line":3,"column":36}},"3":{"start":{"line":17,"column":0},"end":{"line":26,"column":15}},"4":{"start":{"line":18,"column":4},"end":{"line":18,"column":49}},"5":{"start":{"line":19,"column":4},"end":{"line":19,"column":51}},"6":{"start":{"line":21,"column":4},"end":{"line":25,"column":8}},"7":{"start":{"line":22,"column":22},"end":{"line":22,"column":57}},"8":{"start":{"line":24,"column":8},"end":{"line":24,"column":105}}},"fnMap":{"0":{"name":"(anonymous_0)","decl":{"start":{"line":17,"column":17},"end":{"line":17,"column":18}},"loc":{"start":{"line":17,"column":48},"end":{"line":26,"column":1}},"line":17},"1":{"name":"(anonymous_1)","decl":{"start":{"line":21,"column":12},"end":{"line":21,"column":13}},"loc":{"start":{"line":21,"column":23},"end":{"line":25,"column":5}},"line":21}},"branchMap":{},"s":{"0":16,"1":16,"2":16,"3":16,"4":15,"5":10,"6":5,"7":5,"8":5},"f":{"0":15,"1":5},"b":{},"_coverageSchema":"1a1c01bbd47fc00a2c39e90264f33305004495a9","hash":"8ab05ff1c18f082ec3380182edd55c8135560e4c"}
,"C:\\Users\\Alex\\bootcamp\\collab\\skylab-bootcamp-202001\\staff\\alex-park\\poopinion\\poopinion-logic\\delete-toilet.js": {"path":"C:\\Users\\Alex\\bootcamp\\collab\\skylab-bootcamp-202001\\staff\\alex-park\\poopinion\\poopinion-logic\\delete-toilet.js","statementMap":{"0":{"start":{"line":1,"column":21},"end":{"line":1,"column":47}},"1":{"start":{"line":2,"column":14},"end":{"line":2,"column":32}},"2":{"start":{"line":3,"column":16},"end":{"line":3,"column":36}},"3":{"start":{"line":16,"column":0},"end":{"line":25,"column":15}},"4":{"start":{"line":17,"column":4},"end":{"line":17,"column":49}},"5":{"start":{"line":19,"column":4},"end":{"line":24,"column":8}},"6":{"start":{"line":20,"column":22},"end":{"line":20,"column":57}},"7":{"start":{"line":22,"column":8},"end":{"line":22,"column":77}},"8":{"start":{"line":23,"column":8},"end":{"line":23,"column":84}}},"fnMap":{"0":{"name":"(anonymous_0)","decl":{"start":{"line":16,"column":17},"end":{"line":16,"column":18}},"loc":{"start":{"line":16,"column":37},"end":{"line":25,"column":1}},"line":16},"1":{"name":"(anonymous_1)","decl":{"start":{"line":19,"column":12},"end":{"line":19,"column":13}},"loc":{"start":{"line":19,"column":23},"end":{"line":24,"column":5}},"line":19}},"branchMap":{},"s":{"0":16,"1":16,"2":16,"3":16,"4":9,"5":4,"6":4,"7":4,"8":3},"f":{"0":9,"1":4},"b":{},"_coverageSchema":"1a1c01bbd47fc00a2c39e90264f33305004495a9","hash":"1b45896f0e8e24ff73da6f3352c1b1df8d58a723"}
,"C:\\Users\\Alex\\bootcamp\\collab\\skylab-bootcamp-202001\\staff\\alex-park\\poopinion\\poopinion-logic\\fetch.js": {"path":"C:\\Users\\Alex\\bootcamp\\collab\\skylab-bootcamp-202001\\staff\\alex-park\\poopinion\\poopinion-logic\\fetch.js","statementMap":{"0":{"start":{"line":1,"column":15},"end":{"line":1,"column":36}},"1":{"start":{"line":2,"column":43},"end":{"line":2,"column":70}},"2":{"start":{"line":4,"column":0},"end":{"line":120,"column":1}},"3":{"start":{"line":6,"column":8},"end":{"line":32,"column":12}},"4":{"start":{"line":7,"column":28},"end":{"line":11,"column":13}},"5":{"start":{"line":13,"column":12},"end":{"line":13,"column":115}},"6":{"start":{"line":13,"column":23},"end":{"line":13,"column":115}},"7":{"start":{"line":15,"column":29},"end":{"line":15,"column":55}},"8":{"start":{"line":17,"column":31},"end":{"line":17,"column":39}},"9":{"start":{"line":19,"column":12},"end":{"line":19,"column":38}},"10":{"start":{"line":19,"column":32},"end":{"line":19,"column":38}},"11":{"start":{"line":21,"column":12},"end":{"line":29,"column":13}},"12":{"start":{"line":22,"column":34},"end":{"line":22,"column":55}},"13":{"start":{"line":24,"column":16},"end":{"line":24,"column":66}},"14":{"start":{"line":24,"column":36},"end":{"line":24,"column":66}},"15":{"start":{"line":26,"column":16},"end":{"line":26,"column":68}},"16":{"start":{"line":26,"column":36},"end":{"line":26,"column":68}},"17":{"start":{"line":28,"column":16},"end":{"line":28,"column":38}},"18":{"start":{"line":31,"column":12},"end":{"line":31,"column":43}},"19":{"start":{"line":36,"column":8},"end":{"line":64,"column":12}},"20":{"start":{"line":37,"column":28},"end":{"line":40,"column":13}},"21":{"start":{"line":42,"column":12},"end":{"line":42,"column":115}},"22":{"start":{"line":42,"column":23},"end":{"line":42,"column":115}},"23":{"start":{"line":44,"column":29},"end":{"line":44,"column":55}},"24":{"start":{"line":46,"column":31},"end":{"line":46,"column":39}},"25":{"start":{"line":48,"column":12},"end":{"line":51,"column":13}},"26":{"start":{"line":49,"column":32},"end":{"line":49,"column":53}},"27":{"start":{"line":50,"column":16},"end":{"line":50,"column":30}},"28":{"start":{"line":53,"column":12},"end":{"line":61,"column":13}},"29":{"start":{"line":54,"column":34},"end":{"line":54,"column":55}},"30":{"start":{"line":56,"column":16},"end":{"line":56,"column":66}},"31":{"start":{"line":56,"column":36},"end":{"line":56,"column":66}},"32":{"start":{"line":58,"column":16},"end":{"line":58,"column":68}},"33":{"start":{"line":58,"column":36},"end":{"line":58,"column":68}},"34":{"start":{"line":60,"column":16},"end":{"line":60,"column":38}},"35":{"start":{"line":63,"column":12},"end":{"line":63,"column":43}},"36":{"start":{"line":68,"column":8},"end":{"line":93,"column":12}},"37":{"start":{"line":69,"column":28},"end":{"line":73,"column":13}},"38":{"start":{"line":75,"column":12},"end":{"line":75,"column":115}},"39":{"start":{"line":75,"column":23},"end":{"line":75,"column":115}},"40":{"start":{"line":77,"column":29},"end":{"line":77,"column":55}},"41":{"start":{"line":79,"column":31},"end":{"line":79,"column":39}},"42":{"start":{"line":81,"column":12},"end":{"line":81,"column":38}},"43":{"start":{"line":81,"column":32},"end":{"line":81,"column":38}},"44":{"start":{"line":82,"column":12},"end":{"line":90,"column":13}},"45":{"start":{"line":83,"column":34},"end":{"line":83,"column":55}},"46":{"start":{"line":85,"column":16},"end":{"line":85,"column":66}},"47":{"start":{"line":85,"column":36},"end":{"line":85,"column":66}},"48":{"start":{"line":87,"column":16},"end":{"line":87,"column":68}},"49":{"start":{"line":87,"column":36},"end":{"line":87,"column":68}},"50":{"start":{"line":89,"column":16},"end":{"line":89,"column":38}},"51":{"start":{"line":92,"column":12},"end":{"line":92,"column":43}},"52":{"start":{"line":97,"column":8},"end":{"line":118,"column":12}},"53":{"start":{"line":98,"column":28},"end":{"line":100,"column":13}},"54":{"start":{"line":101,"column":12},"end":{"line":101,"column":115}},"55":{"start":{"line":101,"column":23},"end":{"line":101,"column":115}},"56":{"start":{"line":103,"column":29},"end":{"line":103,"column":55}},"57":{"start":{"line":104,"column":31},"end":{"line":104,"column":39}},"58":{"start":{"line":106,"column":12},"end":{"line":106,"column":38}},"59":{"start":{"line":106,"column":32},"end":{"line":106,"column":38}},"60":{"start":{"line":107,"column":12},"end":{"line":115,"column":13}},"61":{"start":{"line":108,"column":34},"end":{"line":108,"column":55}},"62":{"start":{"line":110,"column":16},"end":{"line":110,"column":66}},"63":{"start":{"line":110,"column":36},"end":{"line":110,"column":66}},"64":{"start":{"line":112,"column":16},"end":{"line":112,"column":68}},"65":{"start":{"line":112,"column":36},"end":{"line":112,"column":68}},"66":{"start":{"line":114,"column":16},"end":{"line":114,"column":38}},"67":{"start":{"line":117,"column":12},"end":{"line":117,"column":43}}},"fnMap":{"0":{"name":"(anonymous_0)","decl":{"start":{"line":5,"column":10},"end":{"line":5,"column":11}},"loc":{"start":{"line":5,"column":50},"end":{"line":33,"column":5}},"line":5},"1":{"name":"(anonymous_1)","decl":{"start":{"line":6,"column":16},"end":{"line":6,"column":17}},"loc":{"start":{"line":6,"column":28},"end":{"line":32,"column":9}},"line":6},"2":{"name":"(anonymous_2)","decl":{"start":{"line":35,"column":9},"end":{"line":35,"column":10}},"loc":{"start":{"line":35,"column":43},"end":{"line":65,"column":5}},"line":35},"3":{"name":"(anonymous_3)","decl":{"start":{"line":36,"column":16},"end":{"line":36,"column":17}},"loc":{"start":{"line":36,"column":28},"end":{"line":64,"column":9}},"line":36},"4":{"name":"(anonymous_4)","decl":{"start":{"line":67,"column":11},"end":{"line":67,"column":12}},"loc":{"start":{"line":67,"column":57},"end":{"line":94,"column":5}},"line":67},"5":{"name":"(anonymous_5)","decl":{"start":{"line":68,"column":16},"end":{"line":68,"column":17}},"loc":{"start":{"line":68,"column":28},"end":{"line":93,"column":9}},"line":68},"6":{"name":"(anonymous_6)","decl":{"start":{"line":96,"column":12},"end":{"line":96,"column":13}},"loc":{"start":{"line":96,"column":46},"end":{"line":119,"column":5}},"line":96},"7":{"name":"(anonymous_7)","decl":{"start":{"line":97,"column":16},"end":{"line":97,"column":17}},"loc":{"start":{"line":97,"column":28},"end":{"line":118,"column":9}},"line":97}},"branchMap":{"0":{"loc":{"start":{"line":5,"column":31},"end":{"line":5,"column":48}},"type":"default-arg","locations":[{"start":{"line":5,"column":39},"end":{"line":5,"column":48}}],"line":5},"1":{"loc":{"start":{"line":10,"column":37},"end":{"line":10,"column":77}},"type":"cond-expr","locations":[{"start":{"line":10,"column":62},"end":{"line":10,"column":66}},{"start":{"line":10,"column":69},"end":{"line":10,"column":77}}],"line":10},"2":{"loc":{"start":{"line":13,"column":12},"end":{"line":13,"column":115}},"type":"if","locations":[{"start":{"line":13,"column":12},"end":{"line":13,"column":115}},{"start":{"line":13,"column":12},"end":{"line":13,"column":115}}],"line":13},"3":{"loc":{"start":{"line":19,"column":12},"end":{"line":19,"column":38}},"type":"if","locations":[{"start":{"line":19,"column":12},"end":{"line":19,"column":38}},{"start":{"line":19,"column":12},"end":{"line":19,"column":38}}],"line":19},"4":{"loc":{"start":{"line":21,"column":12},"end":{"line":29,"column":13}},"type":"if","locations":[{"start":{"line":21,"column":12},"end":{"line":29,"column":13}},{"start":{"line":21,"column":12},"end":{"line":29,"column":13}}],"line":21},"5":{"loc":{"start":{"line":21,"column":16},"end":{"line":21,"column":45}},"type":"binary-expr","locations":[{"start":{"line":21,"column":16},"end":{"line":21,"column":29}},{"start":{"line":21,"column":33},"end":{"line":21,"column":45}}],"line":21},"6":{"loc":{"start":{"line":24,"column":16},"end":{"line":24,"column":66}},"type":"if","locations":[{"start":{"line":24,"column":16},"end":{"line":24,"column":66}},{"start":{"line":24,"column":16},"end":{"line":24,"column":66}}],"line":24},"7":{"loc":{"start":{"line":26,"column":16},"end":{"line":26,"column":68}},"type":"if","locations":[{"start":{"line":26,"column":16},"end":{"line":26,"column":68}},{"start":{"line":26,"column":16},"end":{"line":26,"column":68}}],"line":26},"8":{"loc":{"start":{"line":35,"column":24},"end":{"line":35,"column":41}},"type":"default-arg","locations":[{"start":{"line":35,"column":32},"end":{"line":35,"column":41}}],"line":35},"9":{"loc":{"start":{"line":42,"column":12},"end":{"line":42,"column":115}},"type":"if","locations":[{"start":{"line":42,"column":12},"end":{"line":42,"column":115}},{"start":{"line":42,"column":12},"end":{"line":42,"column":115}}],"line":42},"10":{"loc":{"start":{"line":48,"column":12},"end":{"line":51,"column":13}},"type":"if","locations":[{"start":{"line":48,"column":12},"end":{"line":51,"column":13}},{"start":{"line":48,"column":12},"end":{"line":51,"column":13}}],"line":48},"11":{"loc":{"start":{"line":53,"column":12},"end":{"line":61,"column":13}},"type":"if","locations":[{"start":{"line":53,"column":12},"end":{"line":61,"column":13}},{"start":{"line":53,"column":12},"end":{"line":61,"column":13}}],"line":53},"12":{"loc":{"start":{"line":53,"column":16},"end":{"line":53,"column":45}},"type":"binary-expr","locations":[{"start":{"line":53,"column":16},"end":{"line":53,"column":29}},{"start":{"line":53,"column":33},"end":{"line":53,"column":45}}],"line":53},"13":{"loc":{"start":{"line":56,"column":16},"end":{"line":56,"column":66}},"type":"if","locations":[{"start":{"line":56,"column":16},"end":{"line":56,"column":66}},{"start":{"line":56,"column":16},"end":{"line":56,"column":66}}],"line":56},"14":{"loc":{"start":{"line":58,"column":16},"end":{"line":58,"column":68}},"type":"if","locations":[{"start":{"line":58,"column":16},"end":{"line":58,"column":68}},{"start":{"line":58,"column":16},"end":{"line":58,"column":68}}],"line":58},"15":{"loc":{"start":{"line":67,"column":38},"end":{"line":67,"column":55}},"type":"default-arg","locations":[{"start":{"line":67,"column":46},"end":{"line":67,"column":55}}],"line":67},"16":{"loc":{"start":{"line":72,"column":37},"end":{"line":72,"column":77}},"type":"cond-expr","locations":[{"start":{"line":72,"column":62},"end":{"line":72,"column":66}},{"start":{"line":72,"column":69},"end":{"line":72,"column":77}}],"line":72},"17":{"loc":{"start":{"line":75,"column":12},"end":{"line":75,"column":115}},"type":"if","locations":[{"start":{"line":75,"column":12},"end":{"line":75,"column":115}},{"start":{"line":75,"column":12},"end":{"line":75,"column":115}}],"line":75},"18":{"loc":{"start":{"line":81,"column":12},"end":{"line":81,"column":38}},"type":"if","locations":[{"start":{"line":81,"column":12},"end":{"line":81,"column":38}},{"start":{"line":81,"column":12},"end":{"line":81,"column":38}}],"line":81},"19":{"loc":{"start":{"line":82,"column":12},"end":{"line":90,"column":13}},"type":"if","locations":[{"start":{"line":82,"column":12},"end":{"line":90,"column":13}},{"start":{"line":82,"column":12},"end":{"line":90,"column":13}}],"line":82},"20":{"loc":{"start":{"line":82,"column":16},"end":{"line":82,"column":45}},"type":"binary-expr","locations":[{"start":{"line":82,"column":16},"end":{"line":82,"column":29}},{"start":{"line":82,"column":33},"end":{"line":82,"column":45}}],"line":82},"21":{"loc":{"start":{"line":85,"column":16},"end":{"line":85,"column":66}},"type":"if","locations":[{"start":{"line":85,"column":16},"end":{"line":85,"column":66}},{"start":{"line":85,"column":16},"end":{"line":85,"column":66}}],"line":85},"22":{"loc":{"start":{"line":87,"column":16},"end":{"line":87,"column":68}},"type":"if","locations":[{"start":{"line":87,"column":16},"end":{"line":87,"column":68}},{"start":{"line":87,"column":16},"end":{"line":87,"column":68}}],"line":87},"23":{"loc":{"start":{"line":96,"column":27},"end":{"line":96,"column":44}},"type":"default-arg","locations":[{"start":{"line":96,"column":35},"end":{"line":96,"column":44}}],"line":96},"24":{"loc":{"start":{"line":101,"column":12},"end":{"line":101,"column":115}},"type":"if","locations":[{"start":{"line":101,"column":12},"end":{"line":101,"column":115}},{"start":{"line":101,"column":12},"end":{"line":101,"column":115}}],"line":101},"25":{"loc":{"start":{"line":106,"column":12},"end":{"line":106,"column":38}},"type":"if","locations":[{"start":{"line":106,"column":12},"end":{"line":106,"column":38}},{"start":{"line":106,"column":12},"end":{"line":106,"column":38}}],"line":106},"26":{"loc":{"start":{"line":107,"column":12},"end":{"line":115,"column":13}},"type":"if","locations":[{"start":{"line":107,"column":12},"end":{"line":115,"column":13}},{"start":{"line":107,"column":12},"end":{"line":115,"column":13}}],"line":107},"27":{"loc":{"start":{"line":107,"column":16},"end":{"line":107,"column":45}},"type":"binary-expr","locations":[{"start":{"line":107,"column":16},"end":{"line":107,"column":29}},{"start":{"line":107,"column":33},"end":{"line":107,"column":45}}],"line":107},"28":{"loc":{"start":{"line":110,"column":16},"end":{"line":110,"column":66}},"type":"if","locations":[{"start":{"line":110,"column":16},"end":{"line":110,"column":66}},{"start":{"line":110,"column":16},"end":{"line":110,"column":66}}],"line":110},"29":{"loc":{"start":{"line":112,"column":16},"end":{"line":112,"column":68}},"type":"if","locations":[{"start":{"line":112,"column":16},"end":{"line":112,"column":68}},{"start":{"line":112,"column":16},"end":{"line":112,"column":68}}],"line":112}},"s":{"0":16,"1":16,"2":16,"3":8,"4":8,"5":8,"6":5,"7":8,"8":8,"9":8,"10":3,"11":5,"12":5,"13":5,"14":2,"15":3,"16":3,"17":0,"18":0,"19":13,"20":13,"21":13,"22":6,"23":13,"24":13,"25":13,"26":8,"27":8,"28":5,"29":5,"30":5,"31":3,"32":2,"33":0,"34":2,"35":0,"36":25,"37":25,"38":25,"39":25,"40":25,"41":25,"42":25,"43":10,"44":15,"45":15,"46":15,"47":9,"48":6,"49":0,"50":6,"51":0,"52":12,"53":12,"54":12,"55":8,"56":12,"57":12,"58":12,"59":5,"60":7,"61":7,"62":7,"63":5,"64":2,"65":2,"66":0,"67":0},"f":{"0":8,"1":8,"2":13,"3":13,"4":25,"5":25,"6":12,"7":12},"b":{"0":[3],"1":[8,0],"2":[5,3],"3":[3,5],"4":[5,0],"5":[5,5],"6":[2,3],"7":[3,0],"8":[7],"9":[6,7],"10":[8,5],"11":[5,0],"12":[5,5],"13":[3,2],"14":[0,2],"15":[0],"16":[10,15],"17":[25,0],"18":[10,15],"19":[15,0],"20":[15,15],"21":[9,6],"22":[0,6],"23":[4],"24":[8,4],"25":[5,7],"26":[7,0],"27":[7,7],"28":[5,2],"29":[2,0]},"_coverageSchema":"1a1c01bbd47fc00a2c39e90264f33305004495a9","hash":"bf1ad526ae5485efce427e7fc6264f551becf0a4"}
,"C:\\Users\\Alex\\bootcamp\\collab\\skylab-bootcamp-202001\\staff\\alex-park\\poopinion\\poopinion-logic\\index.js": {"path":"C:\\Users\\Alex\\bootcamp\\collab\\skylab-bootcamp-202001\\staff\\alex-park\\poopinion\\poopinion-logic\\index.js","statementMap":{"0":{"start":{"line":1,"column":16},"end":{"line":1,"column":36}},"1":{"start":{"line":3,"column":0},"end":{"line":23,"column":1}},"2":{"start":{"line":4,"column":24},"end":{"line":4,"column":38}}},"fnMap":{"0":{"name":"(anonymous_0)","decl":{"start":{"line":4,"column":4},"end":{"line":4,"column":5}},"loc":{"start":{"line":4,"column":22},"end":{"line":4,"column":40}},"line":4}},"branchMap":{},"s":{"0":16,"1":16,"2":60},"f":{"0":60},"b":{},"_coverageSchema":"1a1c01bbd47fc00a2c39e90264f33305004495a9","hash":"4171d732aa84be9b985a98d87e364b44360f4693"}
,"C:\\Users\\Alex\\bootcamp\\collab\\skylab-bootcamp-202001\\staff\\alex-park\\poopinion\\poopinion-logic\\is-logged-in.js": {"path":"C:\\Users\\Alex\\bootcamp\\collab\\skylab-bootcamp-202001\\staff\\alex-park\\poopinion\\poopinion-logic\\is-logged-in.js","statementMap":{"0":{"start":{"line":1,"column":16},"end":{"line":1,"column":36}},"1":{"start":{"line":3,"column":0},"end":{"line":7,"column":15}},"2":{"start":{"line":4,"column":18},"end":{"line":4,"column":53}},"3":{"start":{"line":6,"column":4},"end":{"line":6,"column":18}}},"fnMap":{"0":{"name":"(anonymous_0)","decl":{"start":{"line":3,"column":17},"end":{"line":3,"column":18}},"loc":{"start":{"line":3,"column":35},"end":{"line":7,"column":1}},"line":3}},"branchMap":{},"s":{"0":16,"1":16,"2":0,"3":0},"f":{"0":0},"b":{},"_coverageSchema":"1a1c01bbd47fc00a2c39e90264f33305004495a9","hash":"326516b0a48b9821df11b57b2ad62e400c24f04e"}
,"C:\\Users\\Alex\\bootcamp\\collab\\skylab-bootcamp-202001\\staff\\alex-park\\poopinion\\poopinion-logic\\publish-comment.js": {"path":"C:\\Users\\Alex\\bootcamp\\collab\\skylab-bootcamp-202001\\staff\\alex-park\\poopinion\\poopinion-logic\\publish-comment.js","statementMap":{"0":{"start":{"line":1,"column":21},"end":{"line":1,"column":47}},"1":{"start":{"line":2,"column":14},"end":{"line":2,"column":32}},"2":{"start":{"line":3,"column":16},"end":{"line":3,"column":36}},"3":{"start":{"line":17,"column":0},"end":{"line":26,"column":15}},"4":{"start":{"line":18,"column":4},"end":{"line":18,"column":49}},"5":{"start":{"line":19,"column":4},"end":{"line":19,"column":43}},"6":{"start":{"line":21,"column":4},"end":{"line":25,"column":8}},"7":{"start":{"line":22,"column":22},"end":{"line":22,"column":57}},"8":{"start":{"line":24,"column":8},"end":{"line":24,"column":91}}},"fnMap":{"0":{"name":"(anonymous_0)","decl":{"start":{"line":17,"column":17},"end":{"line":17,"column":18}},"loc":{"start":{"line":17,"column":45},"end":{"line":26,"column":1}},"line":17},"1":{"name":"(anonymous_1)","decl":{"start":{"line":21,"column":12},"end":{"line":21,"column":13}},"loc":{"start":{"line":21,"column":23},"end":{"line":25,"column":5}},"line":21}},"branchMap":{},"s":{"0":16,"1":16,"2":16,"3":16,"4":14,"5":9,"6":5,"7":5,"8":5},"f":{"0":14,"1":5},"b":{},"_coverageSchema":"1a1c01bbd47fc00a2c39e90264f33305004495a9","hash":"e404349af9aaf06f5d9d59739efcf58d5125f973"}
,"C:\\Users\\Alex\\bootcamp\\collab\\skylab-bootcamp-202001\\staff\\alex-park\\poopinion\\poopinion-logic\\publish-toilet.js": {"path":"C:\\Users\\Alex\\bootcamp\\collab\\skylab-bootcamp-202001\\staff\\alex-park\\poopinion\\poopinion-logic\\publish-toilet.js","statementMap":{"0":{"start":{"line":1,"column":21},"end":{"line":1,"column":47}},"1":{"start":{"line":2,"column":14},"end":{"line":2,"column":35}},"2":{"start":{"line":3,"column":43},"end":{"line":3,"column":70}},"3":{"start":{"line":4,"column":16},"end":{"line":4,"column":36}},"4":{"start":{"line":20,"column":0},"end":{"line":106,"column":15}},"5":{"start":{"line":21,"column":4},"end":{"line":21,"column":43}},"6":{"start":{"line":22,"column":4},"end":{"line":22,"column":60}},"7":{"start":{"line":23,"column":4},"end":{"line":23,"column":53}},"8":{"start":{"line":25,"column":4},"end":{"line":105,"column":8}},"9":{"start":{"line":26,"column":22},"end":{"line":26,"column":57}},"10":{"start":{"line":27,"column":25},"end":{"line":31,"column":10}},"11":{"start":{"line":33,"column":27},"end":{"line":33,"column":35}},"12":{"start":{"line":35,"column":8},"end":{"line":88,"column":9}},"13":{"start":{"line":36,"column":33},"end":{"line":38,"column":14}},"14":{"start":{"line":40,"column":25},"end":{"line":40,"column":50}},"15":{"start":{"line":42,"column":27},"end":{"line":42,"column":87}},"16":{"start":{"line":42,"column":64},"end":{"line":42,"column":86}},"17":{"start":{"line":44,"column":12},"end":{"line":87,"column":25}},"18":{"start":{"line":45,"column":27},"end":{"line":45,"column":41}},"19":{"start":{"line":46,"column":16},"end":{"line":50,"column":18}},"20":{"start":{"line":52,"column":38},"end":{"line":56,"column":18}},"21":{"start":{"line":58,"column":35},"end":{"line":58,"column":48}},"22":{"start":{"line":60,"column":16},"end":{"line":72,"column":17}},"23":{"start":{"line":61,"column":34},"end":{"line":61,"column":80}},"24":{"start":{"line":63,"column":40},"end":{"line":67,"column":22}},"25":{"start":{"line":69,"column":39},"end":{"line":69,"column":50}},"26":{"start":{"line":71,"column":20},"end":{"line":71,"column":46}},"27":{"start":{"line":71,"column":40},"end":{"line":71,"column":46}},"28":{"start":{"line":74,"column":16},"end":{"line":86,"column":17}},"29":{"start":{"line":75,"column":38},"end":{"line":75,"column":64}},"30":{"start":{"line":77,"column":20},"end":{"line":79,"column":21}},"31":{"start":{"line":78,"column":24},"end":{"line":78,"column":56}},"32":{"start":{"line":81,"column":20},"end":{"line":83,"column":21}},"33":{"start":{"line":82,"column":24},"end":{"line":82,"column":54}},"34":{"start":{"line":85,"column":20},"end":{"line":85,"column":42}},"35":{"start":{"line":87,"column":19},"end":{"line":87,"column":25}},"36":{"start":{"line":90,"column":8},"end":{"line":102,"column":9}},"37":{"start":{"line":91,"column":30},"end":{"line":91,"column":51}},"38":{"start":{"line":93,"column":12},"end":{"line":95,"column":13}},"39":{"start":{"line":94,"column":16},"end":{"line":94,"column":48}},"40":{"start":{"line":97,"column":12},"end":{"line":99,"column":13}},"41":{"start":{"line":98,"column":16},"end":{"line":98,"column":46}},"42":{"start":{"line":101,"column":12},"end":{"line":101,"column":34}},"43":{"start":{"line":104,"column":8},"end":{"line":104,"column":39}}},"fnMap":{"0":{"name":"(anonymous_0)","decl":{"start":{"line":20,"column":17},"end":{"line":20,"column":18}},"loc":{"start":{"line":20,"column":91},"end":{"line":106,"column":1}},"line":20},"1":{"name":"(anonymous_1)","decl":{"start":{"line":25,"column":12},"end":{"line":25,"column":13}},"loc":{"start":{"line":25,"column":24},"end":{"line":105,"column":5}},"line":25},"2":{"name":"(anonymous_2)","decl":{"start":{"line":42,"column":54},"end":{"line":42,"column":55}},"loc":{"start":{"line":42,"column":64},"end":{"line":42,"column":86}},"line":42}},"branchMap":{"0":{"loc":{"start":{"line":20,"column":27},"end":{"line":20,"column":53}},"type":"default-arg","locations":[{"start":{"line":20,"column":33},"end":{"line":20,"column":53}}],"line":20},"1":{"loc":{"start":{"line":35,"column":8},"end":{"line":88,"column":9}},"type":"if","locations":[{"start":{"line":35,"column":8},"end":{"line":88,"column":9}},{"start":{"line":35,"column":8},"end":{"line":88,"column":9}}],"line":35},"2":{"loc":{"start":{"line":44,"column":12},"end":{"line":87,"column":25}},"type":"if","locations":[{"start":{"line":44,"column":12},"end":{"line":87,"column":25}},{"start":{"line":44,"column":12},"end":{"line":87,"column":25}}],"line":44},"3":{"loc":{"start":{"line":60,"column":16},"end":{"line":72,"column":17}},"type":"if","locations":[{"start":{"line":60,"column":16},"end":{"line":72,"column":17}},{"start":{"line":60,"column":16},"end":{"line":72,"column":17}}],"line":60},"4":{"loc":{"start":{"line":71,"column":20},"end":{"line":71,"column":46}},"type":"if","locations":[{"start":{"line":71,"column":20},"end":{"line":71,"column":46}},{"start":{"line":71,"column":20},"end":{"line":71,"column":46}}],"line":71},"5":{"loc":{"start":{"line":74,"column":16},"end":{"line":86,"column":17}},"type":"if","locations":[{"start":{"line":74,"column":16},"end":{"line":86,"column":17}},{"start":{"line":74,"column":16},"end":{"line":86,"column":17}}],"line":74},"6":{"loc":{"start":{"line":74,"column":20},"end":{"line":74,"column":49}},"type":"binary-expr","locations":[{"start":{"line":74,"column":20},"end":{"line":74,"column":33}},{"start":{"line":74,"column":37},"end":{"line":74,"column":49}}],"line":74},"7":{"loc":{"start":{"line":77,"column":20},"end":{"line":79,"column":21}},"type":"if","locations":[{"start":{"line":77,"column":20},"end":{"line":79,"column":21}},{"start":{"line":77,"column":20},"end":{"line":79,"column":21}}],"line":77},"8":{"loc":{"start":{"line":81,"column":20},"end":{"line":83,"column":21}},"type":"if","locations":[{"start":{"line":81,"column":20},"end":{"line":83,"column":21}},{"start":{"line":81,"column":20},"end":{"line":83,"column":21}}],"line":81},"9":{"loc":{"start":{"line":90,"column":8},"end":{"line":102,"column":9}},"type":"if","locations":[{"start":{"line":90,"column":8},"end":{"line":102,"column":9}},{"start":{"line":90,"column":8},"end":{"line":102,"column":9}}],"line":90},"10":{"loc":{"start":{"line":90,"column":12},"end":{"line":90,"column":41}},"type":"binary-expr","locations":[{"start":{"line":90,"column":12},"end":{"line":90,"column":25}},{"start":{"line":90,"column":29},"end":{"line":90,"column":41}}],"line":90},"11":{"loc":{"start":{"line":93,"column":12},"end":{"line":95,"column":13}},"type":"if","locations":[{"start":{"line":93,"column":12},"end":{"line":95,"column":13}},{"start":{"line":93,"column":12},"end":{"line":95,"column":13}}],"line":93},"12":{"loc":{"start":{"line":97,"column":12},"end":{"line":99,"column":13}},"type":"if","locations":[{"start":{"line":97,"column":12},"end":{"line":99,"column":13}},{"start":{"line":97,"column":12},"end":{"line":99,"column":13}}],"line":97}},"s":{"0":16,"1":16,"2":16,"3":16,"4":16,"5":12,"6":12,"7":8,"8":4,"9":4,"10":4,"11":4,"12":4,"13":2,"14":2,"15":2,"16":2,"17":2,"18":0,"19":0,"20":0,"21":0,"22":0,"23":0,"24":0,"25":0,"26":0,"27":0,"28":0,"29":0,"30":0,"31":0,"32":0,"33":0,"34":0,"35":2,"36":2,"37":2,"38":2,"39":1,"40":1,"41":1,"42":0,"43":0},"f":{"0":12,"1":4,"2":2},"b":{"0":[1],"1":[2,2],"2":[0,2],"3":[0,0],"4":[0,0],"5":[0,0],"6":[0,0],"7":[0,0],"8":[0,0],"9":[2,0],"10":[2,2],"11":[1,1],"12":[1,0]},"_coverageSchema":"1a1c01bbd47fc00a2c39e90264f33305004495a9","hash":"b68eaeb8fcd7f48207c15efc757e6ad81c0f3bb3"}
,"C:\\Users\\Alex\\bootcamp\\collab\\skylab-bootcamp-202001\\staff\\alex-park\\poopinion\\poopinion-logic\\register-user.js": {"path":"C:\\Users\\Alex\\bootcamp\\collab\\skylab-bootcamp-202001\\staff\\alex-park\\poopinion\\poopinion-logic\\register-user.js","statementMap":{"0":{"start":{"line":1,"column":21},"end":{"line":1,"column":48}},"1":{"start":{"line":2,"column":14},"end":{"line":2,"column":32}},"2":{"start":{"line":3,"column":16},"end":{"line":3,"column":36}},"3":{"start":{"line":20,"column":0},"end":{"line":30,"column":15}},"4":{"start":{"line":21,"column":4},"end":{"line":21,"column":41}},"5":{"start":{"line":22,"column":4},"end":{"line":22,"column":47}},"6":{"start":{"line":23,"column":4},"end":{"line":23,"column":43}},"7":{"start":{"line":24,"column":4},"end":{"line":24,"column":25}},"8":{"start":{"line":25,"column":4},"end":{"line":25,"column":37}},"9":{"start":{"line":26,"column":4},"end":{"line":26,"column":37}},"10":{"start":{"line":27,"column":4},"end":{"line":27,"column":49}},"11":{"start":{"line":29,"column":4},"end":{"line":29,"column":114}},"12":{"start":{"line":29,"column":23},"end":{"line":29,"column":111}}},"fnMap":{"0":{"name":"(anonymous_0)","decl":{"start":{"line":20,"column":17},"end":{"line":20,"column":18}},"loc":{"start":{"line":20,"column":71},"end":{"line":30,"column":1}},"line":20},"1":{"name":"(anonymous_1)","decl":{"start":{"line":29,"column":12},"end":{"line":29,"column":13}},"loc":{"start":{"line":29,"column":23},"end":{"line":29,"column":111}},"line":29}},"branchMap":{},"s":{"0":16,"1":16,"2":16,"3":16,"4":29,"5":25,"6":21,"7":17,"8":15,"9":11,"10":7,"11":3,"12":3},"f":{"0":29,"1":3},"b":{},"_coverageSchema":"1a1c01bbd47fc00a2c39e90264f33305004495a9","hash":"69c35246ea95a0c1ade7ed0c6a9589936b46b5d3"}
,"C:\\Users\\Alex\\bootcamp\\collab\\skylab-bootcamp-202001\\staff\\alex-park\\poopinion\\poopinion-logic\\retrieve-fav-toilets.js": {"path":"C:\\Users\\Alex\\bootcamp\\collab\\skylab-bootcamp-202001\\staff\\alex-park\\poopinion\\poopinion-logic\\retrieve-fav-toilets.js","statementMap":{"0":{"start":{"line":1,"column":14},"end":{"line":1,"column":32}},"1":{"start":{"line":2,"column":16},"end":{"line":2,"column":36}},"2":{"start":{"line":13,"column":0},"end":{"line":19,"column":15}},"3":{"start":{"line":14,"column":4},"end":{"line":18,"column":8}},"4":{"start":{"line":15,"column":22},"end":{"line":15,"column":57}},"5":{"start":{"line":17,"column":8},"end":{"line":17,"column":72}}},"fnMap":{"0":{"name":"(anonymous_0)","decl":{"start":{"line":13,"column":17},"end":{"line":13,"column":18}},"loc":{"start":{"line":13,"column":29},"end":{"line":19,"column":1}},"line":13},"1":{"name":"(anonymous_1)","decl":{"start":{"line":14,"column":12},"end":{"line":14,"column":13}},"loc":{"start":{"line":14,"column":23},"end":{"line":18,"column":5}},"line":14}},"branchMap":{},"s":{"0":16,"1":16,"2":16,"3":3,"4":3,"5":3},"f":{"0":3,"1":3},"b":{},"_coverageSchema":"1a1c01bbd47fc00a2c39e90264f33305004495a9","hash":"25bd3332cb5d5516fb9cbbbeb82b32366a2980b6"}
,"C:\\Users\\Alex\\bootcamp\\collab\\skylab-bootcamp-202001\\staff\\alex-park\\poopinion\\poopinion-logic\\retrieve-toilet.js": {"path":"C:\\Users\\Alex\\bootcamp\\collab\\skylab-bootcamp-202001\\staff\\alex-park\\poopinion\\poopinion-logic\\retrieve-toilet.js","statementMap":{"0":{"start":{"line":1,"column":21},"end":{"line":1,"column":47}},"1":{"start":{"line":2,"column":14},"end":{"line":2,"column":32}},"2":{"start":{"line":3,"column":16},"end":{"line":3,"column":36}},"3":{"start":{"line":15,"column":0},"end":{"line":19,"column":15}},"4":{"start":{"line":16,"column":4},"end":{"line":16,"column":49}},"5":{"start":{"line":18,"column":4},"end":{"line":18,"column":80}},"6":{"start":{"line":18,"column":23},"end":{"line":18,"column":77}}},"fnMap":{"0":{"name":"(anonymous_0)","decl":{"start":{"line":15,"column":17},"end":{"line":15,"column":18}},"loc":{"start":{"line":15,"column":37},"end":{"line":19,"column":1}},"line":15},"1":{"name":"(anonymous_1)","decl":{"start":{"line":18,"column":12},"end":{"line":18,"column":13}},"loc":{"start":{"line":18,"column":23},"end":{"line":18,"column":77}},"line":18}},"branchMap":{},"s":{"0":16,"1":16,"2":16,"3":16,"4":7,"5":2,"6":2},"f":{"0":7,"1":2},"b":{},"_coverageSchema":"1a1c01bbd47fc00a2c39e90264f33305004495a9","hash":"c8b47f600a950c3e2abb6cc13e0b5da4666eeead"}
,"C:\\Users\\Alex\\bootcamp\\collab\\skylab-bootcamp-202001\\staff\\alex-park\\poopinion\\poopinion-logic\\retrieve-top-toilets.js": {"path":"C:\\Users\\Alex\\bootcamp\\collab\\skylab-bootcamp-202001\\staff\\alex-park\\poopinion\\poopinion-logic\\retrieve-top-toilets.js","statementMap":{"0":{"start":{"line":1,"column":14},"end":{"line":1,"column":32}},"1":{"start":{"line":2,"column":16},"end":{"line":2,"column":36}},"2":{"start":{"line":11,"column":0},"end":{"line":13,"column":15}},"3":{"start":{"line":12,"column":4},"end":{"line":12,"column":73}},"4":{"start":{"line":12,"column":24},"end":{"line":12,"column":70}}},"fnMap":{"0":{"name":"(anonymous_0)","decl":{"start":{"line":11,"column":17},"end":{"line":11,"column":18}},"loc":{"start":{"line":11,"column":29},"end":{"line":13,"column":1}},"line":11},"1":{"name":"(anonymous_1)","decl":{"start":{"line":12,"column":12},"end":{"line":12,"column":13}},"loc":{"start":{"line":12,"column":24},"end":{"line":12,"column":70}},"line":12}},"branchMap":{},"s":{"0":16,"1":16,"2":16,"3":2,"4":2},"f":{"0":2,"1":2},"b":{},"_coverageSchema":"1a1c01bbd47fc00a2c39e90264f33305004495a9","hash":"e2b665eca8f73a96fc6b5eab1c247dbf9ee3ee4e"}
,"C:\\Users\\Alex\\bootcamp\\collab\\skylab-bootcamp-202001\\staff\\alex-park\\poopinion\\poopinion-logic\\retrieve-user.js": {"path":"C:\\Users\\Alex\\bootcamp\\collab\\skylab-bootcamp-202001\\staff\\alex-park\\poopinion\\poopinion-logic\\retrieve-user.js","statementMap":{"0":{"start":{"line":1,"column":14},"end":{"line":1,"column":32}},"1":{"start":{"line":2,"column":16},"end":{"line":2,"column":36}},"2":{"start":{"line":13,"column":0},"end":{"line":19,"column":15}},"3":{"start":{"line":14,"column":4},"end":{"line":18,"column":8}},"4":{"start":{"line":15,"column":22},"end":{"line":15,"column":57}},"5":{"start":{"line":17,"column":8},"end":{"line":17,"column":62}}},"fnMap":{"0":{"name":"(anonymous_0)","decl":{"start":{"line":13,"column":17},"end":{"line":13,"column":18}},"loc":{"start":{"line":13,"column":29},"end":{"line":19,"column":1}},"line":13},"1":{"name":"(anonymous_1)","decl":{"start":{"line":14,"column":12},"end":{"line":14,"column":13}},"loc":{"start":{"line":14,"column":23},"end":{"line":18,"column":5}},"line":14}},"branchMap":{},"s":{"0":16,"1":16,"2":16,"3":3,"4":3,"5":3},"f":{"0":3,"1":3},"b":{},"_coverageSchema":"1a1c01bbd47fc00a2c39e90264f33305004495a9","hash":"9fcb95840224c8c4920a89dff3c7de1e8c8cfcdc"}
,"C:\\Users\\Alex\\bootcamp\\collab\\skylab-bootcamp-202001\\staff\\alex-park\\poopinion\\poopinion-logic\\search-toilets.js": {"path":"C:\\Users\\Alex\\bootcamp\\collab\\skylab-bootcamp-202001\\staff\\alex-park\\poopinion\\poopinion-logic\\search-toilets.js","statementMap":{"0":{"start":{"line":1,"column":21},"end":{"line":1,"column":47}},"1":{"start":{"line":2,"column":14},"end":{"line":2,"column":32}},"2":{"start":{"line":3,"column":16},"end":{"line":3,"column":36}},"3":{"start":{"line":14,"column":0},"end":{"line":18,"column":15}},"4":{"start":{"line":15,"column":4},"end":{"line":15,"column":43}},"5":{"start":{"line":17,"column":4},"end":{"line":17,"column":79}},"6":{"start":{"line":17,"column":23},"end":{"line":17,"column":76}}},"fnMap":{"0":{"name":"(anonymous_0)","decl":{"start":{"line":14,"column":17},"end":{"line":14,"column":18}},"loc":{"start":{"line":14,"column":37},"end":{"line":18,"column":1}},"line":14},"1":{"name":"(anonymous_1)","decl":{"start":{"line":17,"column":12},"end":{"line":17,"column":13}},"loc":{"start":{"line":17,"column":23},"end":{"line":17,"column":76}},"line":17}},"branchMap":{"0":{"loc":{"start":{"line":14,"column":27},"end":{"line":14,"column":35}},"type":"default-arg","locations":[{"start":{"line":14,"column":33},"end":{"line":14,"column":35}}],"line":14}},"s":{"0":16,"1":16,"2":16,"3":16,"4":8,"5":3,"6":3},"f":{"0":8,"1":3},"b":{"0":[1]},"_coverageSchema":"1a1c01bbd47fc00a2c39e90264f33305004495a9","hash":"71934eb3eae7e17b25a6b134f0d35250ddf83cce"}
,"C:\\Users\\Alex\\bootcamp\\collab\\skylab-bootcamp-202001\\staff\\alex-park\\poopinion\\poopinion-logic\\toggle-fav-toilet.js": {"path":"C:\\Users\\Alex\\bootcamp\\collab\\skylab-bootcamp-202001\\staff\\alex-park\\poopinion\\poopinion-logic\\toggle-fav-toilet.js","statementMap":{"0":{"start":{"line":1,"column":21},"end":{"line":1,"column":47}},"1":{"start":{"line":2,"column":14},"end":{"line":2,"column":32}},"2":{"start":{"line":3,"column":16},"end":{"line":3,"column":36}},"3":{"start":{"line":16,"column":0},"end":{"line":24,"column":15}},"4":{"start":{"line":17,"column":4},"end":{"line":17,"column":49}},"5":{"start":{"line":19,"column":4},"end":{"line":23,"column":8}},"6":{"start":{"line":20,"column":22},"end":{"line":20,"column":57}},"7":{"start":{"line":22,"column":8},"end":{"line":22,"column":103}}},"fnMap":{"0":{"name":"(anonymous_0)","decl":{"start":{"line":16,"column":17},"end":{"line":16,"column":18}},"loc":{"start":{"line":16,"column":37},"end":{"line":24,"column":1}},"line":16},"1":{"name":"(anonymous_1)","decl":{"start":{"line":19,"column":12},"end":{"line":19,"column":13}},"loc":{"start":{"line":19,"column":23},"end":{"line":23,"column":5}},"line":19}},"branchMap":{},"s":{"0":16,"1":16,"2":16,"3":16,"4":10,"5":5,"6":5,"7":5},"f":{"0":10,"1":5},"b":{},"_coverageSchema":"1a1c01bbd47fc00a2c39e90264f33305004495a9","hash":"eee5163ad1b0d334e282957fad3d926d3d49fe0e"}
,"C:\\Users\\Alex\\bootcamp\\collab\\skylab-bootcamp-202001\\staff\\alex-park\\poopinion\\poopinion-logic\\toggle-thumb-down.js": {"path":"C:\\Users\\Alex\\bootcamp\\collab\\skylab-bootcamp-202001\\staff\\alex-park\\poopinion\\poopinion-logic\\toggle-thumb-down.js","statementMap":{"0":{"start":{"line":1,"column":21},"end":{"line":1,"column":47}},"1":{"start":{"line":2,"column":14},"end":{"line":2,"column":32}},"2":{"start":{"line":3,"column":16},"end":{"line":3,"column":36}},"3":{"start":{"line":16,"column":0},"end":{"line":24,"column":15}},"4":{"start":{"line":17,"column":4},"end":{"line":17,"column":51}},"5":{"start":{"line":19,"column":4},"end":{"line":23,"column":8}},"6":{"start":{"line":20,"column":22},"end":{"line":20,"column":57}},"7":{"start":{"line":22,"column":8},"end":{"line":22,"column":107}}},"fnMap":{"0":{"name":"(anonymous_0)","decl":{"start":{"line":16,"column":17},"end":{"line":16,"column":18}},"loc":{"start":{"line":16,"column":38},"end":{"line":24,"column":1}},"line":16},"1":{"name":"(anonymous_1)","decl":{"start":{"line":19,"column":12},"end":{"line":19,"column":13}},"loc":{"start":{"line":19,"column":23},"end":{"line":23,"column":5}},"line":19}},"branchMap":{},"s":{"0":16,"1":16,"2":16,"3":16,"4":10,"5":5,"6":5,"7":5},"f":{"0":10,"1":5},"b":{},"_coverageSchema":"1a1c01bbd47fc00a2c39e90264f33305004495a9","hash":"91f8d236c80d444de91d82120b395b805e18726f"}
,"C:\\Users\\Alex\\bootcamp\\collab\\skylab-bootcamp-202001\\staff\\alex-park\\poopinion\\poopinion-logic\\toggle-thumb-up.js": {"path":"C:\\Users\\Alex\\bootcamp\\collab\\skylab-bootcamp-202001\\staff\\alex-park\\poopinion\\poopinion-logic\\toggle-thumb-up.js","statementMap":{"0":{"start":{"line":1,"column":21},"end":{"line":1,"column":47}},"1":{"start":{"line":2,"column":14},"end":{"line":2,"column":32}},"2":{"start":{"line":3,"column":16},"end":{"line":3,"column":36}},"3":{"start":{"line":16,"column":0},"end":{"line":24,"column":15}},"4":{"start":{"line":17,"column":4},"end":{"line":17,"column":51}},"5":{"start":{"line":19,"column":4},"end":{"line":23,"column":8}},"6":{"start":{"line":20,"column":22},"end":{"line":20,"column":57}},"7":{"start":{"line":22,"column":8},"end":{"line":22,"column":105}}},"fnMap":{"0":{"name":"(anonymous_0)","decl":{"start":{"line":16,"column":17},"end":{"line":16,"column":18}},"loc":{"start":{"line":16,"column":38},"end":{"line":24,"column":1}},"line":16},"1":{"name":"(anonymous_1)","decl":{"start":{"line":19,"column":12},"end":{"line":19,"column":13}},"loc":{"start":{"line":19,"column":23},"end":{"line":23,"column":5}},"line":19}},"branchMap":{},"s":{"0":16,"1":16,"2":16,"3":16,"4":10,"5":5,"6":5,"7":5},"f":{"0":10,"1":5},"b":{},"_coverageSchema":"1a1c01bbd47fc00a2c39e90264f33305004495a9","hash":"4594ca47ec3f495ab042faa826c44070e326b393"}
,"C:\\Users\\Alex\\bootcamp\\collab\\skylab-bootcamp-202001\\staff\\alex-park\\poopinion\\poopinion-logic\\update-comment.js": {"path":"C:\\Users\\Alex\\bootcamp\\collab\\skylab-bootcamp-202001\\staff\\alex-park\\poopinion\\poopinion-logic\\update-comment.js","statementMap":{"0":{"start":{"line":1,"column":21},"end":{"line":1,"column":47}},"1":{"start":{"line":2,"column":14},"end":{"line":2,"column":32}},"2":{"start":{"line":3,"column":16},"end":{"line":3,"column":36}},"3":{"start":{"line":17,"column":0},"end":{"line":26,"column":15}},"4":{"start":{"line":18,"column":4},"end":{"line":18,"column":51}},"5":{"start":{"line":19,"column":4},"end":{"line":19,"column":43}},"6":{"start":{"line":21,"column":4},"end":{"line":25,"column":8}},"7":{"start":{"line":22,"column":22},"end":{"line":22,"column":57}},"8":{"start":{"line":24,"column":8},"end":{"line":24,"column":93}}},"fnMap":{"0":{"name":"(anonymous_0)","decl":{"start":{"line":17,"column":17},"end":{"line":17,"column":18}},"loc":{"start":{"line":17,"column":46},"end":{"line":26,"column":1}},"line":17},"1":{"name":"(anonymous_1)","decl":{"start":{"line":21,"column":12},"end":{"line":21,"column":13}},"loc":{"start":{"line":21,"column":23},"end":{"line":25,"column":5}},"line":21}},"branchMap":{},"s":{"0":16,"1":16,"2":16,"3":16,"4":14,"5":9,"6":5,"7":5,"8":5},"f":{"0":14,"1":5},"b":{},"_coverageSchema":"1a1c01bbd47fc00a2c39e90264f33305004495a9","hash":"8f964e98fa9a1d9128ec14627e14dddaeeca5152"}
,"C:\\Users\\Alex\\bootcamp\\collab\\skylab-bootcamp-202001\\staff\\alex-park\\poopinion\\poopinion-logic\\update-user.js": {"path":"C:\\Users\\Alex\\bootcamp\\collab\\skylab-bootcamp-202001\\staff\\alex-park\\poopinion\\poopinion-logic\\update-user.js","statementMap":{"0":{"start":{"line":1,"column":21},"end":{"line":1,"column":47}},"1":{"start":{"line":2,"column":14},"end":{"line":2,"column":32}},"2":{"start":{"line":3,"column":16},"end":{"line":3,"column":36}},"3":{"start":{"line":16,"column":0},"end":{"line":27,"column":15}},"4":{"start":{"line":17,"column":4},"end":{"line":17,"column":39}},"5":{"start":{"line":18,"column":38},"end":{"line":18,"column":42}},"6":{"start":{"line":19,"column":4},"end":{"line":19,"column":49}},"7":{"start":{"line":20,"column":4},"end":{"line":20,"column":45}},"8":{"start":{"line":20,"column":22},"end":{"line":20,"column":45}},"9":{"start":{"line":22,"column":4},"end":{"line":26,"column":8}},"10":{"start":{"line":23,"column":22},"end":{"line":23,"column":57}},"11":{"start":{"line":25,"column":8},"end":{"line":25,"column":71}}},"fnMap":{"0":{"name":"(anonymous_0)","decl":{"start":{"line":16,"column":17},"end":{"line":16,"column":18}},"loc":{"start":{"line":16,"column":33},"end":{"line":27,"column":1}},"line":16},"1":{"name":"(anonymous_1)","decl":{"start":{"line":22,"column":12},"end":{"line":22,"column":13}},"loc":{"start":{"line":22,"column":23},"end":{"line":26,"column":5}},"line":22}},"branchMap":{"0":{"loc":{"start":{"line":20,"column":4},"end":{"line":20,"column":45}},"type":"if","locations":[{"start":{"line":20,"column":4},"end":{"line":20,"column":45}},{"start":{"line":20,"column":4},"end":{"line":20,"column":45}}],"line":20}},"s":{"0":16,"1":16,"2":16,"3":16,"4":9,"5":5,"6":5,"7":5,"8":4,"9":5,"10":5,"11":5},"f":{"0":9,"1":5},"b":{"0":[4,1]},"_coverageSchema":"1a1c01bbd47fc00a2c39e90264f33305004495a9","hash":"73028ec619ed3927ad6f8897d24c6b7bd9faedf9"}
}
