TN:
SF:authenticate-user.js
FN:18,(anonymous_0)
FN:23,(anonymous_1)
FNF:2
FNH:2
FNDA:14,(anonymous_0)
FNDA:4,(anonymous_1)
DA:1,16
DA:2,16
DA:3,16
DA:4,16
DA:18,16
DA:19,14
DA:20,10
DA:21,8
DA:23,4
DA:24,4
DA:30,4
DA:32,4
DA:33,1
DA:35,1
DA:36,1
DA:39,3
DA:40,3
DA:42,3
DA:43,3
DA:46,0
DA:47,0
DA:50,0
DA:53,0
LF:23
LH:19
BRDA:32,0,0,1
BRDA:32,0,1,3
BRDA:39,1,0,3
BRDA:39,1,1,0
BRDA:39,2,0,3
BRDA:39,2,1,3
BRDA:42,3,0,3
BRDA:42,3,1,0
BRDA:46,4,0,0
BRDA:46,4,1,0
BRF:10
BRH:6
end_of_record
TN:
SF:context.js
FNF:0
FNH:0
DA:1,16
LF:1
LH:1
BRF:0
BRH:0
end_of_record
TN:
SF:delete-comment.js
FN:17,(anonymous_0)
FN:21,(anonymous_1)
FNF:2
FNH:2
FNDA:15,(anonymous_0)
FNDA:5,(anonymous_1)
DA:1,16
DA:2,16
DA:3,16
DA:17,16
DA:18,15
DA:19,10
DA:21,5
DA:22,5
DA:24,5
LF:9
LH:9
BRF:0
BRH:0
end_of_record
TN:
SF:delete-toilet.js
FN:16,(anonymous_0)
FN:19,(anonymous_1)
FNF:2
FNH:2
FNDA:9,(anonymous_0)
FNDA:4,(anonymous_1)
DA:1,16
DA:2,16
DA:3,16
DA:16,16
DA:17,9
DA:19,4
DA:20,4
DA:22,4
DA:23,3
LF:9
LH:9
BRF:0
BRH:0
end_of_record
TN:
SF:fetch.js
FN:5,(anonymous_0)
FN:6,(anonymous_1)
FN:35,(anonymous_2)
FN:36,(anonymous_3)
FN:67,(anonymous_4)
FN:68,(anonymous_5)
FN:96,(anonymous_6)
FN:97,(anonymous_7)
FNF:8
FNH:8
FNDA:8,(anonymous_0)
FNDA:8,(anonymous_1)
FNDA:13,(anonymous_2)
FNDA:13,(anonymous_3)
FNDA:25,(anonymous_4)
FNDA:25,(anonymous_5)
FNDA:12,(anonymous_6)
FNDA:12,(anonymous_7)
DA:1,16
DA:2,16
DA:4,16
DA:6,8
DA:7,8
DA:13,8
DA:15,8
DA:17,8
DA:19,8
DA:21,5
DA:22,5
DA:24,5
DA:26,3
DA:28,0
DA:31,0
DA:36,13
DA:37,13
DA:42,13
DA:44,13
DA:46,13
DA:48,13
DA:49,8
DA:50,8
DA:53,5
DA:54,5
DA:56,5
DA:58,2
DA:60,2
DA:63,0
DA:68,25
DA:69,25
DA:75,25
DA:77,25
DA:79,25
DA:81,25
DA:82,15
DA:83,15
DA:85,15
DA:87,6
DA:89,6
DA:92,0
DA:97,12
DA:98,12
DA:101,12
DA:103,12
DA:104,12
DA:106,12
DA:107,7
DA:108,7
DA:110,7
DA:112,2
DA:114,0
DA:117,0
LF:53
LH:47
BRDA:5,0,0,3
BRDA:10,1,0,8
BRDA:10,1,1,0
BRDA:13,2,0,5
BRDA:13,2,1,3
BRDA:19,3,0,3
BRDA:19,3,1,5
BRDA:21,4,0,5
BRDA:21,4,1,0
BRDA:21,5,0,5
BRDA:21,5,1,5
BRDA:24,6,0,2
BRDA:24,6,1,3
BRDA:26,7,0,3
BRDA:26,7,1,0
BRDA:35,8,0,7
BRDA:42,9,0,6
BRDA:42,9,1,7
BRDA:48,10,0,8
BRDA:48,10,1,5
BRDA:53,11,0,5
BRDA:53,11,1,0
BRDA:53,12,0,5
BRDA:53,12,1,5
BRDA:56,13,0,3
BRDA:56,13,1,2
BRDA:58,14,0,0
BRDA:58,14,1,2
BRDA:67,15,0,0
BRDA:72,16,0,10
BRDA:72,16,1,15
BRDA:75,17,0,25
BRDA:75,17,1,0
BRDA:81,18,0,10
BRDA:81,18,1,15
BRDA:82,19,0,15
BRDA:82,19,1,0
BRDA:82,20,0,15
BRDA:82,20,1,15
BRDA:85,21,0,9
BRDA:85,21,1,6
BRDA:87,22,0,0
BRDA:87,22,1,6
BRDA:96,23,0,4
BRDA:101,24,0,8
BRDA:101,24,1,4
BRDA:106,25,0,5
BRDA:106,25,1,7
BRDA:107,26,0,7
BRDA:107,26,1,0
BRDA:107,27,0,7
BRDA:107,27,1,7
BRDA:110,28,0,5
BRDA:110,28,1,2
BRDA:112,29,0,2
BRDA:112,29,1,0
BRF:56
BRH:45
end_of_record
TN:
SF:index.js
FN:4,(anonymous_0)
FNF:1
FNH:1
FNDA:60,(anonymous_0)
DA:1,16
DA:3,16
DA:4,60
LF:3
LH:3
BRF:0
BRH:0
end_of_record
TN:
SF:is-logged-in.js
FN:3,(anonymous_0)
FNF:1
FNH:0
FNDA:0,(anonymous_0)
DA:1,16
DA:3,16
DA:4,0
DA:6,0
LF:4
LH:2
BRF:0
BRH:0
end_of_record
TN:
SF:publish-comment.js
FN:17,(anonymous_0)
FN:21,(anonymous_1)
FNF:2
FNH:2
FNDA:14,(anonymous_0)
FNDA:5,(anonymous_1)
DA:1,16
DA:2,16
DA:3,16
DA:17,16
DA:18,14
DA:19,9
DA:21,5
DA:22,5
DA:24,5
LF:9
LH:9
BRF:0
BRH:0
end_of_record
TN:
SF:publish-toilet.js
FN:20,(anonymous_0)
FN:25,(anonymous_1)
FN:42,(anonymous_2)
FNF:3
FNH:3
FNDA:12,(anonymous_0)
FNDA:4,(anonymous_1)
FNDA:2,(anonymous_2)
DA:1,16
DA:2,16
DA:3,16
DA:4,16
DA:20,16
DA:21,12
DA:22,12
DA:23,8
DA:25,4
DA:26,4
DA:27,4
DA:33,4
DA:35,4
DA:36,2
DA:40,2
DA:42,2
DA:44,2
DA:45,0
DA:46,0
DA:52,0
DA:58,0
DA:60,0
DA:61,0
DA:63,0
DA:69,0
DA:71,0
DA:74,0
DA:75,0
DA:77,0
DA:78,0
DA:81,0
DA:82,0
DA:85,0
DA:87,2
DA:90,2
DA:91,2
DA:93,2
DA:94,1
DA:97,1
DA:98,1
DA:101,0
DA:104,0
LF:42
LH:24
BRDA:20,0,0,1
BRDA:35,1,0,2
BRDA:35,1,1,2
BRDA:44,2,0,0
BRDA:44,2,1,2
BRDA:60,3,0,0
BRDA:60,3,1,0
BRDA:71,4,0,0
BRDA:71,4,1,0
BRDA:74,5,0,0
BRDA:74,5,1,0
BRDA:74,6,0,0
BRDA:74,6,1,0
BRDA:77,7,0,0
BRDA:77,7,1,0
BRDA:81,8,0,0
BRDA:81,8,1,0
BRDA:90,9,0,2
BRDA:90,9,1,0
BRDA:90,10,0,2
BRDA:90,10,1,2
BRDA:93,11,0,1
BRDA:93,11,1,1
BRDA:97,12,0,1
BRDA:97,12,1,0
BRF:25
BRH:10
end_of_record
TN:
SF:register-user.js
FN:20,(anonymous_0)
FN:29,(anonymous_1)
FNF:2
FNH:2
FNDA:29,(anonymous_0)
FNDA:3,(anonymous_1)
DA:1,16
DA:2,16
DA:3,16
DA:20,16
DA:21,29
DA:22,25
DA:23,21
DA:24,17
DA:25,15
DA:26,11
DA:27,7
DA:29,3
LF:12
LH:12
BRF:0
BRH:0
end_of_record
TN:
SF:retrieve-fav-toilets.js
FN:13,(anonymous_0)
FN:14,(anonymous_1)
FNF:2
FNH:2
FNDA:3,(anonymous_0)
FNDA:3,(anonymous_1)
DA:1,16
DA:2,16
DA:13,16
DA:14,3
DA:15,3
DA:17,3
LF:6
LH:6
BRF:0
BRH:0
end_of_record
TN:
SF:retrieve-toilet.js
FN:15,(anonymous_0)
FN:18,(anonymous_1)
FNF:2
FNH:2
FNDA:7,(anonymous_0)
FNDA:2,(anonymous_1)
DA:1,16
DA:2,16
DA:3,16
DA:15,16
DA:16,7
DA:18,2
LF:6
LH:6
BRF:0
BRH:0
end_of_record
TN:
SF:retrieve-top-toilets.js
FN:11,(anonymous_0)
FN:12,(anonymous_1)
FNF:2
FNH:2
FNDA:2,(anonymous_0)
FNDA:2,(anonymous_1)
DA:1,16
DA:2,16
DA:11,16
DA:12,2
LF:4
LH:4
BRF:0
BRH:0
end_of_record
TN:
SF:retrieve-user.js
FN:13,(anonymous_0)
FN:14,(anonymous_1)
FNF:2
FNH:2
FNDA:3,(anonymous_0)
FNDA:3,(anonymous_1)
DA:1,16
DA:2,16
DA:13,16
DA:14,3
DA:15,3
DA:17,3
LF:6
LH:6
BRF:0
BRH:0
end_of_record
TN:
SF:search-toilets.js
FN:14,(anonymous_0)
FN:17,(anonymous_1)
FNF:2
FNH:2
FNDA:8,(anonymous_0)
FNDA:3,(anonymous_1)
DA:1,16
DA:2,16
DA:3,16
DA:14,16
DA:15,8
DA:17,3
LF:6
LH:6
BRDA:14,0,0,1
BRF:1
BRH:1
end_of_record
TN:
SF:toggle-fav-toilet.js
FN:16,(anonymous_0)
FN:19,(anonymous_1)
FNF:2
FNH:2
FNDA:10,(anonymous_0)
FNDA:5,(anonymous_1)
DA:1,16
DA:2,16
DA:3,16
DA:16,16
DA:17,10
DA:19,5
DA:20,5
DA:22,5
LF:8
LH:8
BRF:0
BRH:0
end_of_record
TN:
SF:toggle-thumb-down.js
FN:16,(anonymous_0)
FN:19,(anonymous_1)
FNF:2
FNH:2
FNDA:10,(anonymous_0)
FNDA:5,(anonymous_1)
DA:1,16
DA:2,16
DA:3,16
DA:16,16
DA:17,10
DA:19,5
DA:20,5
DA:22,5
LF:8
LH:8
BRF:0
BRH:0
end_of_record
TN:
SF:toggle-thumb-up.js
FN:16,(anonymous_0)
FN:19,(anonymous_1)
FNF:2
FNH:2
FNDA:10,(anonymous_0)
FNDA:5,(anonymous_1)
DA:1,16
DA:2,16
DA:3,16
DA:16,16
DA:17,10
DA:19,5
DA:20,5
DA:22,5
LF:8
LH:8
BRF:0
BRH:0
end_of_record
TN:
SF:update-comment.js
FN:17,(anonymous_0)
FN:21,(anonymous_1)
FNF:2
FNH:2
FNDA:14,(anonymous_0)
FNDA:5,(anonymous_1)
DA:1,16
DA:2,16
DA:3,16
DA:17,16
DA:18,14
DA:19,9
DA:21,5
DA:22,5
DA:24,5
LF:9
LH:9
BRF:0
BRH:0
end_of_record
TN:
SF:update-user.js
FN:16,(anonymous_0)
FN:22,(anonymous_1)
FNF:2
FNH:2
FNDA:9,(anonymous_0)
FNDA:5,(anonymous_1)
DA:1,16
DA:2,16
DA:3,16
DA:16,16
DA:17,9
DA:18,5
DA:19,5
DA:20,5
DA:22,5
DA:23,5
DA:25,5
LF:11
LH:11
BRDA:20,0,0,4
BRDA:20,0,1,1
BRF:2
BRH:2
end_of_record
