{"C:\\Users\\Alex\\bootcamp\\collab\\skylab-bootcamp-202001\\staff\\alex-park\\poopinion\\poopinion-api\\logic\\authenticate-user.spec.js":{"path":"C:\\Users\\Alex\\bootcamp\\collab\\skylab-bootcamp-202001\\staff\\alex-park\\poopinion\\poopinion-api\\logic\\authenticate-user.spec.js","statementMap":{"0":{"start":{"line":1,"column":0},"end":{"line":1,"column":26}},"1":{"start":{"line":3,"column":38},"end":{"line":3,"column":45}},"2":{"start":{"line":4,"column":56},"end":{"line":4,"column":81}},"3":{"start":{"line":5,"column":19},"end":{"line":5,"column":34}},"4":{"start":{"line":6,"column":26},"end":{"line":6,"column":30}},"5":{"start":{"line":7,"column":25},"end":{"line":7,"column":55}},"6":{"start":{"line":8,"column":15},"end":{"line":8,"column":34}},"7":{"start":{"line":9,"column":25},"end":{"line":9,"column":52}},"8":{"start":{"line":11,"column":0},"end":{"line":127,"column":2}},"9":{"start":{"line":12,"column":4},"end":{"line":16,"column":5}},"10":{"start":{"line":13,"column":8},"end":{"line":15,"column":28}},"11":{"start":{"line":14,"column":24},"end":{"line":14,"column":99}},"12":{"start":{"line":19,"column":20},"end":{"line":19,"column":52}},"13":{"start":{"line":21,"column":4},"end":{"line":28,"column":6}},"14":{"start":{"line":22,"column":8},"end":{"line":22,"column":33}},"15":{"start":{"line":23,"column":8},"end":{"line":23,"column":39}},"16":{"start":{"line":24,"column":8},"end":{"line":24,"column":44}},"17":{"start":{"line":25,"column":8},"end":{"line":25,"column":41}},"18":{"start":{"line":26,"column":8},"end":{"line":26,"column":35}},"19":{"start":{"line":27,"column":8},"end":{"line":27,"column":58}},"20":{"start":{"line":30,"column":4},"end":{"line":64,"column":6}},"21":{"start":{"line":32,"column":8},"end":{"line":38,"column":9}},"22":{"start":{"line":33,"column":12},"end":{"line":37,"column":44}},"23":{"start":{"line":35,"column":20},"end":{"line":35,"column":80}},"24":{"start":{"line":37,"column":30},"end":{"line":37,"column":43}},"25":{"start":{"line":40,"column":8},"end":{"line":47,"column":9}},"26":{"start":{"line":41,"column":12},"end":{"line":46,"column":18}},"27":{"start":{"line":43,"column":20},"end":{"line":43,"column":48}},"28":{"start":{"line":44,"column":20},"end":{"line":44,"column":58}},"29":{"start":{"line":45,"column":20},"end":{"line":45,"column":44}},"30":{"start":{"line":49,"column":8},"end":{"line":63,"column":10}},"31":{"start":{"line":50,"column":12},"end":{"line":55,"column":18}},"32":{"start":{"line":51,"column":30},"end":{"line":51,"column":76}},"33":{"start":{"line":53,"column":20},"end":{"line":53,"column":55}},"34":{"start":{"line":54,"column":20},"end":{"line":54,"column":65}},"35":{"start":{"line":57,"column":12},"end":{"line":62,"column":18}},"36":{"start":{"line":58,"column":30},"end":{"line":58,"column":76}},"37":{"start":{"line":60,"column":20},"end":{"line":60,"column":55}},"38":{"start":{"line":61,"column":20},"end":{"line":61,"column":65}},"39":{"start":{"line":66,"column":4},"end":{"line":84,"column":6}},"40":{"start":{"line":68,"column":8},"end":{"line":73,"column":9}},"41":{"start":{"line":69,"column":12},"end":{"line":72,"column":32}},"42":{"start":{"line":70,"column":34},"end":{"line":70,"column":42}},"43":{"start":{"line":71,"column":28},"end":{"line":71,"column":88}},"44":{"start":{"line":75,"column":8},"end":{"line":83,"column":9}},"45":{"start":{"line":76,"column":12},"end":{"line":82,"column":32}},"46":{"start":{"line":77,"column":30},"end":{"line":77,"column":76}},"47":{"start":{"line":79,"column":20},"end":{"line":79,"column":55}},"48":{"start":{"line":80,"column":20},"end":{"line":80,"column":82}},"49":{"start":{"line":86,"column":4},"end":{"line":121,"column":6}},"50":{"start":{"line":88,"column":8},"end":{"line":106,"column":10}},"51":{"start":{"line":89,"column":12},"end":{"line":89,"column":30}},"52":{"start":{"line":90,"column":12},"end":{"line":90,"column":113}},"53":{"start":{"line":90,"column":25},"end":{"line":90,"column":58}},"54":{"start":{"line":92,"column":12},"end":{"line":92,"column":25}},"55":{"start":{"line":93,"column":12},"end":{"line":93,"column":113}},"56":{"start":{"line":93,"column":25},"end":{"line":93,"column":58}},"57":{"start":{"line":95,"column":12},"end":{"line":95,"column":29}},"58":{"start":{"line":96,"column":12},"end":{"line":96,"column":113}},"59":{"start":{"line":96,"column":25},"end":{"line":96,"column":58}},"60":{"start":{"line":98,"column":12},"end":{"line":98,"column":22}},"61":{"start":{"line":99,"column":12},"end":{"line":99,"column":113}},"62":{"start":{"line":99,"column":25},"end":{"line":99,"column":58}},"63":{"start":{"line":101,"column":12},"end":{"line":101,"column":32}},"64":{"start":{"line":102,"column":12},"end":{"line":102,"column":111}},"65":{"start":{"line":102,"column":25},"end":{"line":102,"column":58}},"66":{"start":{"line":104,"column":12},"end":{"line":104,"column":36}},"67":{"start":{"line":105,"column":12},"end":{"line":105,"column":111}},"68":{"start":{"line":105,"column":25},"end":{"line":105,"column":58}},"69":{"start":{"line":108,"column":8},"end":{"line":120,"column":10}},"70":{"start":{"line":109,"column":12},"end":{"line":109,"column":33}},"71":{"start":{"line":110,"column":12},"end":{"line":110,"column":119}},"72":{"start":{"line":110,"column":25},"end":{"line":110,"column":58}},"73":{"start":{"line":112,"column":12},"end":{"line":112,"column":28}},"74":{"start":{"line":113,"column":12},"end":{"line":113,"column":119}},"75":{"start":{"line":113,"column":25},"end":{"line":113,"column":58}},"76":{"start":{"line":115,"column":12},"end":{"line":115,"column":32}},"77":{"start":{"line":116,"column":12},"end":{"line":116,"column":119}},"78":{"start":{"line":116,"column":25},"end":{"line":116,"column":58}},"79":{"start":{"line":118,"column":12},"end":{"line":118,"column":25}},"80":{"start":{"line":119,"column":12},"end":{"line":119,"column":119}},"81":{"start":{"line":119,"column":25},"end":{"line":119,"column":58}},"82":{"start":{"line":123,"column":4},"end":{"line":126,"column":5}},"83":{"start":{"line":124,"column":8},"end":{"line":125,"column":46}},"84":{"start":{"line":125,"column":24},"end":{"line":125,"column":45}}},"fnMap":{"0":{"name":"(anonymous_0)","decl":{"start":{"line":11,"column":29},"end":{"line":11,"column":30}},"loc":{"start":{"line":11,"column":35},"end":{"line":127,"column":1}},"line":11},"1":{"name":"(anonymous_1)","decl":{"start":{"line":12,"column":11},"end":{"line":12,"column":12}},"loc":{"start":{"line":13,"column":8},"end":{"line":15,"column":28}},"line":13},"2":{"name":"(anonymous_2)","decl":{"start":{"line":14,"column":18},"end":{"line":14,"column":19}},"loc":{"start":{"line":14,"column":24},"end":{"line":14,"column":99}},"line":14},"3":{"name":"(anonymous_3)","decl":{"start":{"line":15,"column":18},"end":{"line":15,"column":19}},"loc":{"start":{"line":15,"column":24},"end":{"line":15,"column":27}},"line":15},"4":{"name":"(anonymous_4)","decl":{"start":{"line":21,"column":15},"end":{"line":21,"column":16}},"loc":{"start":{"line":21,"column":21},"end":{"line":28,"column":5}},"line":21},"5":{"name":"(anonymous_5)","decl":{"start":{"line":30,"column":41},"end":{"line":30,"column":42}},"loc":{"start":{"line":30,"column":47},"end":{"line":64,"column":5}},"line":30},"6":{"name":"(anonymous_6)","decl":{"start":{"line":32,"column":19},"end":{"line":32,"column":20}},"loc":{"start":{"line":33,"column":12},"end":{"line":37,"column":44}},"line":33},"7":{"name":"(anonymous_7)","decl":{"start":{"line":34,"column":22},"end":{"line":34,"column":23}},"loc":{"start":{"line":35,"column":20},"end":{"line":35,"column":80}},"line":35},"8":{"name":"(anonymous_8)","decl":{"start":{"line":37,"column":22},"end":{"line":37,"column":23}},"loc":{"start":{"line":37,"column":30},"end":{"line":37,"column":43}},"line":37},"9":{"name":"(anonymous_9)","decl":{"start":{"line":40,"column":72},"end":{"line":40,"column":73}},"loc":{"start":{"line":41,"column":12},"end":{"line":46,"column":18}},"line":41},"10":{"name":"(anonymous_10)","decl":{"start":{"line":42,"column":22},"end":{"line":42,"column":23}},"loc":{"start":{"line":42,"column":28},"end":{"line":46,"column":17}},"line":42},"11":{"name":"(anonymous_11)","decl":{"start":{"line":49,"column":51},"end":{"line":49,"column":52}},"loc":{"start":{"line":49,"column":57},"end":{"line":63,"column":9}},"line":49},"12":{"name":"(anonymous_12)","decl":{"start":{"line":51,"column":22},"end":{"line":51,"column":23}},"loc":{"start":{"line":51,"column":28},"end":{"line":51,"column":78}},"line":51},"13":{"name":"(anonymous_13)","decl":{"start":{"line":52,"column":23},"end":{"line":52,"column":24}},"loc":{"start":{"line":52,"column":40},"end":{"line":55,"column":17}},"line":52},"14":{"name":"(anonymous_14)","decl":{"start":{"line":58,"column":22},"end":{"line":58,"column":23}},"loc":{"start":{"line":58,"column":28},"end":{"line":58,"column":78}},"line":58},"15":{"name":"(anonymous_15)","decl":{"start":{"line":59,"column":23},"end":{"line":59,"column":24}},"loc":{"start":{"line":59,"column":40},"end":{"line":62,"column":17}},"line":59},"16":{"name":"(anonymous_16)","decl":{"start":{"line":66,"column":45},"end":{"line":66,"column":46}},"loc":{"start":{"line":66,"column":51},"end":{"line":84,"column":5}},"line":66},"17":{"name":"(anonymous_17)","decl":{"start":{"line":68,"column":19},"end":{"line":68,"column":20}},"loc":{"start":{"line":69,"column":12},"end":{"line":72,"column":32}},"line":69},"18":{"name":"(anonymous_18)","decl":{"start":{"line":70,"column":22},"end":{"line":70,"column":23}},"loc":{"start":{"line":70,"column":34},"end":{"line":70,"column":42}},"line":70},"19":{"name":"(anonymous_19)","decl":{"start":{"line":71,"column":22},"end":{"line":71,"column":23}},"loc":{"start":{"line":71,"column":28},"end":{"line":71,"column":88}},"line":71},"20":{"name":"(anonymous_20)","decl":{"start":{"line":72,"column":22},"end":{"line":72,"column":23}},"loc":{"start":{"line":72,"column":28},"end":{"line":72,"column":31}},"line":72},"21":{"name":"(anonymous_21)","decl":{"start":{"line":75,"column":61},"end":{"line":75,"column":62}},"loc":{"start":{"line":76,"column":12},"end":{"line":82,"column":32}},"line":76},"22":{"name":"(anonymous_22)","decl":{"start":{"line":77,"column":22},"end":{"line":77,"column":23}},"loc":{"start":{"line":77,"column":28},"end":{"line":77,"column":78}},"line":77},"23":{"name":"(anonymous_23)","decl":{"start":{"line":78,"column":23},"end":{"line":78,"column":24}},"loc":{"start":{"line":78,"column":40},"end":{"line":81,"column":17}},"line":78},"24":{"name":"(anonymous_24)","decl":{"start":{"line":82,"column":22},"end":{"line":82,"column":23}},"loc":{"start":{"line":82,"column":28},"end":{"line":82,"column":31}},"line":82},"25":{"name":"(anonymous_25)","decl":{"start":{"line":86,"column":30},"end":{"line":86,"column":31}},"loc":{"start":{"line":86,"column":36},"end":{"line":121,"column":5}},"line":86},"26":{"name":"(anonymous_26)","decl":{"start":{"line":88,"column":62},"end":{"line":88,"column":63}},"loc":{"start":{"line":88,"column":68},"end":{"line":106,"column":9}},"line":88},"27":{"name":"(anonymous_27)","decl":{"start":{"line":90,"column":19},"end":{"line":90,"column":20}},"loc":{"start":{"line":90,"column":25},"end":{"line":90,"column":58}},"line":90},"28":{"name":"(anonymous_28)","decl":{"start":{"line":93,"column":19},"end":{"line":93,"column":20}},"loc":{"start":{"line":93,"column":25},"end":{"line":93,"column":58}},"line":93},"29":{"name":"(anonymous_29)","decl":{"start":{"line":96,"column":19},"end":{"line":96,"column":20}},"loc":{"start":{"line":96,"column":25},"end":{"line":96,"column":58}},"line":96},"30":{"name":"(anonymous_30)","decl":{"start":{"line":99,"column":19},"end":{"line":99,"column":20}},"loc":{"start":{"line":99,"column":25},"end":{"line":99,"column":58}},"line":99},"31":{"name":"(anonymous_31)","decl":{"start":{"line":102,"column":19},"end":{"line":102,"column":20}},"loc":{"start":{"line":102,"column":25},"end":{"line":102,"column":58}},"line":102},"32":{"name":"(anonymous_32)","decl":{"start":{"line":105,"column":19},"end":{"line":105,"column":20}},"loc":{"start":{"line":105,"column":25},"end":{"line":105,"column":58}},"line":105},"33":{"name":"(anonymous_33)","decl":{"start":{"line":108,"column":51},"end":{"line":108,"column":52}},"loc":{"start":{"line":108,"column":57},"end":{"line":120,"column":9}},"line":108},"34":{"name":"(anonymous_34)","decl":{"start":{"line":110,"column":19},"end":{"line":110,"column":20}},"loc":{"start":{"line":110,"column":25},"end":{"line":110,"column":58}},"line":110},"35":{"name":"(anonymous_35)","decl":{"start":{"line":113,"column":19},"end":{"line":113,"column":20}},"loc":{"start":{"line":113,"column":25},"end":{"line":113,"column":58}},"line":113},"36":{"name":"(anonymous_36)","decl":{"start":{"line":116,"column":19},"end":{"line":116,"column":20}},"loc":{"start":{"line":116,"column":25},"end":{"line":116,"column":58}},"line":116},"37":{"name":"(anonymous_37)","decl":{"start":{"line":119,"column":19},"end":{"line":119,"column":20}},"loc":{"start":{"line":119,"column":25},"end":{"line":119,"column":58}},"line":119},"38":{"name":"(anonymous_38)","decl":{"start":{"line":123,"column":10},"end":{"line":123,"column":11}},"loc":{"start":{"line":124,"column":8},"end":{"line":125,"column":46}},"line":124},"39":{"name":"(anonymous_39)","decl":{"start":{"line":125,"column":18},"end":{"line":125,"column":19}},"loc":{"start":{"line":125,"column":24},"end":{"line":125,"column":45}},"line":125}},"branchMap":{},"s":{"0":1,"1":1,"2":1,"3":1,"4":1,"5":1,"6":1,"7":1,"8":1,"9":1,"10":1,"11":1,"12":1,"13":1,"14":5,"15":5,"16":5,"17":5,"18":5,"19":5,"20":1,"21":1,"22":2,"23":2,"24":2,"25":1,"26":1,"27":1,"28":1,"29":1,"30":1,"31":1,"32":0,"33":1,"34":1,"35":1,"36":0,"37":1,"38":1,"39":1,"40":1,"41":1,"42":1,"43":1,"44":1,"45":1,"46":0,"47":1,"48":1,"49":1,"50":1,"51":1,"52":1,"53":1,"54":1,"55":1,"56":1,"57":1,"58":1,"59":1,"60":1,"61":1,"62":1,"63":1,"64":1,"65":1,"66":1,"67":1,"68":1,"69":1,"70":1,"71":1,"72":1,"73":1,"74":1,"75":1,"76":1,"77":1,"78":1,"79":1,"80":1,"81":1,"82":1,"83":1,"84":1},"f":{"0":1,"1":1,"2":1,"3":1,"4":5,"5":1,"6":2,"7":2,"8":2,"9":1,"10":1,"11":1,"12":0,"13":1,"14":0,"15":1,"16":1,"17":1,"18":1,"19":1,"20":1,"21":1,"22":0,"23":1,"24":1,"25":1,"26":1,"27":1,"28":1,"29":1,"30":1,"31":1,"32":1,"33":1,"34":1,"35":1,"36":1,"37":1,"38":1,"39":1},"b":{},"_coverageSchema":"1a1c01bbd47fc00a2c39e90264f33305004495a9","hash":"e10270c86c6c4698d7cdf01ccf61a5c86d221cbb","contentHash":"03e228b985cdadf52197a29b17d9c2d0a1578f2233808ddd53b4ee474546094a"},"C:\\Users\\Alex\\bootcamp\\collab\\skylab-bootcamp-202001\\staff\\alex-park\\poopinion\\poopinion-api\\logic\\authenticate-user.js":{"path":"C:\\Users\\Alex\\bootcamp\\collab\\skylab-bootcamp-202001\\staff\\alex-park\\poopinion\\poopinion-api\\logic\\authenticate-user.js","statementMap":{"0":{"start":{"line":1,"column":21},"end":{"line":1,"column":47}},"1":{"start":{"line":2,"column":29},"end":{"line":2,"column":54}},"2":{"start":{"line":3,"column":43},"end":{"line":3,"column":70}},"3":{"start":{"line":4,"column":15},"end":{"line":4,"column":34}},"4":{"start":{"line":17,"column":0},"end":{"line":37,"column":1}},"5":{"start":{"line":18,"column":4},"end":{"line":18,"column":35}},"6":{"start":{"line":19,"column":4},"end":{"line":19,"column":25}},"7":{"start":{"line":20,"column":4},"end":{"line":20,"column":41}},"8":{"start":{"line":22,"column":4},"end":{"line":36,"column":10}},"9":{"start":{"line":24,"column":12},"end":{"line":24,"column":69}},"10":{"start":{"line":24,"column":23},"end":{"line":24,"column":69}},"11":{"start":{"line":25,"column":12},"end":{"line":25,"column":101}},"12":{"start":{"line":25,"column":34},"end":{"line":25,"column":101}},"13":{"start":{"line":27,"column":12},"end":{"line":35,"column":37}},"14":{"start":{"line":29,"column":20},"end":{"line":29,"column":86}},"15":{"start":{"line":29,"column":40},"end":{"line":29,"column":86}},"16":{"start":{"line":31,"column":20},"end":{"line":31,"column":49}},"17":{"start":{"line":33,"column":20},"end":{"line":33,"column":38}},"18":{"start":{"line":35,"column":34},"end":{"line":35,"column":36}}},"fnMap":{"0":{"name":"(anonymous_0)","decl":{"start":{"line":17,"column":17},"end":{"line":17,"column":18}},"loc":{"start":{"line":17,"column":38},"end":{"line":37,"column":1}},"line":17},"1":{"name":"(anonymous_1)","decl":{"start":{"line":23,"column":14},"end":{"line":23,"column":15}},"loc":{"start":{"line":23,"column":22},"end":{"line":36,"column":9}},"line":23},"2":{"name":"(anonymous_2)","decl":{"start":{"line":28,"column":22},"end":{"line":28,"column":23}},"loc":{"start":{"line":28,"column":39},"end":{"line":34,"column":17}},"line":28},"3":{"name":"(anonymous_3)","decl":{"start":{"line":35,"column":22},"end":{"line":35,"column":23}},"loc":{"start":{"line":35,"column":34},"end":{"line":35,"column":36}},"line":35}},"branchMap":{"0":{"loc":{"start":{"line":24,"column":12},"end":{"line":24,"column":69}},"type":"if","locations":[{"start":{"line":24,"column":12},"end":{"line":24,"column":69}},{"start":{"line":24,"column":12},"end":{"line":24,"column":69}}],"line":24},"1":{"loc":{"start":{"line":25,"column":12},"end":{"line":25,"column":101}},"type":"if","locations":[{"start":{"line":25,"column":12},"end":{"line":25,"column":101}},{"start":{"line":25,"column":12},"end":{"line":25,"column":101}}],"line":25},"2":{"loc":{"start":{"line":29,"column":20},"end":{"line":29,"column":86}},"type":"if","locations":[{"start":{"line":29,"column":20},"end":{"line":29,"column":86}},{"start":{"line":29,"column":20},"end":{"line":29,"column":86}}],"line":29}},"s":{"0":1,"1":1,"2":1,"3":1,"4":1,"5":14,"6":10,"7":8,"8":4,"9":4,"10":1,"11":3,"12":1,"13":2,"14":2,"15":1,"16":1,"17":1,"18":1},"f":{"0":14,"1":4,"2":2,"3":1},"b":{"0":[1,3],"1":[1,2],"2":[1,1]},"_coverageSchema":"1a1c01bbd47fc00a2c39e90264f33305004495a9","hash":"2cc0e02af67be1dd74f090a7fe8a6450fad9ccd1","contentHash":"a862f4abe4c19b0ab883e57c677dca522f82699d7c6e8216fa79e855c487daa4"},"C:\\Users\\Alex\\bootcamp\\collab\\skylab-bootcamp-202001\\staff\\alex-park\\poopinion\\poopinion-api\\logic\\delete-comment.spec.js":{"path":"C:\\Users\\Alex\\bootcamp\\collab\\skylab-bootcamp-202001\\staff\\alex-park\\poopinion\\poopinion-api\\logic\\delete-comment.spec.js","statementMap":{"0":{"start":{"line":1,"column":0},"end":{"line":1,"column":26}},"1":{"start":{"line":3,"column":38},"end":{"line":3,"column":45}},"2":{"start":{"line":4,"column":19},"end":{"line":4,"column":34}},"3":{"start":{"line":5,"column":26},"end":{"line":5,"column":30}},"4":{"start":{"line":6,"column":22},"end":{"line":6,"column":49}},"5":{"start":{"line":7,"column":56},"end":{"line":7,"column":81}},"6":{"start":{"line":9,"column":0},"end":{"line":219,"column":2}},"7":{"start":{"line":10,"column":4},"end":{"line":14,"column":5}},"8":{"start":{"line":11,"column":8},"end":{"line":13,"column":28}},"9":{"start":{"line":12,"column":24},"end":{"line":12,"column":99}},"10":{"start":{"line":16,"column":97},"end":{"line":16,"column":99}},"11":{"start":{"line":17,"column":20},"end":{"line":17,"column":52}},"12":{"start":{"line":18,"column":20},"end":{"line":18,"column":33}},"13":{"start":{"line":20,"column":4},"end":{"line":35,"column":6}},"14":{"start":{"line":21,"column":8},"end":{"line":21,"column":33}},"15":{"start":{"line":22,"column":8},"end":{"line":22,"column":39}},"16":{"start":{"line":23,"column":8},"end":{"line":23,"column":44}},"17":{"start":{"line":24,"column":8},"end":{"line":24,"column":41}},"18":{"start":{"line":25,"column":8},"end":{"line":25,"column":35}},"19":{"start":{"line":26,"column":8},"end":{"line":26,"column":58}},"20":{"start":{"line":27,"column":8},"end":{"line":27,"column":34}},"21":{"start":{"line":28,"column":8},"end":{"line":28,"column":46}},"22":{"start":{"line":29,"column":8},"end":{"line":29,"column":42}},"23":{"start":{"line":30,"column":8},"end":{"line":30,"column":74}},"24":{"start":{"line":31,"column":8},"end":{"line":31,"column":74}},"25":{"start":{"line":32,"column":8},"end":{"line":32,"column":74}},"26":{"start":{"line":33,"column":8},"end":{"line":33,"column":50}},"27":{"start":{"line":34,"column":8},"end":{"line":34,"column":47}},"28":{"start":{"line":37,"column":4},"end":{"line":74,"column":6}},"29":{"start":{"line":39,"column":8},"end":{"line":54,"column":9}},"30":{"start":{"line":40,"column":12},"end":{"line":53,"column":32}},"31":{"start":{"line":41,"column":34},"end":{"line":41,"column":42}},"32":{"start":{"line":42,"column":28},"end":{"line":42,"column":85}},"33":{"start":{"line":43,"column":34},"end":{"line":43,"column":48}},"34":{"start":{"line":44,"column":28},"end":{"line":44,"column":89}},"35":{"start":{"line":46,"column":36},"end":{"line":46,"column":106}},"36":{"start":{"line":47,"column":20},"end":{"line":47,"column":47}},"37":{"start":{"line":48,"column":20},"end":{"line":48,"column":49}},"38":{"start":{"line":49,"column":20},"end":{"line":49,"column":84}},"39":{"start":{"line":51,"column":28},"end":{"line":51,"column":63}},"40":{"start":{"line":52,"column":34},"end":{"line":52,"column":49}},"41":{"start":{"line":56,"column":8},"end":{"line":73,"column":10}},"42":{"start":{"line":57,"column":12},"end":{"line":72,"column":32}},"43":{"start":{"line":59,"column":20},"end":{"line":59,"column":41}},"44":{"start":{"line":60,"column":20},"end":{"line":60,"column":80}},"45":{"start":{"line":61,"column":20},"end":{"line":61,"column":43}},"46":{"start":{"line":62,"column":20},"end":{"line":62,"column":82}},"47":{"start":{"line":64,"column":28},"end":{"line":64,"column":69}},"48":{"start":{"line":65,"column":28},"end":{"line":65,"column":103}},"49":{"start":{"line":67,"column":20},"end":{"line":67,"column":41}},"50":{"start":{"line":68,"column":20},"end":{"line":68,"column":60}},"51":{"start":{"line":69,"column":20},"end":{"line":69,"column":43}},"52":{"start":{"line":70,"column":20},"end":{"line":70,"column":62}},"53":{"start":{"line":76,"column":4},"end":{"line":89,"column":6}},"54":{"start":{"line":77,"column":8},"end":{"line":77,"column":59}},"55":{"start":{"line":77,"column":25},"end":{"line":77,"column":58}},"56":{"start":{"line":79,"column":8},"end":{"line":88,"column":9}},"57":{"start":{"line":80,"column":12},"end":{"line":87,"column":32}},"58":{"start":{"line":81,"column":30},"end":{"line":81,"column":76}},"59":{"start":{"line":84,"column":20},"end":{"line":84,"column":55}},"60":{"start":{"line":85,"column":20},"end":{"line":85,"column":82}},"61":{"start":{"line":91,"column":4},"end":{"line":108,"column":6}},"62":{"start":{"line":92,"column":8},"end":{"line":97,"column":9}},"63":{"start":{"line":93,"column":12},"end":{"line":96,"column":32}},"64":{"start":{"line":94,"column":34},"end":{"line":94,"column":42}},"65":{"start":{"line":95,"column":28},"end":{"line":95,"column":88}},"66":{"start":{"line":99,"column":8},"end":{"line":107,"column":9}},"67":{"start":{"line":100,"column":12},"end":{"line":106,"column":32}},"68":{"start":{"line":101,"column":30},"end":{"line":101,"column":76}},"69":{"start":{"line":103,"column":20},"end":{"line":103,"column":55}},"70":{"start":{"line":104,"column":20},"end":{"line":104,"column":82}},"71":{"start":{"line":110,"column":4},"end":{"line":126,"column":6}},"72":{"start":{"line":111,"column":8},"end":{"line":115,"column":9}},"73":{"start":{"line":112,"column":12},"end":{"line":114,"column":32}},"74":{"start":{"line":113,"column":28},"end":{"line":113,"column":89}},"75":{"start":{"line":117,"column":8},"end":{"line":125,"column":9}},"76":{"start":{"line":118,"column":12},"end":{"line":124,"column":32}},"77":{"start":{"line":119,"column":30},"end":{"line":119,"column":76}},"78":{"start":{"line":121,"column":20},"end":{"line":121,"column":55}},"79":{"start":{"line":122,"column":20},"end":{"line":122,"column":90}},"80":{"start":{"line":128,"column":4},"end":{"line":149,"column":6}},"81":{"start":{"line":129,"column":8},"end":{"line":137,"column":9}},"82":{"start":{"line":130,"column":12},"end":{"line":136,"column":32}},"83":{"start":{"line":131,"column":34},"end":{"line":131,"column":48}},"84":{"start":{"line":134,"column":20},"end":{"line":134,"column":47}},"85":{"start":{"line":139,"column":8},"end":{"line":147,"column":9}},"86":{"start":{"line":140,"column":12},"end":{"line":146,"column":32}},"87":{"start":{"line":141,"column":30},"end":{"line":141,"column":76}},"88":{"start":{"line":143,"column":20},"end":{"line":143,"column":55}},"89":{"start":{"line":144,"column":20},"end":{"line":144,"column":92}},"90":{"start":{"line":148,"column":8},"end":{"line":148,"column":75}},"91":{"start":{"line":148,"column":24},"end":{"line":148,"column":74}},"92":{"start":{"line":151,"column":4},"end":{"line":213,"column":6}},"93":{"start":{"line":153,"column":8},"end":{"line":170,"column":9}},"94":{"start":{"line":154,"column":12},"end":{"line":169,"column":32}},"95":{"start":{"line":156,"column":20},"end":{"line":156,"column":28}},"96":{"start":{"line":157,"column":20},"end":{"line":157,"column":29}},"97":{"start":{"line":159,"column":28},"end":{"line":159,"column":85}},"98":{"start":{"line":161,"column":20},"end":{"line":161,"column":34}},"99":{"start":{"line":162,"column":20},"end":{"line":162,"column":35}},"100":{"start":{"line":164,"column":28},"end":{"line":164,"column":111}},"101":{"start":{"line":166,"column":20},"end":{"line":166,"column":36}},"102":{"start":{"line":167,"column":20},"end":{"line":167,"column":35}},"103":{"start":{"line":172,"column":8},"end":{"line":184,"column":10}},"104":{"start":{"line":173,"column":12},"end":{"line":173,"column":28}},"105":{"start":{"line":174,"column":12},"end":{"line":174,"column":116}},"106":{"start":{"line":174,"column":25},"end":{"line":174,"column":66}},"107":{"start":{"line":176,"column":12},"end":{"line":176,"column":23}},"108":{"start":{"line":177,"column":12},"end":{"line":177,"column":116}},"109":{"start":{"line":177,"column":25},"end":{"line":177,"column":66}},"110":{"start":{"line":179,"column":12},"end":{"line":179,"column":27}},"111":{"start":{"line":180,"column":12},"end":{"line":180,"column":116}},"112":{"start":{"line":180,"column":25},"end":{"line":180,"column":66}},"113":{"start":{"line":182,"column":12},"end":{"line":182,"column":20}},"114":{"start":{"line":183,"column":12},"end":{"line":183,"column":116}},"115":{"start":{"line":183,"column":25},"end":{"line":183,"column":66}},"116":{"start":{"line":186,"column":8},"end":{"line":198,"column":10}},"117":{"start":{"line":187,"column":12},"end":{"line":187,"column":34}},"118":{"start":{"line":188,"column":12},"end":{"line":188,"column":130}},"119":{"start":{"line":188,"column":25},"end":{"line":188,"column":67}},"120":{"start":{"line":190,"column":12},"end":{"line":190,"column":29}},"121":{"start":{"line":191,"column":12},"end":{"line":191,"column":130}},"122":{"start":{"line":191,"column":25},"end":{"line":191,"column":67}},"123":{"start":{"line":193,"column":12},"end":{"line":193,"column":33}},"124":{"start":{"line":194,"column":12},"end":{"line":194,"column":130}},"125":{"start":{"line":194,"column":25},"end":{"line":194,"column":67}},"126":{"start":{"line":196,"column":12},"end":{"line":196,"column":26}},"127":{"start":{"line":197,"column":12},"end":{"line":197,"column":130}},"128":{"start":{"line":197,"column":25},"end":{"line":197,"column":67}},"129":{"start":{"line":200,"column":8},"end":{"line":212,"column":10}},"130":{"start":{"line":201,"column":12},"end":{"line":201,"column":35}},"131":{"start":{"line":202,"column":12},"end":{"line":202,"column":133}},"132":{"start":{"line":202,"column":25},"end":{"line":202,"column":68}},"133":{"start":{"line":204,"column":12},"end":{"line":204,"column":30}},"134":{"start":{"line":205,"column":12},"end":{"line":205,"column":133}},"135":{"start":{"line":205,"column":25},"end":{"line":205,"column":68}},"136":{"start":{"line":207,"column":12},"end":{"line":207,"column":34}},"137":{"start":{"line":208,"column":12},"end":{"line":208,"column":133}},"138":{"start":{"line":208,"column":25},"end":{"line":208,"column":68}},"139":{"start":{"line":210,"column":12},"end":{"line":210,"column":27}},"140":{"start":{"line":211,"column":12},"end":{"line":211,"column":133}},"141":{"start":{"line":211,"column":25},"end":{"line":211,"column":68}},"142":{"start":{"line":215,"column":4},"end":{"line":218,"column":5}},"143":{"start":{"line":216,"column":8},"end":{"line":217,"column":46}},"144":{"start":{"line":217,"column":24},"end":{"line":217,"column":45}}},"fnMap":{"0":{"name":"(anonymous_0)","decl":{"start":{"line":9,"column":26},"end":{"line":9,"column":27}},"loc":{"start":{"line":9,"column":32},"end":{"line":219,"column":1}},"line":9},"1":{"name":"(anonymous_1)","decl":{"start":{"line":10,"column":11},"end":{"line":10,"column":12}},"loc":{"start":{"line":11,"column":8},"end":{"line":13,"column":28}},"line":11},"2":{"name":"(anonymous_2)","decl":{"start":{"line":12,"column":18},"end":{"line":12,"column":19}},"loc":{"start":{"line":12,"column":24},"end":{"line":12,"column":99}},"line":12},"3":{"name":"(anonymous_3)","decl":{"start":{"line":13,"column":18},"end":{"line":13,"column":19}},"loc":{"start":{"line":13,"column":24},"end":{"line":13,"column":27}},"line":13},"4":{"name":"(anonymous_4)","decl":{"start":{"line":20,"column":15},"end":{"line":20,"column":16}},"loc":{"start":{"line":20,"column":21},"end":{"line":35,"column":5}},"line":20},"5":{"name":"(anonymous_5)","decl":{"start":{"line":37,"column":56},"end":{"line":37,"column":57}},"loc":{"start":{"line":37,"column":62},"end":{"line":74,"column":5}},"line":37},"6":{"name":"(anonymous_6)","decl":{"start":{"line":39,"column":19},"end":{"line":39,"column":20}},"loc":{"start":{"line":40,"column":12},"end":{"line":53,"column":32}},"line":40},"7":{"name":"(anonymous_7)","decl":{"start":{"line":41,"column":22},"end":{"line":41,"column":23}},"loc":{"start":{"line":41,"column":34},"end":{"line":41,"column":42}},"line":41},"8":{"name":"(anonymous_8)","decl":{"start":{"line":42,"column":22},"end":{"line":42,"column":23}},"loc":{"start":{"line":42,"column":28},"end":{"line":42,"column":85}},"line":42},"9":{"name":"(anonymous_9)","decl":{"start":{"line":43,"column":22},"end":{"line":43,"column":23}},"loc":{"start":{"line":43,"column":34},"end":{"line":43,"column":48}},"line":43},"10":{"name":"(anonymous_10)","decl":{"start":{"line":44,"column":22},"end":{"line":44,"column":23}},"loc":{"start":{"line":44,"column":28},"end":{"line":44,"column":89}},"line":44},"11":{"name":"(anonymous_11)","decl":{"start":{"line":45,"column":22},"end":{"line":45,"column":23}},"loc":{"start":{"line":45,"column":42},"end":{"line":50,"column":17}},"line":45},"12":{"name":"(anonymous_12)","decl":{"start":{"line":51,"column":22},"end":{"line":51,"column":23}},"loc":{"start":{"line":51,"column":28},"end":{"line":51,"column":63}},"line":51},"13":{"name":"(anonymous_13)","decl":{"start":{"line":52,"column":22},"end":{"line":52,"column":23}},"loc":{"start":{"line":52,"column":34},"end":{"line":52,"column":49}},"line":52},"14":{"name":"(anonymous_14)","decl":{"start":{"line":53,"column":22},"end":{"line":53,"column":23}},"loc":{"start":{"line":53,"column":28},"end":{"line":53,"column":31}},"line":53},"15":{"name":"(anonymous_15)","decl":{"start":{"line":56,"column":114},"end":{"line":56,"column":115}},"loc":{"start":{"line":56,"column":120},"end":{"line":73,"column":9}},"line":56},"16":{"name":"(anonymous_16)","decl":{"start":{"line":58,"column":22},"end":{"line":58,"column":23}},"loc":{"start":{"line":58,"column":42},"end":{"line":63,"column":17}},"line":58},"17":{"name":"(anonymous_17)","decl":{"start":{"line":64,"column":22},"end":{"line":64,"column":23}},"loc":{"start":{"line":64,"column":28},"end":{"line":64,"column":69}},"line":64},"18":{"name":"(anonymous_18)","decl":{"start":{"line":65,"column":22},"end":{"line":65,"column":23}},"loc":{"start":{"line":65,"column":28},"end":{"line":65,"column":103}},"line":65},"19":{"name":"(anonymous_19)","decl":{"start":{"line":66,"column":22},"end":{"line":66,"column":23}},"loc":{"start":{"line":66,"column":42},"end":{"line":71,"column":17}},"line":66},"20":{"name":"(anonymous_20)","decl":{"start":{"line":72,"column":22},"end":{"line":72,"column":23}},"loc":{"start":{"line":72,"column":28},"end":{"line":72,"column":31}},"line":72},"21":{"name":"(anonymous_21)","decl":{"start":{"line":76,"column":45},"end":{"line":76,"column":46}},"loc":{"start":{"line":76,"column":51},"end":{"line":89,"column":5}},"line":76},"22":{"name":"(anonymous_22)","decl":{"start":{"line":77,"column":19},"end":{"line":77,"column":20}},"loc":{"start":{"line":77,"column":25},"end":{"line":77,"column":58}},"line":77},"23":{"name":"(anonymous_23)","decl":{"start":{"line":77,"column":48},"end":{"line":77,"column":49}},"loc":{"start":{"line":77,"column":54},"end":{"line":77,"column":57}},"line":77},"24":{"name":"(anonymous_24)","decl":{"start":{"line":79,"column":69},"end":{"line":79,"column":70}},"loc":{"start":{"line":80,"column":12},"end":{"line":87,"column":32}},"line":80},"25":{"name":"(anonymous_25)","decl":{"start":{"line":81,"column":22},"end":{"line":81,"column":23}},"loc":{"start":{"line":81,"column":28},"end":{"line":81,"column":78}},"line":81},"26":{"name":"(anonymous_26)","decl":{"start":{"line":82,"column":23},"end":{"line":82,"column":24}},"loc":{"start":{"line":82,"column":40},"end":{"line":86,"column":17}},"line":82},"27":{"name":"(anonymous_27)","decl":{"start":{"line":87,"column":22},"end":{"line":87,"column":23}},"loc":{"start":{"line":87,"column":28},"end":{"line":87,"column":31}},"line":87},"28":{"name":"(anonymous_28)","decl":{"start":{"line":91,"column":45},"end":{"line":91,"column":46}},"loc":{"start":{"line":91,"column":51},"end":{"line":108,"column":5}},"line":91},"29":{"name":"(anonymous_29)","decl":{"start":{"line":92,"column":19},"end":{"line":92,"column":20}},"loc":{"start":{"line":93,"column":12},"end":{"line":96,"column":32}},"line":93},"30":{"name":"(anonymous_30)","decl":{"start":{"line":94,"column":22},"end":{"line":94,"column":23}},"loc":{"start":{"line":94,"column":34},"end":{"line":94,"column":42}},"line":94},"31":{"name":"(anonymous_31)","decl":{"start":{"line":95,"column":22},"end":{"line":95,"column":23}},"loc":{"start":{"line":95,"column":28},"end":{"line":95,"column":88}},"line":95},"32":{"name":"(anonymous_32)","decl":{"start":{"line":96,"column":22},"end":{"line":96,"column":23}},"loc":{"start":{"line":96,"column":28},"end":{"line":96,"column":31}},"line":96},"33":{"name":"(anonymous_33)","decl":{"start":{"line":99,"column":73},"end":{"line":99,"column":74}},"loc":{"start":{"line":100,"column":12},"end":{"line":106,"column":32}},"line":100},"34":{"name":"(anonymous_34)","decl":{"start":{"line":101,"column":22},"end":{"line":101,"column":23}},"loc":{"start":{"line":101,"column":28},"end":{"line":101,"column":78}},"line":101},"35":{"name":"(anonymous_35)","decl":{"start":{"line":102,"column":23},"end":{"line":102,"column":24}},"loc":{"start":{"line":102,"column":40},"end":{"line":105,"column":17}},"line":102},"36":{"name":"(anonymous_36)","decl":{"start":{"line":106,"column":22},"end":{"line":106,"column":23}},"loc":{"start":{"line":106,"column":28},"end":{"line":106,"column":31}},"line":106},"37":{"name":"(anonymous_37)","decl":{"start":{"line":110,"column":47},"end":{"line":110,"column":48}},"loc":{"start":{"line":110,"column":53},"end":{"line":126,"column":5}},"line":110},"38":{"name":"(anonymous_38)","decl":{"start":{"line":111,"column":19},"end":{"line":111,"column":20}},"loc":{"start":{"line":112,"column":12},"end":{"line":114,"column":32}},"line":112},"39":{"name":"(anonymous_39)","decl":{"start":{"line":113,"column":22},"end":{"line":113,"column":23}},"loc":{"start":{"line":113,"column":28},"end":{"line":113,"column":89}},"line":113},"40":{"name":"(anonymous_40)","decl":{"start":{"line":114,"column":22},"end":{"line":114,"column":23}},"loc":{"start":{"line":114,"column":28},"end":{"line":114,"column":31}},"line":114},"41":{"name":"(anonymous_41)","decl":{"start":{"line":117,"column":71},"end":{"line":117,"column":72}},"loc":{"start":{"line":118,"column":12},"end":{"line":124,"column":32}},"line":118},"42":{"name":"(anonymous_42)","decl":{"start":{"line":119,"column":22},"end":{"line":119,"column":23}},"loc":{"start":{"line":119,"column":28},"end":{"line":119,"column":78}},"line":119},"43":{"name":"(anonymous_43)","decl":{"start":{"line":120,"column":23},"end":{"line":120,"column":24}},"loc":{"start":{"line":120,"column":40},"end":{"line":123,"column":17}},"line":120},"44":{"name":"(anonymous_44)","decl":{"start":{"line":124,"column":22},"end":{"line":124,"column":23}},"loc":{"start":{"line":124,"column":28},"end":{"line":124,"column":31}},"line":124},"45":{"name":"(anonymous_45)","decl":{"start":{"line":128,"column":48},"end":{"line":128,"column":49}},"loc":{"start":{"line":128,"column":54},"end":{"line":149,"column":5}},"line":128},"46":{"name":"(anonymous_46)","decl":{"start":{"line":129,"column":19},"end":{"line":129,"column":20}},"loc":{"start":{"line":130,"column":12},"end":{"line":136,"column":32}},"line":130},"47":{"name":"(anonymous_47)","decl":{"start":{"line":131,"column":22},"end":{"line":131,"column":23}},"loc":{"start":{"line":131,"column":34},"end":{"line":131,"column":48}},"line":131},"48":{"name":"(anonymous_48)","decl":{"start":{"line":132,"column":22},"end":{"line":132,"column":23}},"loc":{"start":{"line":132,"column":28},"end":{"line":135,"column":17}},"line":132},"49":{"name":"(anonymous_49)","decl":{"start":{"line":136,"column":22},"end":{"line":136,"column":23}},"loc":{"start":{"line":136,"column":28},"end":{"line":136,"column":31}},"line":136},"50":{"name":"(anonymous_50)","decl":{"start":{"line":139,"column":81},"end":{"line":139,"column":82}},"loc":{"start":{"line":140,"column":12},"end":{"line":146,"column":32}},"line":140},"51":{"name":"(anonymous_51)","decl":{"start":{"line":141,"column":22},"end":{"line":141,"column":23}},"loc":{"start":{"line":141,"column":28},"end":{"line":141,"column":78}},"line":141},"52":{"name":"(anonymous_52)","decl":{"start":{"line":142,"column":23},"end":{"line":142,"column":24}},"loc":{"start":{"line":142,"column":40},"end":{"line":145,"column":17}},"line":142},"53":{"name":"(anonymous_53)","decl":{"start":{"line":146,"column":22},"end":{"line":146,"column":23}},"loc":{"start":{"line":146,"column":28},"end":{"line":146,"column":31}},"line":146},"54":{"name":"(anonymous_54)","decl":{"start":{"line":148,"column":18},"end":{"line":148,"column":19}},"loc":{"start":{"line":148,"column":24},"end":{"line":148,"column":74}},"line":148},"55":{"name":"(anonymous_55)","decl":{"start":{"line":148,"column":64},"end":{"line":148,"column":65}},"loc":{"start":{"line":148,"column":70},"end":{"line":148,"column":73}},"line":148},"56":{"name":"(anonymous_56)","decl":{"start":{"line":151,"column":30},"end":{"line":151,"column":31}},"loc":{"start":{"line":151,"column":36},"end":{"line":213,"column":5}},"line":151},"57":{"name":"(anonymous_57)","decl":{"start":{"line":153,"column":19},"end":{"line":153,"column":20}},"loc":{"start":{"line":154,"column":12},"end":{"line":169,"column":32}},"line":154},"58":{"name":"(anonymous_58)","decl":{"start":{"line":155,"column":22},"end":{"line":155,"column":23}},"loc":{"start":{"line":155,"column":34},"end":{"line":158,"column":17}},"line":155},"59":{"name":"(anonymous_59)","decl":{"start":{"line":159,"column":22},"end":{"line":159,"column":23}},"loc":{"start":{"line":159,"column":28},"end":{"line":159,"column":85}},"line":159},"60":{"name":"(anonymous_60)","decl":{"start":{"line":160,"column":22},"end":{"line":160,"column":23}},"loc":{"start":{"line":160,"column":34},"end":{"line":163,"column":17}},"line":160},"61":{"name":"(anonymous_61)","decl":{"start":{"line":164,"column":22},"end":{"line":164,"column":23}},"loc":{"start":{"line":164,"column":28},"end":{"line":164,"column":111}},"line":164},"62":{"name":"(anonymous_62)","decl":{"start":{"line":165,"column":22},"end":{"line":165,"column":23}},"loc":{"start":{"line":165,"column":34},"end":{"line":168,"column":17}},"line":165},"63":{"name":"(anonymous_63)","decl":{"start":{"line":169,"column":22},"end":{"line":169,"column":23}},"loc":{"start":{"line":169,"column":28},"end":{"line":169,"column":31}},"line":169},"64":{"name":"(anonymous_64)","decl":{"start":{"line":172,"column":50},"end":{"line":172,"column":51}},"loc":{"start":{"line":172,"column":56},"end":{"line":184,"column":9}},"line":172},"65":{"name":"(anonymous_65)","decl":{"start":{"line":174,"column":19},"end":{"line":174,"column":20}},"loc":{"start":{"line":174,"column":25},"end":{"line":174,"column":66}},"line":174},"66":{"name":"(anonymous_66)","decl":{"start":{"line":177,"column":19},"end":{"line":177,"column":20}},"loc":{"start":{"line":177,"column":25},"end":{"line":177,"column":66}},"line":177},"67":{"name":"(anonymous_67)","decl":{"start":{"line":180,"column":19},"end":{"line":180,"column":20}},"loc":{"start":{"line":180,"column":25},"end":{"line":180,"column":66}},"line":180},"68":{"name":"(anonymous_68)","decl":{"start":{"line":183,"column":19},"end":{"line":183,"column":20}},"loc":{"start":{"line":183,"column":25},"end":{"line":183,"column":66}},"line":183},"69":{"name":"(anonymous_69)","decl":{"start":{"line":186,"column":52},"end":{"line":186,"column":53}},"loc":{"start":{"line":186,"column":58},"end":{"line":198,"column":9}},"line":186},"70":{"name":"(anonymous_70)","decl":{"start":{"line":188,"column":19},"end":{"line":188,"column":20}},"loc":{"start":{"line":188,"column":25},"end":{"line":188,"column":67}},"line":188},"71":{"name":"(anonymous_71)","decl":{"start":{"line":191,"column":19},"end":{"line":191,"column":20}},"loc":{"start":{"line":191,"column":25},"end":{"line":191,"column":67}},"line":191},"72":{"name":"(anonymous_72)","decl":{"start":{"line":194,"column":19},"end":{"line":194,"column":20}},"loc":{"start":{"line":194,"column":25},"end":{"line":194,"column":67}},"line":194},"73":{"name":"(anonymous_73)","decl":{"start":{"line":197,"column":19},"end":{"line":197,"column":20}},"loc":{"start":{"line":197,"column":25},"end":{"line":197,"column":67}},"line":197},"74":{"name":"(anonymous_74)","decl":{"start":{"line":200,"column":53},"end":{"line":200,"column":54}},"loc":{"start":{"line":200,"column":59},"end":{"line":212,"column":9}},"line":200},"75":{"name":"(anonymous_75)","decl":{"start":{"line":202,"column":19},"end":{"line":202,"column":20}},"loc":{"start":{"line":202,"column":25},"end":{"line":202,"column":68}},"line":202},"76":{"name":"(anonymous_76)","decl":{"start":{"line":205,"column":19},"end":{"line":205,"column":20}},"loc":{"start":{"line":205,"column":25},"end":{"line":205,"column":68}},"line":205},"77":{"name":"(anonymous_77)","decl":{"start":{"line":208,"column":19},"end":{"line":208,"column":20}},"loc":{"start":{"line":208,"column":25},"end":{"line":208,"column":68}},"line":208},"78":{"name":"(anonymous_78)","decl":{"start":{"line":211,"column":19},"end":{"line":211,"column":20}},"loc":{"start":{"line":211,"column":25},"end":{"line":211,"column":68}},"line":211},"79":{"name":"(anonymous_79)","decl":{"start":{"line":215,"column":10},"end":{"line":215,"column":11}},"loc":{"start":{"line":216,"column":8},"end":{"line":217,"column":46}},"line":216},"80":{"name":"(anonymous_80)","decl":{"start":{"line":217,"column":18},"end":{"line":217,"column":19}},"loc":{"start":{"line":217,"column":24},"end":{"line":217,"column":45}},"line":217}},"branchMap":{},"s":{"0":1,"1":1,"2":1,"3":1,"4":1,"5":1,"6":1,"7":1,"8":1,"9":1,"10":1,"11":1,"12":1,"13":1,"14":8,"15":8,"16":8,"17":8,"18":8,"19":8,"20":8,"21":8,"22":8,"23":8,"24":8,"25":8,"26":8,"27":8,"28":1,"29":1,"30":1,"31":1,"32":1,"33":1,"34":1,"35":1,"36":1,"37":1,"38":1,"39":1,"40":1,"41":1,"42":1,"43":1,"44":1,"45":1,"46":1,"47":1,"48":1,"49":1,"50":1,"51":1,"52":1,"53":1,"54":1,"55":1,"56":1,"57":1,"58":0,"59":1,"60":1,"61":1,"62":1,"63":1,"64":1,"65":1,"66":1,"67":1,"68":0,"69":1,"70":1,"71":1,"72":1,"73":1,"74":1,"75":1,"76":1,"77":0,"78":1,"79":1,"80":1,"81":1,"82":1,"83":1,"84":1,"85":1,"86":1,"87":0,"88":1,"89":1,"90":1,"91":1,"92":1,"93":1,"94":3,"95":3,"96":3,"97":3,"98":3,"99":3,"100":3,"101":3,"102":3,"103":1,"104":1,"105":1,"106":1,"107":1,"108":1,"109":1,"110":1,"111":1,"112":1,"113":1,"114":1,"115":1,"116":1,"117":1,"118":1,"119":1,"120":1,"121":1,"122":1,"123":1,"124":1,"125":1,"126":1,"127":1,"128":1,"129":1,"130":1,"131":1,"132":1,"133":1,"134":1,"135":1,"136":1,"137":1,"138":1,"139":1,"140":1,"141":1,"142":1,"143":1,"144":1},"f":{"0":1,"1":1,"2":1,"3":1,"4":8,"5":1,"6":1,"7":1,"8":1,"9":1,"10":1,"11":1,"12":1,"13":1,"14":1,"15":1,"16":1,"17":1,"18":1,"19":1,"20":1,"21":1,"22":1,"23":1,"24":1,"25":0,"26":1,"27":1,"28":1,"29":1,"30":1,"31":1,"32":1,"33":1,"34":0,"35":1,"36":1,"37":1,"38":1,"39":1,"40":1,"41":1,"42":0,"43":1,"44":1,"45":1,"46":1,"47":1,"48":1,"49":1,"50":1,"51":0,"52":1,"53":1,"54":1,"55":1,"56":1,"57":3,"58":3,"59":3,"60":3,"61":3,"62":3,"63":3,"64":1,"65":1,"66":1,"67":1,"68":1,"69":1,"70":1,"71":1,"72":1,"73":1,"74":1,"75":1,"76":1,"77":1,"78":1,"79":1,"80":1},"b":{},"_coverageSchema":"1a1c01bbd47fc00a2c39e90264f33305004495a9","hash":"d05555b2f02bfef3cb6c638212f63a4450a9f4b3","contentHash":"7accdede132a2fa7f580c29a9d1f472f7e61cb37812ead298883bcc7a302a46b"},"C:\\Users\\Alex\\bootcamp\\collab\\skylab-bootcamp-202001\\staff\\alex-park\\poopinion\\poopinion-api\\logic\\delete-comment.js":{"path":"C:\\Users\\Alex\\bootcamp\\collab\\skylab-bootcamp-202001\\staff\\alex-park\\poopinion\\poopinion-api\\logic\\delete-comment.js","statementMap":{"0":{"start":{"line":1,"column":21},"end":{"line":1,"column":47}},"1":{"start":{"line":2,"column":46},"end":{"line":2,"column":71}},"2":{"start":{"line":3,"column":43},"end":{"line":3,"column":70}},"3":{"start":{"line":18,"column":0},"end":{"line":35,"column":1}},"4":{"start":{"line":19,"column":4},"end":{"line":19,"column":29}},"5":{"start":{"line":20,"column":4},"end":{"line":20,"column":42}},"6":{"start":{"line":21,"column":4},"end":{"line":21,"column":44}},"7":{"start":{"line":23,"column":4},"end":{"line":34,"column":24}},"8":{"start":{"line":26,"column":12},"end":{"line":26,"column":83}},"9":{"start":{"line":26,"column":23},"end":{"line":26,"column":83}},"10":{"start":{"line":27,"column":12},"end":{"line":27,"column":96}},"11":{"start":{"line":27,"column":34},"end":{"line":27,"column":96}},"12":{"start":{"line":28,"column":12},"end":{"line":28,"column":93}},"13":{"start":{"line":28,"column":25},"end":{"line":28,"column":93}},"14":{"start":{"line":29,"column":12},"end":{"line":29,"column":96}},"15":{"start":{"line":29,"column":26},"end":{"line":29,"column":96}},"16":{"start":{"line":31,"column":12},"end":{"line":31,"column":168}},"17":{"start":{"line":33,"column":20},"end":{"line":33,"column":56}}},"fnMap":{"0":{"name":"(anonymous_0)","decl":{"start":{"line":18,"column":17},"end":{"line":18,"column":18}},"loc":{"start":{"line":18,"column":46},"end":{"line":35,"column":1}},"line":18},"1":{"name":"(anonymous_1)","decl":{"start":{"line":24,"column":14},"end":{"line":24,"column":15}},"loc":{"start":{"line":24,"column":43},"end":{"line":32,"column":9}},"line":24},"2":{"name":"(anonymous_2)","decl":{"start":{"line":33,"column":14},"end":{"line":33,"column":15}},"loc":{"start":{"line":33,"column":20},"end":{"line":33,"column":56}},"line":33},"3":{"name":"(anonymous_3)","decl":{"start":{"line":34,"column":14},"end":{"line":34,"column":15}},"loc":{"start":{"line":34,"column":20},"end":{"line":34,"column":23}},"line":34}},"branchMap":{"0":{"loc":{"start":{"line":26,"column":12},"end":{"line":26,"column":83}},"type":"if","locations":[{"start":{"line":26,"column":12},"end":{"line":26,"column":83}},{"start":{"line":26,"column":12},"end":{"line":26,"column":83}}],"line":26},"1":{"loc":{"start":{"line":27,"column":12},"end":{"line":27,"column":96}},"type":"if","locations":[{"start":{"line":27,"column":12},"end":{"line":27,"column":96}},{"start":{"line":27,"column":12},"end":{"line":27,"column":96}}],"line":27},"2":{"loc":{"start":{"line":28,"column":12},"end":{"line":28,"column":93}},"type":"if","locations":[{"start":{"line":28,"column":12},"end":{"line":28,"column":93}},{"start":{"line":28,"column":12},"end":{"line":28,"column":93}}],"line":28},"3":{"loc":{"start":{"line":29,"column":12},"end":{"line":29,"column":96}},"type":"if","locations":[{"start":{"line":29,"column":12},"end":{"line":29,"column":96}},{"start":{"line":29,"column":12},"end":{"line":29,"column":96}}],"line":29}},"s":{"0":1,"1":1,"2":1,"3":1,"4":17,"5":13,"6":9,"7":5,"8":5,"9":1,"10":4,"11":1,"12":3,"13":1,"14":2,"15":1,"16":1,"17":1},"f":{"0":17,"1":5,"2":1,"3":1},"b":{"0":[1,4],"1":[1,3],"2":[1,2],"3":[1,1]},"_coverageSchema":"1a1c01bbd47fc00a2c39e90264f33305004495a9","hash":"bb94ee37a7967d80fdf95c46984d027f27d7ace8","contentHash":"368b87a9b18f0833052b98b93a0ec16001c2333a3be1a650c64b913f331afb7e"},"C:\\Users\\Alex\\bootcamp\\collab\\skylab-bootcamp-202001\\staff\\alex-park\\poopinion\\poopinion-api\\logic\\delete-toilet.spec.js":{"path":"C:\\Users\\Alex\\bootcamp\\collab\\skylab-bootcamp-202001\\staff\\alex-park\\poopinion\\poopinion-api\\logic\\delete-toilet.spec.js","statementMap":{"0":{"start":{"line":1,"column":0},"end":{"line":1,"column":26}},"1":{"start":{"line":3,"column":38},"end":{"line":3,"column":45}},"2":{"start":{"line":4,"column":19},"end":{"line":4,"column":34}},"3":{"start":{"line":5,"column":26},"end":{"line":5,"column":30}},"4":{"start":{"line":6,"column":21},"end":{"line":6,"column":47}},"5":{"start":{"line":7,"column":56},"end":{"line":7,"column":81}},"6":{"start":{"line":9,"column":0},"end":{"line":171,"column":2}},"7":{"start":{"line":10,"column":4},"end":{"line":14,"column":5}},"8":{"start":{"line":11,"column":8},"end":{"line":13,"column":28}},"9":{"start":{"line":12,"column":24},"end":{"line":12,"column":99}},"10":{"start":{"line":16,"column":97},"end":{"line":16,"column":99}},"11":{"start":{"line":17,"column":20},"end":{"line":17,"column":52}},"12":{"start":{"line":18,"column":20},"end":{"line":18,"column":33}},"13":{"start":{"line":20,"column":4},"end":{"line":35,"column":6}},"14":{"start":{"line":21,"column":8},"end":{"line":21,"column":33}},"15":{"start":{"line":22,"column":8},"end":{"line":22,"column":39}},"16":{"start":{"line":23,"column":8},"end":{"line":23,"column":44}},"17":{"start":{"line":24,"column":8},"end":{"line":24,"column":41}},"18":{"start":{"line":25,"column":8},"end":{"line":25,"column":35}},"19":{"start":{"line":26,"column":8},"end":{"line":26,"column":58}},"20":{"start":{"line":27,"column":8},"end":{"line":27,"column":34}},"21":{"start":{"line":28,"column":8},"end":{"line":28,"column":46}},"22":{"start":{"line":29,"column":8},"end":{"line":29,"column":42}},"23":{"start":{"line":30,"column":8},"end":{"line":30,"column":74}},"24":{"start":{"line":31,"column":8},"end":{"line":31,"column":74}},"25":{"start":{"line":32,"column":8},"end":{"line":32,"column":74}},"26":{"start":{"line":33,"column":8},"end":{"line":33,"column":50}},"27":{"start":{"line":34,"column":8},"end":{"line":34,"column":47}},"28":{"start":{"line":37,"column":4},"end":{"line":81,"column":6}},"29":{"start":{"line":39,"column":8},"end":{"line":55,"column":9}},"30":{"start":{"line":40,"column":12},"end":{"line":54,"column":32}},"31":{"start":{"line":41,"column":34},"end":{"line":41,"column":42}},"32":{"start":{"line":42,"column":28},"end":{"line":42,"column":85}},"33":{"start":{"line":43,"column":34},"end":{"line":43,"column":48}},"34":{"start":{"line":44,"column":28},"end":{"line":44,"column":176}},"35":{"start":{"line":45,"column":28},"end":{"line":45,"column":89}},"36":{"start":{"line":47,"column":36},"end":{"line":47,"column":106}},"37":{"start":{"line":48,"column":20},"end":{"line":48,"column":47}},"38":{"start":{"line":49,"column":20},"end":{"line":49,"column":49}},"39":{"start":{"line":50,"column":20},"end":{"line":50,"column":84}},"40":{"start":{"line":52,"column":28},"end":{"line":52,"column":63}},"41":{"start":{"line":53,"column":34},"end":{"line":53,"column":49}},"42":{"start":{"line":57,"column":8},"end":{"line":80,"column":10}},"43":{"start":{"line":58,"column":12},"end":{"line":79,"column":18}},"44":{"start":{"line":60,"column":20},"end":{"line":60,"column":41}},"45":{"start":{"line":61,"column":20},"end":{"line":61,"column":77}},"46":{"start":{"line":62,"column":20},"end":{"line":62,"column":80}},"47":{"start":{"line":63,"column":20},"end":{"line":63,"column":43}},"48":{"start":{"line":64,"column":20},"end":{"line":64,"column":72}},"49":{"start":{"line":65,"column":20},"end":{"line":65,"column":82}},"50":{"start":{"line":67,"column":28},"end":{"line":67,"column":56}},"51":{"start":{"line":68,"column":28},"end":{"line":68,"column":70}},"52":{"start":{"line":70,"column":20},"end":{"line":70,"column":41}},"53":{"start":{"line":71,"column":20},"end":{"line":71,"column":60}},"54":{"start":{"line":72,"column":20},"end":{"line":72,"column":75}},"55":{"start":{"line":73,"column":20},"end":{"line":73,"column":69}},"56":{"start":{"line":75,"column":28},"end":{"line":75,"column":54}},"57":{"start":{"line":77,"column":20},"end":{"line":77,"column":44}},"58":{"start":{"line":78,"column":20},"end":{"line":78,"column":90}},"59":{"start":{"line":83,"column":4},"end":{"line":96,"column":6}},"60":{"start":{"line":84,"column":8},"end":{"line":84,"column":59}},"61":{"start":{"line":84,"column":25},"end":{"line":84,"column":58}},"62":{"start":{"line":86,"column":8},"end":{"line":95,"column":9}},"63":{"start":{"line":87,"column":12},"end":{"line":94,"column":32}},"64":{"start":{"line":88,"column":30},"end":{"line":88,"column":76}},"65":{"start":{"line":91,"column":20},"end":{"line":91,"column":55}},"66":{"start":{"line":92,"column":20},"end":{"line":92,"column":82}},"67":{"start":{"line":98,"column":4},"end":{"line":115,"column":6}},"68":{"start":{"line":99,"column":8},"end":{"line":104,"column":9}},"69":{"start":{"line":100,"column":12},"end":{"line":103,"column":32}},"70":{"start":{"line":101,"column":34},"end":{"line":101,"column":42}},"71":{"start":{"line":102,"column":28},"end":{"line":102,"column":88}},"72":{"start":{"line":106,"column":8},"end":{"line":114,"column":9}},"73":{"start":{"line":107,"column":12},"end":{"line":113,"column":32}},"74":{"start":{"line":108,"column":30},"end":{"line":108,"column":76}},"75":{"start":{"line":110,"column":20},"end":{"line":110,"column":55}},"76":{"start":{"line":111,"column":20},"end":{"line":111,"column":82}},"77":{"start":{"line":117,"column":4},"end":{"line":165,"column":6}},"78":{"start":{"line":119,"column":8},"end":{"line":136,"column":9}},"79":{"start":{"line":120,"column":12},"end":{"line":135,"column":32}},"80":{"start":{"line":122,"column":20},"end":{"line":122,"column":28}},"81":{"start":{"line":123,"column":20},"end":{"line":123,"column":29}},"82":{"start":{"line":125,"column":28},"end":{"line":125,"column":85}},"83":{"start":{"line":127,"column":20},"end":{"line":127,"column":34}},"84":{"start":{"line":128,"column":20},"end":{"line":128,"column":35}},"85":{"start":{"line":130,"column":28},"end":{"line":130,"column":111}},"86":{"start":{"line":132,"column":20},"end":{"line":132,"column":36}},"87":{"start":{"line":133,"column":20},"end":{"line":133,"column":35}},"88":{"start":{"line":138,"column":8},"end":{"line":150,"column":10}},"89":{"start":{"line":139,"column":12},"end":{"line":139,"column":28}},"90":{"start":{"line":140,"column":12},"end":{"line":140,"column":115}},"91":{"start":{"line":140,"column":25},"end":{"line":140,"column":65}},"92":{"start":{"line":142,"column":12},"end":{"line":142,"column":23}},"93":{"start":{"line":143,"column":12},"end":{"line":143,"column":115}},"94":{"start":{"line":143,"column":25},"end":{"line":143,"column":65}},"95":{"start":{"line":145,"column":12},"end":{"line":145,"column":27}},"96":{"start":{"line":146,"column":12},"end":{"line":146,"column":115}},"97":{"start":{"line":146,"column":25},"end":{"line":146,"column":65}},"98":{"start":{"line":148,"column":12},"end":{"line":148,"column":20}},"99":{"start":{"line":149,"column":12},"end":{"line":149,"column":115}},"100":{"start":{"line":149,"column":25},"end":{"line":149,"column":65}},"101":{"start":{"line":152,"column":8},"end":{"line":164,"column":10}},"102":{"start":{"line":153,"column":12},"end":{"line":153,"column":34}},"103":{"start":{"line":154,"column":12},"end":{"line":154,"column":129}},"104":{"start":{"line":154,"column":25},"end":{"line":154,"column":66}},"105":{"start":{"line":156,"column":12},"end":{"line":156,"column":29}},"106":{"start":{"line":157,"column":12},"end":{"line":157,"column":129}},"107":{"start":{"line":157,"column":25},"end":{"line":157,"column":66}},"108":{"start":{"line":159,"column":12},"end":{"line":159,"column":33}},"109":{"start":{"line":160,"column":12},"end":{"line":160,"column":129}},"110":{"start":{"line":160,"column":25},"end":{"line":160,"column":66}},"111":{"start":{"line":162,"column":12},"end":{"line":162,"column":26}},"112":{"start":{"line":163,"column":12},"end":{"line":163,"column":129}},"113":{"start":{"line":163,"column":25},"end":{"line":163,"column":66}},"114":{"start":{"line":167,"column":4},"end":{"line":170,"column":5}},"115":{"start":{"line":168,"column":8},"end":{"line":169,"column":46}},"116":{"start":{"line":169,"column":24},"end":{"line":169,"column":45}}},"fnMap":{"0":{"name":"(anonymous_0)","decl":{"start":{"line":9,"column":25},"end":{"line":9,"column":26}},"loc":{"start":{"line":9,"column":31},"end":{"line":171,"column":1}},"line":9},"1":{"name":"(anonymous_1)","decl":{"start":{"line":10,"column":11},"end":{"line":10,"column":12}},"loc":{"start":{"line":11,"column":8},"end":{"line":13,"column":28}},"line":11},"2":{"name":"(anonymous_2)","decl":{"start":{"line":12,"column":18},"end":{"line":12,"column":19}},"loc":{"start":{"line":12,"column":24},"end":{"line":12,"column":99}},"line":12},"3":{"name":"(anonymous_3)","decl":{"start":{"line":13,"column":18},"end":{"line":13,"column":19}},"loc":{"start":{"line":13,"column":24},"end":{"line":13,"column":27}},"line":13},"4":{"name":"(anonymous_4)","decl":{"start":{"line":20,"column":15},"end":{"line":20,"column":16}},"loc":{"start":{"line":20,"column":21},"end":{"line":35,"column":5}},"line":20},"5":{"name":"(anonymous_5)","decl":{"start":{"line":37,"column":56},"end":{"line":37,"column":57}},"loc":{"start":{"line":37,"column":62},"end":{"line":81,"column":5}},"line":37},"6":{"name":"(anonymous_6)","decl":{"start":{"line":39,"column":19},"end":{"line":39,"column":20}},"loc":{"start":{"line":40,"column":12},"end":{"line":54,"column":32}},"line":40},"7":{"name":"(anonymous_7)","decl":{"start":{"line":41,"column":22},"end":{"line":41,"column":23}},"loc":{"start":{"line":41,"column":34},"end":{"line":41,"column":42}},"line":41},"8":{"name":"(anonymous_8)","decl":{"start":{"line":42,"column":22},"end":{"line":42,"column":23}},"loc":{"start":{"line":42,"column":28},"end":{"line":42,"column":85}},"line":42},"9":{"name":"(anonymous_9)","decl":{"start":{"line":43,"column":22},"end":{"line":43,"column":23}},"loc":{"start":{"line":43,"column":34},"end":{"line":43,"column":48}},"line":43},"10":{"name":"(anonymous_10)","decl":{"start":{"line":44,"column":22},"end":{"line":44,"column":23}},"loc":{"start":{"line":44,"column":28},"end":{"line":44,"column":176}},"line":44},"11":{"name":"(anonymous_11)","decl":{"start":{"line":45,"column":22},"end":{"line":45,"column":23}},"loc":{"start":{"line":45,"column":28},"end":{"line":45,"column":89}},"line":45},"12":{"name":"(anonymous_12)","decl":{"start":{"line":46,"column":22},"end":{"line":46,"column":23}},"loc":{"start":{"line":46,"column":42},"end":{"line":51,"column":17}},"line":46},"13":{"name":"(anonymous_13)","decl":{"start":{"line":52,"column":22},"end":{"line":52,"column":23}},"loc":{"start":{"line":52,"column":28},"end":{"line":52,"column":63}},"line":52},"14":{"name":"(anonymous_14)","decl":{"start":{"line":53,"column":22},"end":{"line":53,"column":23}},"loc":{"start":{"line":53,"column":34},"end":{"line":53,"column":49}},"line":53},"15":{"name":"(anonymous_15)","decl":{"start":{"line":54,"column":22},"end":{"line":54,"column":23}},"loc":{"start":{"line":54,"column":28},"end":{"line":54,"column":31}},"line":54},"16":{"name":"(anonymous_16)","decl":{"start":{"line":57,"column":94},"end":{"line":57,"column":95}},"loc":{"start":{"line":57,"column":100},"end":{"line":80,"column":9}},"line":57},"17":{"name":"(anonymous_17)","decl":{"start":{"line":59,"column":22},"end":{"line":59,"column":23}},"loc":{"start":{"line":59,"column":42},"end":{"line":66,"column":17}},"line":59},"18":{"name":"(anonymous_18)","decl":{"start":{"line":67,"column":22},"end":{"line":67,"column":23}},"loc":{"start":{"line":67,"column":28},"end":{"line":67,"column":56}},"line":67},"19":{"name":"(anonymous_19)","decl":{"start":{"line":68,"column":22},"end":{"line":68,"column":23}},"loc":{"start":{"line":68,"column":28},"end":{"line":68,"column":70}},"line":68},"20":{"name":"(anonymous_20)","decl":{"start":{"line":69,"column":22},"end":{"line":69,"column":23}},"loc":{"start":{"line":69,"column":30},"end":{"line":74,"column":17}},"line":69},"21":{"name":"(anonymous_21)","decl":{"start":{"line":75,"column":22},"end":{"line":75,"column":23}},"loc":{"start":{"line":75,"column":28},"end":{"line":75,"column":54}},"line":75},"22":{"name":"(anonymous_22)","decl":{"start":{"line":76,"column":23},"end":{"line":76,"column":24}},"loc":{"start":{"line":76,"column":40},"end":{"line":79,"column":17}},"line":76},"23":{"name":"(anonymous_23)","decl":{"start":{"line":83,"column":45},"end":{"line":83,"column":46}},"loc":{"start":{"line":83,"column":51},"end":{"line":96,"column":5}},"line":83},"24":{"name":"(anonymous_24)","decl":{"start":{"line":84,"column":19},"end":{"line":84,"column":20}},"loc":{"start":{"line":84,"column":25},"end":{"line":84,"column":58}},"line":84},"25":{"name":"(anonymous_25)","decl":{"start":{"line":84,"column":48},"end":{"line":84,"column":49}},"loc":{"start":{"line":84,"column":54},"end":{"line":84,"column":57}},"line":84},"26":{"name":"(anonymous_26)","decl":{"start":{"line":86,"column":72},"end":{"line":86,"column":73}},"loc":{"start":{"line":87,"column":12},"end":{"line":94,"column":32}},"line":87},"27":{"name":"(anonymous_27)","decl":{"start":{"line":88,"column":22},"end":{"line":88,"column":23}},"loc":{"start":{"line":88,"column":28},"end":{"line":88,"column":78}},"line":88},"28":{"name":"(anonymous_28)","decl":{"start":{"line":89,"column":23},"end":{"line":89,"column":24}},"loc":{"start":{"line":89,"column":40},"end":{"line":93,"column":17}},"line":89},"29":{"name":"(anonymous_29)","decl":{"start":{"line":94,"column":22},"end":{"line":94,"column":23}},"loc":{"start":{"line":94,"column":28},"end":{"line":94,"column":31}},"line":94},"30":{"name":"(anonymous_30)","decl":{"start":{"line":98,"column":45},"end":{"line":98,"column":46}},"loc":{"start":{"line":98,"column":51},"end":{"line":115,"column":5}},"line":98},"31":{"name":"(anonymous_31)","decl":{"start":{"line":99,"column":19},"end":{"line":99,"column":20}},"loc":{"start":{"line":100,"column":12},"end":{"line":103,"column":32}},"line":100},"32":{"name":"(anonymous_32)","decl":{"start":{"line":101,"column":22},"end":{"line":101,"column":23}},"loc":{"start":{"line":101,"column":34},"end":{"line":101,"column":42}},"line":101},"33":{"name":"(anonymous_33)","decl":{"start":{"line":102,"column":22},"end":{"line":102,"column":23}},"loc":{"start":{"line":102,"column":28},"end":{"line":102,"column":88}},"line":102},"34":{"name":"(anonymous_34)","decl":{"start":{"line":103,"column":22},"end":{"line":103,"column":23}},"loc":{"start":{"line":103,"column":28},"end":{"line":103,"column":31}},"line":103},"35":{"name":"(anonymous_35)","decl":{"start":{"line":106,"column":72},"end":{"line":106,"column":73}},"loc":{"start":{"line":107,"column":12},"end":{"line":113,"column":32}},"line":107},"36":{"name":"(anonymous_36)","decl":{"start":{"line":108,"column":22},"end":{"line":108,"column":23}},"loc":{"start":{"line":108,"column":28},"end":{"line":108,"column":78}},"line":108},"37":{"name":"(anonymous_37)","decl":{"start":{"line":109,"column":23},"end":{"line":109,"column":24}},"loc":{"start":{"line":109,"column":40},"end":{"line":112,"column":17}},"line":109},"38":{"name":"(anonymous_38)","decl":{"start":{"line":113,"column":22},"end":{"line":113,"column":23}},"loc":{"start":{"line":113,"column":28},"end":{"line":113,"column":31}},"line":113},"39":{"name":"(anonymous_39)","decl":{"start":{"line":117,"column":30},"end":{"line":117,"column":31}},"loc":{"start":{"line":117,"column":36},"end":{"line":165,"column":5}},"line":117},"40":{"name":"(anonymous_40)","decl":{"start":{"line":119,"column":19},"end":{"line":119,"column":20}},"loc":{"start":{"line":120,"column":12},"end":{"line":135,"column":32}},"line":120},"41":{"name":"(anonymous_41)","decl":{"start":{"line":121,"column":22},"end":{"line":121,"column":23}},"loc":{"start":{"line":121,"column":34},"end":{"line":124,"column":17}},"line":121},"42":{"name":"(anonymous_42)","decl":{"start":{"line":125,"column":22},"end":{"line":125,"column":23}},"loc":{"start":{"line":125,"column":28},"end":{"line":125,"column":85}},"line":125},"43":{"name":"(anonymous_43)","decl":{"start":{"line":126,"column":22},"end":{"line":126,"column":23}},"loc":{"start":{"line":126,"column":34},"end":{"line":129,"column":17}},"line":126},"44":{"name":"(anonymous_44)","decl":{"start":{"line":130,"column":22},"end":{"line":130,"column":23}},"loc":{"start":{"line":130,"column":28},"end":{"line":130,"column":111}},"line":130},"45":{"name":"(anonymous_45)","decl":{"start":{"line":131,"column":22},"end":{"line":131,"column":23}},"loc":{"start":{"line":131,"column":34},"end":{"line":134,"column":17}},"line":131},"46":{"name":"(anonymous_46)","decl":{"start":{"line":135,"column":22},"end":{"line":135,"column":23}},"loc":{"start":{"line":135,"column":28},"end":{"line":135,"column":31}},"line":135},"47":{"name":"(anonymous_47)","decl":{"start":{"line":138,"column":50},"end":{"line":138,"column":51}},"loc":{"start":{"line":138,"column":56},"end":{"line":150,"column":9}},"line":138},"48":{"name":"(anonymous_48)","decl":{"start":{"line":140,"column":19},"end":{"line":140,"column":20}},"loc":{"start":{"line":140,"column":25},"end":{"line":140,"column":65}},"line":140},"49":{"name":"(anonymous_49)","decl":{"start":{"line":143,"column":19},"end":{"line":143,"column":20}},"loc":{"start":{"line":143,"column":25},"end":{"line":143,"column":65}},"line":143},"50":{"name":"(anonymous_50)","decl":{"start":{"line":146,"column":19},"end":{"line":146,"column":20}},"loc":{"start":{"line":146,"column":25},"end":{"line":146,"column":65}},"line":146},"51":{"name":"(anonymous_51)","decl":{"start":{"line":149,"column":19},"end":{"line":149,"column":20}},"loc":{"start":{"line":149,"column":25},"end":{"line":149,"column":65}},"line":149},"52":{"name":"(anonymous_52)","decl":{"start":{"line":152,"column":52},"end":{"line":152,"column":53}},"loc":{"start":{"line":152,"column":58},"end":{"line":164,"column":9}},"line":152},"53":{"name":"(anonymous_53)","decl":{"start":{"line":154,"column":19},"end":{"line":154,"column":20}},"loc":{"start":{"line":154,"column":25},"end":{"line":154,"column":66}},"line":154},"54":{"name":"(anonymous_54)","decl":{"start":{"line":157,"column":19},"end":{"line":157,"column":20}},"loc":{"start":{"line":157,"column":25},"end":{"line":157,"column":66}},"line":157},"55":{"name":"(anonymous_55)","decl":{"start":{"line":160,"column":19},"end":{"line":160,"column":20}},"loc":{"start":{"line":160,"column":25},"end":{"line":160,"column":66}},"line":160},"56":{"name":"(anonymous_56)","decl":{"start":{"line":163,"column":19},"end":{"line":163,"column":20}},"loc":{"start":{"line":163,"column":25},"end":{"line":163,"column":66}},"line":163},"57":{"name":"(anonymous_57)","decl":{"start":{"line":167,"column":10},"end":{"line":167,"column":11}},"loc":{"start":{"line":168,"column":8},"end":{"line":169,"column":46}},"line":168},"58":{"name":"(anonymous_58)","decl":{"start":{"line":169,"column":18},"end":{"line":169,"column":19}},"loc":{"start":{"line":169,"column":24},"end":{"line":169,"column":45}},"line":169}},"branchMap":{},"s":{"0":1,"1":1,"2":1,"3":1,"4":1,"5":1,"6":1,"7":1,"8":1,"9":1,"10":1,"11":1,"12":1,"13":1,"14":5,"15":5,"16":5,"17":5,"18":5,"19":5,"20":5,"21":5,"22":5,"23":5,"24":5,"25":5,"26":5,"27":5,"28":1,"29":1,"30":1,"31":1,"32":1,"33":1,"34":1,"35":1,"36":1,"37":1,"38":1,"39":1,"40":1,"41":1,"42":1,"43":1,"44":1,"45":1,"46":1,"47":1,"48":1,"49":1,"50":1,"51":1,"52":1,"53":1,"54":1,"55":1,"56":1,"57":0,"58":0,"59":1,"60":1,"61":1,"62":1,"63":1,"64":0,"65":1,"66":1,"67":1,"68":1,"69":1,"70":1,"71":1,"72":1,"73":1,"74":0,"75":1,"76":1,"77":1,"78":1,"79":2,"80":2,"81":2,"82":2,"83":2,"84":2,"85":2,"86":2,"87":2,"88":1,"89":1,"90":1,"91":1,"92":1,"93":1,"94":1,"95":1,"96":1,"97":1,"98":1,"99":1,"100":1,"101":1,"102":1,"103":1,"104":1,"105":1,"106":1,"107":1,"108":1,"109":1,"110":1,"111":1,"112":1,"113":1,"114":1,"115":1,"116":1},"f":{"0":1,"1":1,"2":1,"3":1,"4":5,"5":1,"6":1,"7":1,"8":1,"9":1,"10":1,"11":1,"12":1,"13":1,"14":1,"15":1,"16":1,"17":1,"18":1,"19":1,"20":1,"21":1,"22":0,"23":1,"24":1,"25":1,"26":1,"27":0,"28":1,"29":1,"30":1,"31":1,"32":1,"33":1,"34":1,"35":1,"36":0,"37":1,"38":1,"39":1,"40":2,"41":2,"42":2,"43":2,"44":2,"45":2,"46":2,"47":1,"48":1,"49":1,"50":1,"51":1,"52":1,"53":1,"54":1,"55":1,"56":1,"57":1,"58":1},"b":{},"_coverageSchema":"1a1c01bbd47fc00a2c39e90264f33305004495a9","hash":"340b93d1e708e641fd376f3db07f9d413eddfde3","contentHash":"4ddc870ecaea107fdd456267129784b83a1c389c19a1c763c2477b721b4d4e76"},"C:\\Users\\Alex\\bootcamp\\collab\\skylab-bootcamp-202001\\staff\\alex-park\\poopinion\\poopinion-api\\logic\\delete-toilet.js":{"path":"C:\\Users\\Alex\\bootcamp\\collab\\skylab-bootcamp-202001\\staff\\alex-park\\poopinion\\poopinion-api\\logic\\delete-toilet.js","statementMap":{"0":{"start":{"line":1,"column":21},"end":{"line":1,"column":47}},"1":{"start":{"line":2,"column":46},"end":{"line":2,"column":71}},"2":{"start":{"line":3,"column":43},"end":{"line":3,"column":70}},"3":{"start":{"line":17,"column":0},"end":{"line":44,"column":1}},"4":{"start":{"line":18,"column":4},"end":{"line":18,"column":29}},"5":{"start":{"line":19,"column":4},"end":{"line":19,"column":42}},"6":{"start":{"line":21,"column":4},"end":{"line":43,"column":24}},"7":{"start":{"line":23,"column":12},"end":{"line":23,"column":83}},"8":{"start":{"line":23,"column":23},"end":{"line":23,"column":83}},"9":{"start":{"line":24,"column":12},"end":{"line":24,"column":96}},"10":{"start":{"line":24,"column":34},"end":{"line":24,"column":96}},"11":{"start":{"line":25,"column":12},"end":{"line":25,"column":93}},"12":{"start":{"line":25,"column":25},"end":{"line":25,"column":93}},"13":{"start":{"line":27,"column":12},"end":{"line":31,"column":15}},"14":{"start":{"line":28,"column":30},"end":{"line":28,"column":40}},"15":{"start":{"line":29,"column":16},"end":{"line":30,"column":139}},"16":{"start":{"line":30,"column":35},"end":{"line":30,"column":138}},"17":{"start":{"line":30,"column":57},"end":{"line":30,"column":137}},"18":{"start":{"line":33,"column":20},"end":{"line":33,"column":59}},"19":{"start":{"line":34,"column":31},"end":{"line":34,"column":119}},"20":{"start":{"line":34,"column":64},"end":{"line":34,"column":118}},"21":{"start":{"line":35,"column":20},"end":{"line":35,"column":55}},"22":{"start":{"line":37,"column":12},"end":{"line":39,"column":14}},"23":{"start":{"line":38,"column":16},"end":{"line":38,"column":101}},"24":{"start":{"line":41,"column":20},"end":{"line":41,"column":111}},"25":{"start":{"line":42,"column":20},"end":{"line":42,"column":54}}},"fnMap":{"0":{"name":"(anonymous_0)","decl":{"start":{"line":17,"column":17},"end":{"line":17,"column":18}},"loc":{"start":{"line":17,"column":35},"end":{"line":44,"column":1}},"line":17},"1":{"name":"(anonymous_1)","decl":{"start":{"line":22,"column":14},"end":{"line":22,"column":15}},"loc":{"start":{"line":22,"column":34},"end":{"line":32,"column":9}},"line":22},"2":{"name":"(anonymous_2)","decl":{"start":{"line":27,"column":59},"end":{"line":27,"column":60}},"loc":{"start":{"line":27,"column":70},"end":{"line":31,"column":13}},"line":27},"3":{"name":"(anonymous_3)","decl":{"start":{"line":30,"column":26},"end":{"line":30,"column":27}},"loc":{"start":{"line":30,"column":35},"end":{"line":30,"column":138}},"line":30},"4":{"name":"(anonymous_4)","decl":{"start":{"line":30,"column":49},"end":{"line":30,"column":50}},"loc":{"start":{"line":30,"column":57},"end":{"line":30,"column":137}},"line":30},"5":{"name":"(anonymous_5)","decl":{"start":{"line":33,"column":14},"end":{"line":33,"column":15}},"loc":{"start":{"line":33,"column":20},"end":{"line":33,"column":59}},"line":33},"6":{"name":"(anonymous_6)","decl":{"start":{"line":34,"column":14},"end":{"line":34,"column":15}},"loc":{"start":{"line":34,"column":31},"end":{"line":34,"column":119}},"line":34},"7":{"name":"(anonymous_7)","decl":{"start":{"line":34,"column":53},"end":{"line":34,"column":54}},"loc":{"start":{"line":34,"column":64},"end":{"line":34,"column":118}},"line":34},"8":{"name":"(anonymous_8)","decl":{"start":{"line":35,"column":14},"end":{"line":35,"column":15}},"loc":{"start":{"line":35,"column":20},"end":{"line":35,"column":55}},"line":35},"9":{"name":"(anonymous_9)","decl":{"start":{"line":36,"column":14},"end":{"line":36,"column":15}},"loc":{"start":{"line":36,"column":23},"end":{"line":40,"column":9}},"line":36},"10":{"name":"(anonymous_10)","decl":{"start":{"line":37,"column":26},"end":{"line":37,"column":27}},"loc":{"start":{"line":37,"column":34},"end":{"line":39,"column":13}},"line":37},"11":{"name":"(anonymous_11)","decl":{"start":{"line":41,"column":14},"end":{"line":41,"column":15}},"loc":{"start":{"line":41,"column":20},"end":{"line":41,"column":111}},"line":41},"12":{"name":"(anonymous_12)","decl":{"start":{"line":42,"column":14},"end":{"line":42,"column":15}},"loc":{"start":{"line":42,"column":20},"end":{"line":42,"column":54}},"line":42},"13":{"name":"(anonymous_13)","decl":{"start":{"line":43,"column":14},"end":{"line":43,"column":15}},"loc":{"start":{"line":43,"column":20},"end":{"line":43,"column":23}},"line":43}},"branchMap":{"0":{"loc":{"start":{"line":23,"column":12},"end":{"line":23,"column":83}},"type":"if","locations":[{"start":{"line":23,"column":12},"end":{"line":23,"column":83}},{"start":{"line":23,"column":12},"end":{"line":23,"column":83}}],"line":23},"1":{"loc":{"start":{"line":24,"column":12},"end":{"line":24,"column":96}},"type":"if","locations":[{"start":{"line":24,"column":12},"end":{"line":24,"column":96}},{"start":{"line":24,"column":12},"end":{"line":24,"column":96}}],"line":24},"2":{"loc":{"start":{"line":25,"column":12},"end":{"line":25,"column":93}},"type":"if","locations":[{"start":{"line":25,"column":12},"end":{"line":25,"column":93}},{"start":{"line":25,"column":12},"end":{"line":25,"column":93}}],"line":25}},"s":{"0":1,"1":1,"2":1,"3":1,"4":11,"5":7,"6":3,"7":3,"8":1,"9":2,"10":1,"11":1,"12":0,"13":1,"14":1,"15":1,"16":1,"17":1,"18":1,"19":1,"20":1,"21":1,"22":1,"23":1,"24":1,"25":1},"f":{"0":11,"1":3,"2":1,"3":1,"4":1,"5":1,"6":1,"7":1,"8":1,"9":1,"10":1,"11":1,"12":1,"13":1},"b":{"0":[1,2],"1":[1,1],"2":[0,1]},"_coverageSchema":"1a1c01bbd47fc00a2c39e90264f33305004495a9","hash":"27225934c179c1a30cb3028aedd9daf0ab32365d","contentHash":"8448febc189ed02784245028cbd9e308587b6ea350216e0bbcd2b7dcc473d4e2"},"C:\\Users\\Alex\\bootcamp\\collab\\skylab-bootcamp-202001\\staff\\alex-park\\poopinion\\poopinion-api\\logic\\publish-comment.spec.js":{"path":"C:\\Users\\Alex\\bootcamp\\collab\\skylab-bootcamp-202001\\staff\\alex-park\\poopinion\\poopinion-api\\logic\\publish-comment.spec.js","statementMap":{"0":{"start":{"line":1,"column":0},"end":{"line":1,"column":26}},"1":{"start":{"line":3,"column":38},"end":{"line":3,"column":45}},"2":{"start":{"line":4,"column":19},"end":{"line":4,"column":34}},"3":{"start":{"line":5,"column":26},"end":{"line":5,"column":30}},"4":{"start":{"line":6,"column":23},"end":{"line":6,"column":51}},"5":{"start":{"line":7,"column":56},"end":{"line":7,"column":81}},"6":{"start":{"line":9,"column":0},"end":{"line":191,"column":2}},"7":{"start":{"line":10,"column":4},"end":{"line":14,"column":5}},"8":{"start":{"line":11,"column":8},"end":{"line":13,"column":28}},"9":{"start":{"line":12,"column":24},"end":{"line":12,"column":99}},"10":{"start":{"line":16,"column":85},"end":{"line":16,"column":87}},"11":{"start":{"line":17,"column":20},"end":{"line":17,"column":52}},"12":{"start":{"line":18,"column":20},"end":{"line":18,"column":33}},"13":{"start":{"line":20,"column":4},"end":{"line":35,"column":6}},"14":{"start":{"line":21,"column":8},"end":{"line":21,"column":33}},"15":{"start":{"line":22,"column":8},"end":{"line":22,"column":39}},"16":{"start":{"line":23,"column":8},"end":{"line":23,"column":44}},"17":{"start":{"line":24,"column":8},"end":{"line":24,"column":41}},"18":{"start":{"line":25,"column":8},"end":{"line":25,"column":35}},"19":{"start":{"line":26,"column":8},"end":{"line":26,"column":58}},"20":{"start":{"line":27,"column":8},"end":{"line":27,"column":34}},"21":{"start":{"line":28,"column":8},"end":{"line":28,"column":46}},"22":{"start":{"line":29,"column":8},"end":{"line":29,"column":42}},"23":{"start":{"line":30,"column":8},"end":{"line":30,"column":74}},"24":{"start":{"line":31,"column":8},"end":{"line":31,"column":74}},"25":{"start":{"line":32,"column":8},"end":{"line":32,"column":74}},"26":{"start":{"line":33,"column":8},"end":{"line":33,"column":50}},"27":{"start":{"line":34,"column":8},"end":{"line":34,"column":47}},"28":{"start":{"line":37,"column":4},"end":{"line":80,"column":6}},"29":{"start":{"line":39,"column":8},"end":{"line":45,"column":9}},"30":{"start":{"line":40,"column":12},"end":{"line":44,"column":32}},"31":{"start":{"line":41,"column":34},"end":{"line":41,"column":42}},"32":{"start":{"line":42,"column":28},"end":{"line":42,"column":85}},"33":{"start":{"line":43,"column":34},"end":{"line":43,"column":48}},"34":{"start":{"line":47,"column":8},"end":{"line":78,"column":10}},"35":{"start":{"line":48,"column":12},"end":{"line":77,"column":32}},"36":{"start":{"line":49,"column":28},"end":{"line":49,"column":63}},"37":{"start":{"line":51,"column":20},"end":{"line":51,"column":70}},"38":{"start":{"line":52,"column":20},"end":{"line":52,"column":78}},"39":{"start":{"line":54,"column":137},"end":{"line":54,"column":144}},"40":{"start":{"line":55,"column":20},"end":{"line":55,"column":64}},"41":{"start":{"line":56,"column":20},"end":{"line":56,"column":56}},"42":{"start":{"line":57,"column":20},"end":{"line":57,"column":76}},"43":{"start":{"line":58,"column":20},"end":{"line":58,"column":76}},"44":{"start":{"line":59,"column":20},"end":{"line":59,"column":76}},"45":{"start":{"line":60,"column":20},"end":{"line":60,"column":72}},"46":{"start":{"line":61,"column":20},"end":{"line":61,"column":62}},"47":{"start":{"line":63,"column":28},"end":{"line":63,"column":74}},"48":{"start":{"line":66,"column":20},"end":{"line":66,"column":73}},"49":{"start":{"line":67,"column":20},"end":{"line":67,"column":79}},"50":{"start":{"line":68,"column":20},"end":{"line":68,"column":71}},"51":{"start":{"line":69,"column":20},"end":{"line":69,"column":88}},"52":{"start":{"line":70,"column":20},"end":{"line":70,"column":80}},"53":{"start":{"line":71,"column":20},"end":{"line":71,"column":100}},"54":{"start":{"line":72,"column":20},"end":{"line":72,"column":100}},"55":{"start":{"line":73,"column":20},"end":{"line":73,"column":100}},"56":{"start":{"line":74,"column":20},"end":{"line":74,"column":96}},"57":{"start":{"line":75,"column":20},"end":{"line":75,"column":86}},"58":{"start":{"line":82,"column":4},"end":{"line":92,"column":6}},"59":{"start":{"line":83,"column":8},"end":{"line":91,"column":10}},"60":{"start":{"line":84,"column":12},"end":{"line":90,"column":32}},"61":{"start":{"line":85,"column":30},"end":{"line":85,"column":76}},"62":{"start":{"line":87,"column":20},"end":{"line":87,"column":55}},"63":{"st
[...]
":137,"column":25},"end":{"line":137,"column":70}},"85":{"start":{"line":139,"column":12},"end":{"line":139,"column":20}},"86":{"start":{"line":140,"column":12},"end":{"line":140,"column":120}},"87":{"start":{"line":140,"column":25},"end":{"line":140,"column":70}},"88":{"start":{"line":143,"column":8},"end":{"line":155,"column":10}},"89":{"start":{"line":144,"column":12},"end":{"line":144,"column":29}},"90":{"start":{"line":145,"column":12},"end":{"line":145,"column":110}},"91":{"start":{"line":145,"column":25},"end":{"line":145,"column":57}},"92":{"start":{"line":147,"column":12},"end":{"line":147,"column":24}},"93":{"start":{"line":148,"column":12},"end":{"line":148,"column":110}},"94":{"start":{"line":148,"column":25},"end":{"line":148,"column":57}},"95":{"start":{"line":150,"column":12},"end":{"line":150,"column":28}},"96":{"start":{"line":151,"column":12},"end":{"line":151,"column":110}},"97":{"start":{"line":151,"column":25},"end":{"line":151,"column":57}},"98":{"start":{"line":153,"column":12},"end":{"line":153,"column":36}},"99":{"start":{"line":154,"column":12},"end":{"line":154,"column":110}},"100":{"start":{"line":154,"column":25},"end":{"line":154,"column":57}},"101":{"start":{"line":157,"column":8},"end":{"line":169,"column":10}},"102":{"start":{"line":158,"column":12},"end":{"line":158,"column":33}},"103":{"start":{"line":159,"column":12},"end":{"line":159,"column":132}},"104":{"start":{"line":159,"column":25},"end":{"line":159,"column":71}},"105":{"start":{"line":161,"column":12},"end":{"line":161,"column":28}},"106":{"start":{"line":162,"column":12},"end":{"line":162,"column":132}},"107":{"start":{"line":162,"column":25},"end":{"line":162,"column":71}},"108":{"start":{"line":164,"column":12},"end":{"line":164,"column":32}},"109":{"start":{"line":165,"column":12},"end":{"line":165,"column":132}},"110":{"start":{"line":165,"column":25},"end":{"line":165,"column":71}},"111":{"start":{"line":167,"column":12},"end":{"line":167,"column":25}},"112":{"start":{"line":168,"column":12},"end":{"line":168,"column":132}},"113":{"start":{"line":168,"column":25},"end":{"line":168,"column":71}},"114":{"start":{"line":172,"column":4},"end":{"line":175,"column":5}},"115":{"start":{"line":173,"column":8},"end":{"line":174,"column":46}},"116":{"start":{"line":174,"column":24},"end":{"line":174,"column":45}}},"fnMap":{"0":{"name":"(anonymous_0)","decl":{"start":{"line":10,"column":23},"end":{"line":10,"column":24}},"loc":{"start":{"line":10,"column":29},"end":{"line":176,"column":1}},"line":10},"1":{"name":"(anonymous_1)","decl":{"start":{"line":14,"column":11},"end":{"line":14,"column":12}},"loc":{"start":{"line":15,"column":8},"end":{"line":17,"column":28}},"line":15},"2":{"name":"(anonymous_2)","decl":{"start":{"line":16,"column":18},"end":{"line":16,"column":19}},"loc":{"start":{"line":16,"column":24},"end":{"line":16,"column":99}},"line":16},"3":{"name":"(anonymous_3)","decl":{"start":{"line":17,"column":18},"end":{"line":17,"column":19}},"loc":{"start":{"line":17,"column":24},"end":{"line":17,"column":27}},"line":17},"4":{"name":"(anonymous_4)","decl":{"start":{"line":20,"column":15},"end":{"line":20,"column":16}},"loc":{"start":{"line":20,"column":21},"end":{"line":27,"column":5}},"line":20},"5":{"name":"(anonymous_5)","decl":{"start":{"line":29,"column":37},"end":{"line":29,"column":38}},"loc":{"start":{"line":29,"column":43},"end":{"line":66,"column":5}},"line":29},"6":{"name":"(anonymous_6)","decl":{"start":{"line":30,"column":19},"end":{"line":30,"column":20}},"loc":{"start":{"line":31,"column":12},"end":{"line":35,"column":44}},"line":31},"7":{"name":"(anonymous_7)","decl":{"start":{"line":32,"column":22},"end":{"line":32,"column":23}},"loc":{"start":{"line":33,"column":20},"end":{"line":33,"column":80}},"line":33},"8":{"name":"(anonymous_8)","decl":{"start":{"line":35,"column":22},"end":{"line":35,"column":23}},"loc":{"start":{"line":35,"column":30},"end":{"line":35,"column":43}},"line":35},"9":{"name":"(anonymous_9)","decl":{"start":{"line":38,"column":50},"end":{"line":38,"column":51}},"loc":{"start":{"line":39,"column":12},"end":{"line":64,"column":72}},"line":39},"10":{"name":"(anonymous_10)","decl":{"start":{"line":40,"column":22},"end":{"line":40,"column":23}},"loc":{"start":{"line":40,"column":30},"end":{"line":47,"column":17}},"line":40},"11":{"name":"(anonymous_11)","decl":{"start":{"line":48,"column":22},"end":{"line":48,"column":23}},"loc":{"start":{"line":49,"column":20},"end":{"line":49,"column":167}},"line":49},"12":{"name":"(anonymous_12)","decl":{"start":{"line":51,"column":22},"end":{"line":51,"column":23}},"loc":{"start":{"line":51,"column":28},"end":{"line":51,"column":53}},"line":51},"13":{"name":"(anonymous_13)","decl":{"start":{"line":52,"column":22},"end":{"line":52,"column":23}},"loc":{"start":{"line":52,"column":30},"end":{"line":63,"column":17}},"line":52},"14":{"name":"(anonymous_14)","decl":{"start":{"line":64,"column":22},"end":{"line":64,"column":23}},"loc":{"start":{"line":64,"column":39},"end":{"line":64,"column":71}},"line":64},"15":{"name":"(anonymous_15)","decl":{"start":{"line":68,"column":45},"end":{"line":68,"column":46}},"loc":{"start":{"line":68,"column":51},"end":{"line":81,"column":5}},"line":68},"16":{"name":"(anonymous_16)","decl":{"start":{"line":69,"column":19},"end":{"line":69,"column":20}},"loc":{"start":{"line":69,"column":25},"end":{"line":69,"column":58}},"line":69},"17":{"name":"(anonymous_17)","decl":{"start":{"line":69,"column":48},"end":{"line":69,"column":49}},"loc":{"start":{"line":69,"column":54},"end":{"line":69,"column":57}},"line":69},"18":{"name":"(anonymous_18)","decl":{"start":{"line":71,"column":63},"end":{"line":71,"column":64}},"loc":{"start":{"line":72,"column":12},"end":{"line":79,"column":32}},"line":72},"19":{"name":"(anonymous_19)","decl":{"start":{"line":73,"column":22},"end":{"line":73,"column":23}},"loc":{"start":{"line":73,"column":28},"end":{"line":73,"column":78}},"line":73},"20":{"name":"(anonymous_20)","decl":{"start":{"line":74,"column":23},"end":{"line":74,"column":24}},"loc":{"start":{"line":74,"column":40},"end":{"line":78,"column":17}},"line":74},"21":{"name":"(anonymous_21)","decl":{"start":{"line":79,"column":22},"end":{"line":79,"column":23}},"loc":{"start":{"line":79,"column":28},"end":{"line":79,"column":31}},"line":79},"22":{"name":"(anonymous_22)","decl":{"start":{"line":83,"column":45},"end":{"line":83,"column":46}},"loc":{"start":{"line":83,"column":51},"end":{"line":100,"column":5}},"line":83},"23":{"name":"(anonymous_23)","decl":{"start":{"line":84,"column":19},"end":{"line":84,"column":20}},"loc":{"start":{"line":85,"column":12},"end":{"line":88,"column":32}},"line":85},"24":{"name":"(anonymous_24)","decl":{"start":{"line":86,"column":22},"end":{"line":86,"column":23}},"loc":{"start":{"line":86,"column":34},"end":{"line":86,"column":42}},"line":86},"25":{"name":"(anonymous_25)","decl":{"start":{"line":87,"column":22},"end":{"line":87,"column":23}},"loc":{"start":{"line":87,"column":28},"end":{"line":87,"column":88}},"line":87},"26":{"name":"(anonymous_26)","decl":{"start":{"line":88,"column":22},"end":{"line":88,"column":23}},"loc":{"start":{"line":88,"column":28},"end":{"line":88,"column":31}},"line":88},"27":{"name":"(anonymous_27)","decl":{"start":{"line":91,"column":61},"end":{"line":91,"column":62}},"loc":{"start":{"line":92,"column":12},"end":{"line":98,"column":32}},"line":92},"28":{"name":"(anonymous_28)","decl":{"start":{"line":93,"column":22},"end":{"line":93,"column":23}},"loc":{"start":{"line":93,"column":28},"end":{"line":93,"column":78}},"line":93},"29":{"name":"(anonymous_29)","decl":{"start":{"line":94,"column":23},"end":{"line":94,"column":24}},"loc":{"start":{"line":94,"column":40},"end":{"line":97,"column":17}},"line":94},"30":{"name":"(anonymous_30)","decl":{"start":{"line":98,"column":22},"end":{"line":98,"column":23}},"loc":{"start":{"line":98,"column":28},"end":{"line":98,"column":31}},"line":98},"31":{"name":"(anonymous_31)","decl":{"start":{"line":102,"column":37},"end":{"line":102,"column":38}},"loc":{"start":{"line":102,"column":43},"end":{"line":116,"column":5}},"line":102},"32":{"name":"(anonymous_32)","decl":{"start":{"line":103,"column":19},"end":{"line":103,"column":20}},"loc":{"start":{"line":103,"column":25},"end":{"line":104,"column":28}},"line":103},"33":{"name":"(anonymous_33)","decl":{"start":{"line":104,"column":18},"end":{"line":104,"column":19}},"loc":{"start":{"line":104,"column":24},"end":{"line":104,"column":27}},"line":104},"34":{"name":"(anonymous_34)","decl":{"start":{"line":107,"column":61},"end":{"line":107,"column":62}},"loc":{"start":{"line":108,"column":12},"end":{"line":114,"column":32}},"line":108},"35":{"name":"(anonymous_35)","decl":{"start":{"line":109,"column":22},"end":{"line":109,"column":23}},"loc":{"start":{"line":109,"column":28},"end":{"line":109,"column":78}},"line":109},"36":{"name":"(anonymous_36)","decl":{"start":{"line":110,"column":23},"end":{"line":110,"column":24}},"loc":{"start":{"line":110,"column":40},"end":{"line":113,"column":17}},"line":110},"37":{"name":"(anonymous_37)","decl":{"start":{"line":114,"column":22},"end":{"line":114,"column":23}},"loc":{"start":{"line":114,"column":28},"end":{"line":114,"column":31}},"line":114},"38":{"name":"(anonymous_38)","decl":{"start":{"line":118,"column":30},"end":{"line":118,"column":31}},"loc":{"start":{"line":118,"column":36},"end":{"line":170,"column":5}},"line":118},"39":{"name":"(anonymous_39)","decl":{"start":{"line":120,"column":19},"end":{"line":120,"column":20}},"loc":{"start":{"line":121,"column":12},"end":{"line":126,"column":32}},"line":121},"40":{"name":"(anonymous_40)","decl":{"start":{"line":122,"column":22},"end":{"line":122,"column":23}},"loc":{"start":{"line":122,"column":34},"end":{"line":125,"column":17}},"line":122},"41":{"name":"(anonymous_41)","decl":{"start":{"line":126,"column":22},"end":{"line":126,"column":23}},"loc":{"start":{"line":126,"column":28},"end":{"line":126,"column":31}},"line":126},"42":{"name":"(anonymous_42)","decl":{"start":{"line":129,"column":50},"end":{"line":129,"column":51}},"loc":{"start":{"line":129,"column":56},"end":{"line":141,"column":9}},"line":129},"43":{"name":"(anonymous_43)","decl":{"start":{"line":131,"column":19},"end":{"line":131,"column":20}},"loc":{"start":{"line":131,"column":25},"end":{"line":131,"column":70}},"line":131},"44":{"name":"(anonymous_44)","decl":{"start":{"line":134,"column":19},"end":{"line":134,"column":20}},"loc":{"start":{"line":134,"column":25},"end":{"line":134,"column":70}},"line":134},"45":{"name":"(anonymous_45)","decl":{"start":{"line":137,"column":19},"end":{"line":137,"column":20}},"loc":{"start":{"line":137,"column":25},"end":{"line":137,"column":70}},"line":137},"46":{"name":"(anonymous_46)","decl":{"start":{"line":140,"column":19},"end":{"line":140,"column":20}},"loc":{"start":{"line":140,"column":25},"end":{"line":140,"column":70}},"line":140},"47":{"name":"(anonymous_47)","decl":{"start":{"line":143,"column":47},"end":{"line":143,"column":48}},"loc":{"start":{"line":143,"column":53},"end":{"line":155,"column":9}},"line":143},"48":{"name":"(anonymous_48)","decl":{"start":{"line":145,"column":19},"end":{"line":145,"column":20}},"loc":{"start":{"line":145,"column":25},"end":{"line":145,"column":57}},"line":145},"49":{"name":"(anonymous_49)","decl":{"start":{"line":148,"column":19},"end":{"line":148,"column":20}},"loc":{"start":{"line":148,"column":25},"end":{"line":148,"column":57}},"line":148},"50":{"name":"(anonymous_50)","decl":{"start":{"line":151,"column":19},"end":{"line":151,"column":20}},"loc":{"start":{"line":151,"column":25},"end":{"line":151,"column":57}},"line":151},"51":{"name":"(anonymous_51)","decl":{"start":{"line":154,"column":19},"end":{"line":154,"column":20}},"loc":{"start":{"line":154,"column":25},"end":{"line":154,"column":57}},"line":154},"52":{"name":"(anonymous_52)","decl":{"start":{"line":157,"column":51},"end":{"line":157,"column":52}},"loc":{"start":{"line":157,"column":57},"end":{"line":169,"column":9}},"line":157},"53":{"name":"(anonymous_53)","decl":{"start":{"line":159,"column":19},"end":{"line":159,"column":20}},"loc":{"start":{"line":159,"column":25},"end":{"line":159,"column":71}},"line":159},"54":{"name":"(anonymous_54)","decl":{"start":{"line":162,"column":19},"end":{"line":162,"column":20}},"loc":{"start":{"line":162,"column":25},"end":{"line":162,"column":71}},"line":162},"55":{"name":"(anonymous_55)","decl":{"start":{"line":165,"column":19},"end":{"line":165,"column":20}},"loc":{"start":{"line":165,"column":25},"end":{"line":165,"column":71}},"line":165},"56":{"name":"(anonymous_56)","decl":{"start":{"line":168,"column":19},"end":{"line":168,"column":20}},"loc":{"start":{"line":168,"column":25},"end":{"line":168,"column":71}},"line":168},"57":{"name":"(anonymous_57)","decl":{"start":{"line":172,"column":10},"end":{"line":172,"column":11}},"loc":{"start":{"line":173,"column":8},"end":{"line":174,"column":46}},"line":173},"58":{"name":"(anonymous_58)","decl":{"start":{"line":174,"column":18},"end":{"line":174,"column":19}},"loc":{"start":{"line":174,"column":24},"end":{"line":174,"column":45}},"line":174}},"branchMap":{},"s":{"0":1,"1":1,"2":1,"3":1,"4":1,"5":1,"6":1,"7":1,"8":1,"9":1,"10":1,"11":1,"12":1,"13":7,"14":7,"15":7,"16":7,"17":7,"18":7,"19":1,"20":1,"21":1,"22":1,"23":1,"24":1,"25":1,"26":1,"27":1,"28":1,"29":1,"30":1,"31":1,"32":1,"33":1,"34":1,"35":1,"36":1,"37":1,"38":1,"39":1,"40":1,"41":1,"42":1,"43":1,"44":1,"45":1,"46":1,"47":1,"48":1,"49":0,"50":1,"51":1,"52":1,"53":1,"54":1,"55":1,"56":1,"57":1,"58":1,"59":0,"60":1,"61":1,"62":1,"63":1,"64":1,"65":1,"66":1,"67":0,"68":1,"69":1,"70":1,"71":1,"72":3,"73":3,"74":3,"75":1,"76":1,"77":1,"78":1,"79":1,"80":1,"81":1,"82":1,"83":1,"84":1,"85":1,"86":1,"87":1,"88":1,"89":1,"90":1,"91":1,"92":1,"93":1,"94":1,"95":1,"96":1,"97":1,"98":1,"99":1,"100":1,"101":1,"102":1,"103":1,"104":1,"105":1,"106":1,"107":1,"108":1,"109":1,"110":1,"111":1,"112":1,"113":1,"114":1,"115":1,"116":1},"f":{"0":1,"1":1,"2":1,"3":1,"4":7,"5":1,"6":1,"7":1,"8":1,"9":1,"10":1,"11":1,"12":1,"13":1,"14":1,"15":1,"16":1,"17":1,"18":1,"19":0,"20":1,"21":1,"22":1,"23":1,"24":1,"25":1,"26":1,"27":1,"28":0,"29":1,"30":1,"31":1,"32":1,"33":1,"34":1,"35":0,"36":1,"37":1,"38":1,"39":3,"40":3,"41":3,"42":1,"43":1,"44":1,"45":1,"46":1,"47":1,"48":1,"49":1,"50":1,"51":1,"52":1,"53":1,"54":1,"55":1,"56":1,"57":1,"58":1},"b":{},"_coverageSchema":"1a1c01bbd47fc00a2c39e90264f33305004495a9","hash":"2fd2bcc45891d2323c8e9cab6f1491157b4da86c","contentHash":"c8287ee93ca5d0cf639c57e64576b0f8dd61344056c6a2efc6305617282f1ed3"},"C:\\Users\\Alex\\bootcamp\\collab\\skylab-bootcamp-202001\\staff\\alex-park\\poopinion\\poopinion-api\\logic\\update-user.js":{"path":"C:\\Users\\Alex\\bootcamp\\collab\\skylab-bootcamp-202001\\staff\\alex-park\\poopinion\\poopinion-api\\logic\\update-user.js","statementMap":{"0":{"start":{"line":1,"column":21},"end":{"line":1,"column":47}},"1":{"start":{"line":2,"column":29},"end":{"line":2,"column":54}},"2":{"start":{"line":3,"column":43},"end":{"line":3,"column":70}},"3":{"start":{"line":4,"column":15},"end":{"line":4,"column":34}},"4":{"start":{"line":19,"column":0},"end":{"line":57,"column":1}},"5":{"start":{"line":20,"column":4},"end":{"line":20,"column":29}},"6":{"start":{"line":21,"column":4},"end":{"line":21,"column":39}},"7":{"start":{"line":22,"column":4},"end":{"line":22,"column":41}},"8":{"start":{"line":24,"column":28},"end":{"line":24,"column":32}},"9":{"start":{"line":26,"column":4},"end":{"line":28,"column":5}},"10":{"start":{"line":27,"column":8},"end":{"line":27,"column":51}},"11":{"start":{"line":30,"column":4},"end":{"line":56,"column":10}},"12":{"start":{"line":32,"column":12},"end":{"line":32,"column":83}},"13":{"start":{"line":32,"column":23},"end":{"line":32,"column":83}},"14":{"start":{"line":33,"column":12},"end":{"line":33,"column":96}},"15":{"start":{"line":33,"column":34},"end":{"line":33,"column":96}},"16":{"start":{"line":35,"column":12},"end":{"line":55,"column":18}},"17":{"start":{"line":37,"column":20},"end":{"line":37,"column":86}},"18":{"start":{"line":37,"column":40},"end":{"line":37,"column":86}},"19":{"start":{"line":39,"column":20},"end":{"line":39,"column":69}},"20":{"start":{"line":42,"column":20},"end":{"line":54,"column":21}},"21":{"start":{"line":43,"column":24},"end":{"line":53,"column":44}},"22":{"start":{"line":44,"column":45},"end":{"line":44,"column":107}},"23":{"start":{"line":45,"column":40},"end":{"line":45,"column":57}},"24":{"start":{"line":47,"column":32},"end":{"line":47,"column":52}},"25":{"start":{"line":48,"column":32},"end":{"line":48,"column":64}},"26":{"start":{"line":49,"column":32},"end":{"line":49,"column":55}},"27":{"start":{"line":51,"column":32},"end":{"line":51,"column":50}}},"fnMap":{"0":{"name":"(anonymous_0)","decl":{"start":{"line":19,"column":17},"end":{"line":19,"column":18}},"loc":{"start":{"line":19,"column":41},"end":{"line":57,"column":1}},"line":19},"1":{"name":"(anonymous_1)","decl":{"start":{"line":31,"column":14},"end":{"line":31,"column":15}},"loc":{"start":{"line":31,"column":22},"end":{"line":56,"column":9}},"line":31},"2":{"name":"(anonymous_2)","decl":{"start":{"line":36,"column":22},"end":{"line":36,"column":23}},"loc":{"start":{"line":36,"column":39},"end":{"line":40,"column":17}},"line":36},"3":{"name":"(anonymous_3)","decl":{"start":{"line":41,"column":22},"end":{"line":41,"column":23}},"loc":{"start":{"line":41,"column":28},"end":{"line":55,"column":17}},"line":41},"4":{"name":"(anonymous_4)","decl":{"start":{"line":44,"column":34},"end":{"line":44,"column":35}},"loc":{"start":{"line":44,"column":45},"end":{"line":44,"column":107}},"line":44},"5":{"name":"(anonymous_5)","decl":{"start":{"line":45,"column":34},"end":{"line":45,"column":35}},"loc":{"start":{"line":45,"column":40},"end":{"line":45,"column":57}},"line":45},"6":{"name":"(anonymous_6)","decl":{"start":{"line":46,"column":34},"end":{"line":46,"column":35}},"loc":{"start":{"line":46,"column":42},"end":{"line":52,"column":29}},"line":46},"7":{"name":"(anonymous_7)","decl":{"start":{"line":53,"column":34},"end":{"line":53,"column":35}},"loc":{"start":{"line":53,"column":40},"end":{"line":53,"column":43}},"line":53}},"branchMap":{"0":{"loc":{"start":{"line":26,"column":4},"end":{"line":28,"column":5}},"type":"if","locations":[{"start":{"line":26,"column":4},"end":{"line":28,"column":5}},{"start":{"line":26,"column":4},"end":{"line":28,"column":5}}],"line":26},"1":{"loc":{"start":{"line":32,"column":12},"end":{"line":32,"column":83}},"type":"if","locations":[{"start":{"line":32,"column":12},"end":{"line":32,"column":83}},{"start":{"line":32,"column":12},"end":{"line":32,"column":83}}],"line":32},"2":{"loc":{"start":{"line":33,"column":12},"end":{"line":33,"column":96}},"type":"if","locations":[{"start":{"line":33,"column":12},"end":{"line":33,"column":96}},{"start":{"line":33,"column":12},"end":{"line":33,"column":96}}],"line":33},"3":{"loc":{"start":{"line":37,"column":20},"end":{"line":37,"column":86}},"type":"if","locations":[{"start":{"line":37,"column":20},"end":{"line":37,"column":86}},{"start":{"line":37,"column":20},"end":{"line":37,"column":86}}],"line":37},"4":{"loc":{"start":{"line":42,"column":20},"end":{"line":54,"column":21}},"type":"if","locations":[{"start":{"line":42,"column":20},"end":{"line":54,"column":21}},{"start":{"line":42,"column":20},"end":{"line":54,"column":21}}],"line":42}},"s":{"0":1,"1":1,"2":1,"3":1,"4":1,"5":16,"6":12,"7":8,"8":4,"9":4,"10":0,"11":4,"12":4,"13":1,"14":3,"15":2,"16":1,"17":1,"18":0,"19":1,"20":1,"21":0,"22":0,"23":0,"24":0,"25":0,"26":0,"27":0},"f":{"0":16,"1":4,"2":1,"3":1,"4":0,"5":0,"6":0,"7":0},"b":{"0":[0,4],"1":[1,3],"2":[2,1],"3":[0,1],"4":[0,1]},"_coverageSchema":"1a1c01bbd47fc00a2c39e90264f33305004495a9","hash":"b8fd54e2405b02a8e76253afed91273cf200c812","contentHash":"142f2d1a6c3e7897aaeaf344bb1b5899fd0555e2f8e5634532857045c9e3d4b6"}}